{"numFailedTestSuites":8,"numFailedTests":9,"numPassedTestSuites":28,"numPassedTests":241,"numPendingTestSuites":0,"numPendingTests":0,"numRuntimeErrorTestSuites":4,"numTodoTests":0,"numTotalTestSuites":36,"numTotalTests":250,"openHandles":[],"snapshot":{"added":0,"didUpdate":false,"failure":false,"filesAdded":0,"filesRemoved":0,"filesRemovedList":[],"filesUnmatched":0,"filesUpdated":0,"matched":0,"total":0,"unchecked":0,"uncheckedKeysByFile":[],"unmatched":0,"updated":0},"startTime":1773090243073,"success":false,"testResults":[{"assertionResults":[{"ancestorTitles":["Module Loading System","iOS Compatibility"],"duration":2,"failureDetails":[],"failureMessages":[],"fullName":"Module Loading System iOS Compatibility should detect iOS version","invocations":1,"location":null,"numPassingAsserts":0,"retryReasons":[],"status":"passed","title":"should detect iOS version"},{"ancestorTitles":["Module Loading System","iOS Compatibility"],"duration":2,"failureDetails":[],"failureMessages":[],"fullName":"Module Loading System iOS Compatibility should identify iOS 26 beta","invocations":1,"location":null,"numPassingAsserts":1,"retryReasons":[],"status":"passed","title":"should identify iOS 26 beta"},{"ancestorTitles":["Module Loading System","iOS Compatibility"],"duration":2,"failureDetails":[],"failureMessages":[],"fullName":"Module Loading System iOS Compatibility should check module compatibility","invocations":1,"location":null,"numPassingAsserts":2,"retryReasons":[],"status":"passed","title":"should check module compatibility"},{"ancestorTitles":["Module Loading System","iOS Compatibility"],"duration":0,"failureDetails":[],"failureMessages":[],"fullName":"Module Loading System iOS Compatibility should provide reason for incompatible modules","invocations":1,"location":null,"numPassingAsserts":0,"retryReasons":[],"status":"passed","title":"should provide reason for incompatible modules"},{"ancestorTitles":["Module Loading System","TurboModule Wrapper"],"duration":1,"failureDetails":[],"failureMessages":[],"fullName":"Module Loading System TurboModule Wrapper should get module status","invocations":1,"location":null,"numPassingAsserts":1,"retryReasons":[],"status":"passed","title":"should get module status"},{"ancestorTitles":["Module Loading System","TurboModule Wrapper"],"duration":1,"failureDetails":[],"failureMessages":[],"fullName":"Module Loading System TurboModule Wrapper should check module availability","invocations":1,"location":null,"numPassingAsserts":1,"retryReasons":[],"status":"passed","title":"should check module availability"},{"ancestorTitles":["Module Loading System","TurboModule Wrapper"],"duration":5006,"failureDetails":[{"message":"thrown: \"Exceeded timeout of 5000 ms for a test.\nAdd a timeout value to this test to increase the timeout, if this is a long-running test. See https://jestjs.io/docs/api#testname-fn-timeout.\""}],"failureMessages":["Error: thrown: \"Exceeded timeout of 5000 ms for a test.\nAdd a timeout value to this test to increase the timeout, if this is a long-running test. See https://jestjs.io/docs/api#testname-fn-timeout.\"\n    at C:\\Users\\IsacC\\Downloads\\DeeplifeSim-main OLD-WORKING(1.8.6)\\DeeplifeSim-main\\__tests__\\startup\\moduleLoading.test.ts:55:5\n    at _dispatchDescribe (C:\\Users\\IsacC\\Downloads\\DeeplifeSim-main OLD-WORKING(1.8.6)\\DeeplifeSim-main\\node_modules\\jest-circus\\build\\index.js:91:26)\n    at describe (C:\\Users\\IsacC\\Downloads\\DeeplifeSim-main OLD-WORKING(1.8.6)\\DeeplifeSim-main\\node_modules\\jest-circus\\build\\index.js:55:5)\n    at C:\\Users\\IsacC\\Downloads\\DeeplifeSim-main OLD-WORKING(1.8.6)\\DeeplifeSim-main\\__tests__\\startup\\moduleLoading.test.ts:44:3\n    at _dispatchDescribe (C:\\Users\\IsacC\\Downloads\\DeeplifeSim-main OLD-WORKING(1.8.6)\\DeeplifeSim-main\\node_modules\\jest-circus\\build\\index.js:91:26)\n    at describe (C:\\Users\\IsacC\\Downloads\\DeeplifeSim-main OLD-WORKING(1.8.6)\\DeeplifeSim-main\\node_modules\\jest-circus\\build\\index.js:55:5)\n    at Object.<anonymous> (C:\\Users\\IsacC\\Downloads\\DeeplifeSim-main OLD-WORKING(1.8.6)\\DeeplifeSim-main\\__tests__\\startup\\moduleLoading.test.ts:11:1)\n    at Runtime._execModule (C:\\Users\\IsacC\\Downloads\\DeeplifeSim-main OLD-WORKING(1.8.6)\\DeeplifeSim-main\\node_modules\\jest-runtime\\build\\index.js:1439:24)\n    at Runtime._loadModule (C:\\Users\\IsacC\\Downloads\\DeeplifeSim-main OLD-WORKING(1.8.6)\\DeeplifeSim-main\\node_modules\\jest-runtime\\build\\index.js:1022:12)\n    at Runtime.requireModule (C:\\Users\\IsacC\\Downloads\\DeeplifeSim-main OLD-WORKING(1.8.6)\\DeeplifeSim-main\\node_modules\\jest-runtime\\build\\index.js:882:12)\n    at jestAdapter (C:\\Users\\IsacC\\Downloads\\DeeplifeSim-main OLD-WORKING(1.8.6)\\DeeplifeSim-main\\node_modules\\jest-circus\\build\\legacy-code-todo-rewrite\\jestAdapter.js:77:13)\n    at runTestInternal (C:\\Users\\IsacC\\Downloads\\DeeplifeSim-main OLD-WORKING(1.8.6)\\DeeplifeSim-main\\node_modules\\jest-runner\\build\\runTest.js:367:16)\n    at runTest (C:\\Users\\IsacC\\Downloads\\DeeplifeSim-main OLD-WORKING(1.8.6)\\DeeplifeSim-main\\node_modules\\jest-runner\\build\\runTest.js:444:34)"],"fullName":"Module Loading System TurboModule Wrapper should lazy load modules with compatibility check","invocations":1,"location":null,"numPassingAsserts":0,"retryReasons":[],"status":"failed","title":"should lazy load modules with compatibility check"},{"ancestorTitles":["Module Loading System","TurboModule Wrapper"],"duration":1,"failureDetails":[],"failureMessages":[],"fullName":"Module Loading System TurboModule Wrapper should handle incompatible modules gracefully","invocations":1,"location":null,"numPassingAsserts":1,"retryReasons":[],"status":"passed","title":"should handle incompatible modules gracefully"},{"ancestorTitles":["Module Loading System","Module Loader"],"duration":1,"failureDetails":[],"failureMessages":[],"fullName":"Module Loading System Module Loader should load modules safely","invocations":1,"location":null,"numPassingAsserts":4,"retryReasons":[],"status":"passed","title":"should load modules safely"},{"ancestorTitles":["Module Loading System","Module Loader"],"duration":5014,"failureDetails":[{"message":"thrown: \"Exceeded timeout of 5000 ms for a test.\nAdd a timeout value to this test to increase the timeout, if this is a long-running test. See https://jestjs.io/docs/api#testname-fn-timeout.\""}],"failureMessages":["Error: thrown: \"Exceeded timeout of 5000 ms for a test.\nAdd a timeout value to this test to increase the timeout, if this is a long-running test. See https://jestjs.io/docs/api#testname-fn-timeout.\"\n    at C:\\Users\\IsacC\\Downloads\\DeeplifeSim-main OLD-WORKING(1.8.6)\\DeeplifeSim-main\\__tests__\\startup\\moduleLoading.test.ts:90:5\n    at _dispatchDescribe (C:\\Users\\IsacC\\Downloads\\DeeplifeSim-main OLD-WORKING(1.8.6)\\DeeplifeSim-main\\node_modules\\jest-circus\\build\\index.js:91:26)\n    at describe (C:\\Users\\IsacC\\Downloads\\DeeplifeSim-main OLD-WORKING(1.8.6)\\DeeplifeSim-main\\node_modules\\jest-circus\\build\\index.js:55:5)\n    at C:\\Users\\IsacC\\Downloads\\DeeplifeSim-main OLD-WORKING(1.8.6)\\DeeplifeSim-main\\__tests__\\startup\\moduleLoading.test.ts:77:3\n    at _dispatchDescribe (C:\\Users\\IsacC\\Downloads\\DeeplifeSim-main OLD-WORKING(1.8.6)\\DeeplifeSim-main\\node_modules\\jest-circus\\build\\index.js:91:26)\n    at describe (C:\\Users\\IsacC\\Downloads\\DeeplifeSim-main OLD-WORKING(1.8.6)\\DeeplifeSim-main\\node_modules\\jest-circus\\build\\index.js:55:5)\n    at Object.<anonymous> (C:\\Users\\IsacC\\Downloads\\DeeplifeSim-main OLD-WORKING(1.8.6)\\DeeplifeSim-main\\__tests__\\startup\\moduleLoading.test.ts:11:1)\n    at Runtime._execModule (C:\\Users\\IsacC\\Downloads\\DeeplifeSim-main OLD-WORKING(1.8.6)\\DeeplifeSim-main\\node_modules\\jest-runtime\\build\\index.js:1439:24)\n    at Runtime._loadModule (C:\\Users\\IsacC\\Downloads\\DeeplifeSim-main OLD-WORKING(1.8.6)\\DeeplifeSim-main\\node_modules\\jest-runtime\\build\\index.js:1022:12)\n    at Runtime.requireModule (C:\\Users\\IsacC\\Downloads\\DeeplifeSim-main OLD-WORKING(1.8.6)\\DeeplifeSim-main\\node_modules\\jest-runtime\\build\\index.js:882:12)\n    at jestAdapter (C:\\Users\\IsacC\\Downloads\\DeeplifeSim-main OLD-WORKING(1.8.6)\\DeeplifeSim-main\\node_modules\\jest-circus\\build\\legacy-code-todo-rewrite\\jestAdapter.js:77:13)\n    at runTestInternal (C:\\Users\\IsacC\\Downloads\\DeeplifeSim-main OLD-WORKING(1.8.6)\\DeeplifeSim-main\\node_modules\\jest-runner\\build\\runTest.js:367:16)\n    at runTest (C:\\Users\\IsacC\\Downloads\\DeeplifeSim-main OLD-WORKING(1.8.6)\\DeeplifeSim-main\\node_modules\\jest-runner\\build\\runTest.js:444:34)"],"fullName":"Module Loading System Module Loader should provide error information on failure","invocations":1,"location":null,"numPassingAsserts":1,"retryReasons":[],"status":"failed","title":"should provide error information on failure"},{"ancestorTitles":["Module Loading System","Module Loader"],"duration":1,"failureDetails":[],"failureMessages":[],"fullName":"Module Loading System Module Loader should get module loading health","invocations":1,"location":null,"numPassingAsserts":5,"retryReasons":[],"status":"passed","title":"should get module loading health"},{"ancestorTitles":["Module Loading System","Module Dependencies"],"duration":10141,"failureDetails":[{"message":"thrown: \"Exceeded timeout of 10000 ms for a test.\nAdd a timeout value to this test to increase the timeout, if this is a long-running test. See https://jestjs.io/docs/api#testname-fn-timeout.\""}],"failureMessages":["Error: thrown: \"Exceeded timeout of 10000 ms for a test.\nAdd a timeout value to this test to increase the timeout, if this is a long-running test. See https://jestjs.io/docs/api#testname-fn-timeout.\"\n    at C:\\Users\\IsacC\\Downloads\\DeeplifeSim-main OLD-WORKING(1.8.6)\\DeeplifeSim-main\\__tests__\\startup\\moduleLoading.test.ts:115:5\n    at _dispatchDescribe (C:\\Users\\IsacC\\Downloads\\DeeplifeSim-main OLD-WORKING(1.8.6)\\DeeplifeSim-main\\node_modules\\jest-circus\\build\\index.js:91:26)\n    at describe (C:\\Users\\IsacC\\Downloads\\DeeplifeSim-main OLD-WORKING(1.8.6)\\DeeplifeSim-main\\node_modules\\jest-circus\\build\\index.js:55:5)\n    at C:\\Users\\IsacC\\Downloads\\DeeplifeSim-main OLD-WORKING(1.8.6)\\DeeplifeSim-main\\__tests__\\startup\\moduleLoading.test.ts:114:3\n    at _dispatchDescribe (C:\\Users\\IsacC\\Downloads\\DeeplifeSim-main OLD-WORKING(1.8.6)\\DeeplifeSim-main\\node_modules\\jest-circus\\build\\index.js:91:26)\n    at describe (C:\\Users\\IsacC\\Downloads\\DeeplifeSim-main OLD-WORKING(1.8.6)\\DeeplifeSim-main\\node_modules\\jest-circus\\build\\index.js:55:5)\n    at Object.<anonymous> (C:\\Users\\IsacC\\Downloads\\DeeplifeSim-main OLD-WORKING(1.8.6)\\DeeplifeSim-main\\__tests__\\startup\\moduleLoading.test.ts:11:1)\n    at Runtime._execModule (C:\\Users\\IsacC\\Downloads\\DeeplifeSim-main OLD-WORKING(1.8.6)\\DeeplifeSim-main\\node_modules\\jest-runtime\\build\\index.js:1439:24)\n    at Runtime._loadModule (C:\\Users\\IsacC\\Downloads\\DeeplifeSim-main OLD-WORKING(1.8.6)\\DeeplifeSim-main\\node_modules\\jest-runtime\\build\\index.js:1022:12)\n    at Runtime.requireModule (C:\\Users\\IsacC\\Downloads\\DeeplifeSim-main OLD-WORKING(1.8.6)\\DeeplifeSim-main\\node_modules\\jest-runtime\\build\\index.js:882:12)\n    at jestAdapter (C:\\Users\\IsacC\\Downloads\\DeeplifeSim-main OLD-WORKING(1.8.6)\\DeeplifeSim-main\\node_modules\\jest-circus\\build\\legacy-code-todo-rewrite\\jestAdapter.js:77:13)\n    at runTestInternal (C:\\Users\\IsacC\\Downloads\\DeeplifeSim-main OLD-WORKING(1.8.6)\\DeeplifeSim-main\\node_modules\\jest-runner\\build\\runTest.js:367:16)\n    at runTest (C:\\Users\\IsacC\\Downloads\\DeeplifeSim-main OLD-WORKING(1.8.6)\\DeeplifeSim-main\\node_modules\\jest-runner\\build\\runTest.js:444:34)"],"fullName":"Module Loading System Module Dependencies should handle module dependencies","invocations":1,"location":null,"numPassingAsserts":0,"retryReasons":[],"status":"failed","title":"should handle module dependencies"},{"ancestorTitles":["Module Loading System","Fallback System"],"duration":1,"failureDetails":[],"failureMessages":[],"fullName":"Module Loading System Fallback System should return fallback for unavailable modules","invocations":1,"location":null,"numPassingAsserts":0,"retryReasons":[],"status":"passed","title":"should return fallback for unavailable modules"},{"ancestorTitles":["Module Loading System","Error Handling"],"duration":5016,"failureDetails":[{"message":"thrown: \"Exceeded timeout of 5000 ms for a test.\nAdd a timeout value to this test to increase the timeout, if this is a long-running test. See https://jestjs.io/docs/api#testname-fn-timeout.\""}],"failureMessages":["Error: thrown: \"Exceeded timeout of 5000 ms for a test.\nAdd a timeout value to this test to increase the timeout, if this is a long-running test. See https://jestjs.io/docs/api#testname-fn-timeout.\"\n    at C:\\Users\\IsacC\\Downloads\\DeeplifeSim-main OLD-WORKING(1.8.6)\\DeeplifeSim-main\\__tests__\\startup\\moduleLoading.test.ts:143:5\n    at _dispatchDescribe (C:\\Users\\IsacC\\Downloads\\DeeplifeSim-main OLD-WORKING(1.8.6)\\DeeplifeSim-main\\node_modules\\jest-circus\\build\\index.js:91:26)\n    at describe (C:\\Users\\IsacC\\Downloads\\DeeplifeSim-main OLD-WORKING(1.8.6)\\DeeplifeSim-main\\node_modules\\jest-circus\\build\\index.js:55:5)\n    at C:\\Users\\IsacC\\Downloads\\DeeplifeSim-main OLD-WORKING(1.8.6)\\DeeplifeSim-main\\__tests__\\startup\\moduleLoading.test.ts:142:3\n    at _dispatchDescribe (C:\\Users\\IsacC\\Downloads\\DeeplifeSim-main OLD-WORKING(1.8.6)\\DeeplifeSim-main\\node_modules\\jest-circus\\build\\index.js:91:26)\n    at describe (C:\\Users\\IsacC\\Downloads\\DeeplifeSim-main OLD-WORKING(1.8.6)\\DeeplifeSim-main\\node_modules\\jest-circus\\build\\index.js:55:5)\n    at Object.<anonymous> (C:\\Users\\IsacC\\Downloads\\DeeplifeSim-main OLD-WORKING(1.8.6)\\DeeplifeSim-main\\__tests__\\startup\\moduleLoading.test.ts:11:1)\n    at Runtime._execModule (C:\\Users\\IsacC\\Downloads\\DeeplifeSim-main OLD-WORKING(1.8.6)\\DeeplifeSim-main\\node_modules\\jest-runtime\\build\\index.js:1439:24)\n    at Runtime._loadModule (C:\\Users\\IsacC\\Downloads\\DeeplifeSim-main OLD-WORKING(1.8.6)\\DeeplifeSim-main\\node_modules\\jest-runtime\\build\\index.js:1022:12)\n    at Runtime.requireModule (C:\\Users\\IsacC\\Downloads\\DeeplifeSim-main OLD-WORKING(1.8.6)\\DeeplifeSim-main\\node_modules\\jest-runtime\\build\\index.js:882:12)\n    at jestAdapter (C:\\Users\\IsacC\\Downloads\\DeeplifeSim-main OLD-WORKING(1.8.6)\\DeeplifeSim-main\\node_modules\\jest-circus\\build\\legacy-code-todo-rewrite\\jestAdapter.js:77:13)\n    at runTestInternal (C:\\Users\\IsacC\\Downloads\\DeeplifeSim-main OLD-WORKING(1.8.6)\\DeeplifeSim-main\\node_modules\\jest-runner\\build\\runTest.js:367:16)\n    at runTest (C:\\Users\\IsacC\\Downloads\\DeeplifeSim-main OLD-WORKING(1.8.6)\\DeeplifeSim-main\\node_modules\\jest-runner\\build\\runTest.js:444:34)"],"fullName":"Module Loading System Error Handling should handle load timeouts","invocations":1,"location":null,"numPassingAsserts":1,"retryReasons":[],"status":"failed","title":"should handle load timeouts"},{"ancestorTitles":["Module Loading System","Error Handling"],"duration":5002,"failureDetails":[{"message":"thrown: \"Exceeded timeout of 5000 ms for a test.\nAdd a timeout value to this test to increase the timeout, if this is a long-running test. See https://jestjs.io/docs/api#testname-fn-timeout.\""}],"failureMessages":["Error: thrown: \"Exceeded timeout of 5000 ms for a test.\nAdd a timeout value to this test to increase the timeout, if this is a long-running test. See https://jestjs.io/docs/api#testname-fn-timeout.\"\n    at C:\\Users\\IsacC\\Downloads\\DeeplifeSim-main OLD-WORKING(1.8.6)\\DeeplifeSim-main\\__tests__\\startup\\moduleLoading.test.ts:153:5\n    at _dispatchDescribe (C:\\Users\\IsacC\\Downloads\\DeeplifeSim-main OLD-WORKING(1.8.6)\\DeeplifeSim-main\\node_modules\\jest-circus\\build\\index.js:91:26)\n    at describe (C:\\Users\\IsacC\\Downloads\\DeeplifeSim-main OLD-WORKING(1.8.6)\\DeeplifeSim-main\\node_modules\\jest-circus\\build\\index.js:55:5)\n    at C:\\Users\\IsacC\\Downloads\\DeeplifeSim-main OLD-WORKING(1.8.6)\\DeeplifeSim-main\\__tests__\\startup\\moduleLoading.test.ts:142:3\n    at _dispatchDescribe (C:\\Users\\IsacC\\Downloads\\DeeplifeSim-main OLD-WORKING(1.8.6)\\DeeplifeSim-main\\node_modules\\jest-circus\\build\\index.js:91:26)\n    at describe (C:\\Users\\IsacC\\Downloads\\DeeplifeSim-main OLD-WORKING(1.8.6)\\DeeplifeSim-main\\node_modules\\jest-circus\\build\\index.js:55:5)\n    at Object.<anonymous> (C:\\Users\\IsacC\\Downloads\\DeeplifeSim-main OLD-WORKING(1.8.6)\\DeeplifeSim-main\\__tests__\\startup\\moduleLoading.test.ts:11:1)\n    at Runtime._execModule (C:\\Users\\IsacC\\Downloads\\DeeplifeSim-main OLD-WORKING(1.8.6)\\DeeplifeSim-main\\node_modules\\jest-runtime\\build\\index.js:1439:24)\n    at Runtime._loadModule (C:\\Users\\IsacC\\Downloads\\DeeplifeSim-main OLD-WORKING(1.8.6)\\DeeplifeSim-main\\node_modules\\jest-runtime\\build\\index.js:1022:12)\n    at Runtime.requireModule (C:\\Users\\IsacC\\Downloads\\DeeplifeSim-main OLD-WORKING(1.8.6)\\DeeplifeSim-main\\node_modules\\jest-runtime\\build\\index.js:882:12)\n    at jestAdapter (C:\\Users\\IsacC\\Downloads\\DeeplifeSim-main OLD-WORKING(1.8.6)\\DeeplifeSim-main\\node_modules\\jest-circus\\build\\legacy-code-todo-rewrite\\jestAdapter.js:77:13)\n    at runTestInternal (C:\\Users\\IsacC\\Downloads\\DeeplifeSim-main OLD-WORKING(1.8.6)\\DeeplifeSim-main\\node_modules\\jest-runner\\build\\runTest.js:367:16)\n    at runTest (C:\\Users\\IsacC\\Downloads\\DeeplifeSim-main OLD-WORKING(1.8.6)\\DeeplifeSim-main\\node_modules\\jest-runner\\build\\runTest.js:444:34)"],"fullName":"Module Loading System Error Handling should handle load errors gracefully","invocations":1,"location":null,"numPassingAsserts":1,"retryReasons":[],"status":"failed","title":"should handle load errors gracefully"}],"endTime":1773090277881,"message":"  ● Module Loading System › TurboModule Wrapper › should lazy load modules with compatibility check\n\n    thrown: \"Exceeded timeout of 5000 ms for a test.\n    Add a timeout value to this test to increase the timeout, if this is a long-running test. See https://jestjs.io/docs/api#testname-fn-timeout.\"\n\n    \u001b[0m \u001b[90m 53 |\u001b[39m     })\u001b[33m;\u001b[39m\n     \u001b[90m 54 |\u001b[39m\n    \u001b[31m\u001b[1m>\u001b[22m\u001b[39m\u001b[90m 55 |\u001b[39m     it(\u001b[32m'should lazy load modules with compatibility check'\u001b[39m\u001b[33m,\u001b[39m \u001b[36masync\u001b[39m () \u001b[33m=>\u001b[39m {\n     \u001b[90m    |\u001b[39m     \u001b[31m\u001b[1m^\u001b[22m\u001b[39m\n     \u001b[90m 56 |\u001b[39m       \u001b[36mconst\u001b[39m module \u001b[33m=\u001b[39m \u001b[36mawait\u001b[39m lazyLoadTurboModule(\u001b[32m'expo-splash-screen'\u001b[39m\u001b[33m,\u001b[39m {\n     \u001b[90m 57 |\u001b[39m         timeout\u001b[33m:\u001b[39m \u001b[35m1000\u001b[39m\u001b[33m,\u001b[39m\n     \u001b[90m 58 |\u001b[39m         fallback\u001b[33m:\u001b[39m \u001b[36mnull\u001b[39m\u001b[33m,\u001b[39m\u001b[0m\n\n      at C:\\Users\\IsacC\\Downloads\\DeeplifeSim-main OLD-WORKING(1.8.6)../../../../../DeeplifeSim-main/__tests__/startup/moduleLoading.test.ts:55:5\n      at C:\\Users\\IsacC\\Downloads\\DeeplifeSim-main OLD-WORKING(1.8.6)../../../../../DeeplifeSim-main/__tests__/startup/moduleLoading.test.ts:44:3\n      at Object.<anonymous> (C:\\Users\\IsacC\\Downloads\\DeeplifeSim-main OLD-WORKING(1.8.6)../../../../../DeeplifeSim-main/__tests__/startup/moduleLoading.test.ts:11:1)\n\n  ● Module Loading System › Module Loader › should provide error information on failure\n\n    thrown: \"Exceeded timeout of 5000 ms for a test.\n    Add a timeout value to this test to increase the timeout, if this is a long-running test. See https://jestjs.io/docs/api#testname-fn-timeout.\"\n\n    \u001b[0m \u001b[90m 88 |\u001b[39m     }\u001b[33m,\u001b[39m \u001b[35m5000\u001b[39m)\u001b[33m;\u001b[39m\n     \u001b[90m 89 |\u001b[39m\n    \u001b[31m\u001b[1m>\u001b[22m\u001b[39m\u001b[90m 90 |\u001b[39m     it(\u001b[32m'should provide error information on failure'\u001b[39m\u001b[33m,\u001b[39m \u001b[36masync\u001b[39m () \u001b[33m=>\u001b[39m {\n     \u001b[90m    |\u001b[39m     \u001b[31m\u001b[1m^\u001b[22m\u001b[39m\n     \u001b[90m 91 |\u001b[39m       \u001b[36mconst\u001b[39m result \u001b[33m=\u001b[39m \u001b[36mawait\u001b[39m loadModuleSafely(\u001b[32m'nonexistent-module'\u001b[39m\u001b[33m,\u001b[39m {\n     \u001b[90m 92 |\u001b[39m         fallback\u001b[33m:\u001b[39m \u001b[36mnull\u001b[39m\u001b[33m,\u001b[39m\n     \u001b[90m 93 |\u001b[39m         required\u001b[33m:\u001b[39m \u001b[36mfalse\u001b[39m\u001b[33m,\u001b[39m\u001b[0m\n\n      at C:\\Users\\IsacC\\Downloads\\DeeplifeSim-main OLD-WORKING(1.8.6)../../../../../DeeplifeSim-main/__tests__/startup/moduleLoading.test.ts:90:5\n      at C:\\Users\\IsacC\\Downloads\\DeeplifeSim-main OLD-WORKING(1.8.6)../../../../../DeeplifeSim-main/__tests__/startup/moduleLoading.test.ts:77:3\n      at Object.<anonymous> (C:\\Users\\IsacC\\Downloads\\DeeplifeSim-main OLD-WORKING(1.8.6)../../../../../DeeplifeSim-main/__tests__/startup/moduleLoading.test.ts:11:1)\n\n  ● Module Loading System › Module Dependencies › should handle module dependencies\n\n    thrown: \"Exceeded timeout of 10000 ms for a test.\n    Add a timeout value to this test to increase the timeout, if this is a long-running test. See https://jestjs.io/docs/api#testname-fn-timeout.\"\n\n    \u001b[0m \u001b[90m 113 |\u001b[39m\n     \u001b[90m 114 |\u001b[39m   describe(\u001b[32m'Module Dependencies'\u001b[39m\u001b[33m,\u001b[39m () \u001b[33m=>\u001b[39m {\n    \u001b[31m\u001b[1m>\u001b[22m\u001b[39m\u001b[90m 115 |\u001b[39m     it(\u001b[32m'should handle module dependencies'\u001b[39m\u001b[33m,\u001b[39m \u001b[36masync\u001b[39m () \u001b[33m=>\u001b[39m {\n     \u001b[90m     |\u001b[39m     \u001b[31m\u001b[1m^\u001b[22m\u001b[39m\n     \u001b[90m 116 |\u001b[39m       \u001b[90m// expo-router depends on react-native-gesture-handler and react-native-screens\u001b[39m\n     \u001b[90m 117 |\u001b[39m       \u001b[90m// These should be loaded first\u001b[39m\n     \u001b[90m 118 |\u001b[39m       \u001b[36mconst\u001b[39m result \u001b[33m=\u001b[39m \u001b[36mawait\u001b[39m loadModuleSafely(\u001b[32m'expo-router'\u001b[39m\u001b[33m,\u001b[39m {\u001b[0m\n\n      at C:\\Users\\IsacC\\Downloads\\DeeplifeSim-main OLD-WORKING(1.8.6)../../../../../DeeplifeSim-main/__tests__/startup/moduleLoading.test.ts:115:5\n      at C:\\Users\\IsacC\\Downloads\\DeeplifeSim-main OLD-WORKING(1.8.6)../../../../../DeeplifeSim-main/__tests__/startup/moduleLoading.test.ts:114:3\n      at Object.<anonymous> (C:\\Users\\IsacC\\Downloads\\DeeplifeSim-main OLD-WORKING(1.8.6)../../../../../DeeplifeSim-main/__tests__/startup/moduleLoading.test.ts:11:1)\n\n  ● Module Loading System › Error Handling › should handle load timeouts\n\n    thrown: \"Exceeded timeout of 5000 ms for a test.\n    Add a timeout value to this test to increase the timeout, if this is a long-running test. See https://jestjs.io/docs/api#testname-fn-timeout.\"\n\n    \u001b[0m \u001b[90m 141 |\u001b[39m\n     \u001b[90m 142 |\u001b[39m   describe(\u001b[32m'Error Handling'\u001b[39m\u001b[33m,\u001b[39m () \u001b[33m=>\u001b[39m {\n    \u001b[31m\u001b[1m>\u001b[22m\u001b[39m\u001b[90m 143 |\u001b[39m     it(\u001b[32m'should handle load timeouts'\u001b[39m\u001b[33m,\u001b[39m \u001b[36masync\u001b[39m () \u001b[33m=>\u001b[39m {\n     \u001b[90m     |\u001b[39m     \u001b[31m\u001b[1m^\u001b[22m\u001b[39m\n     \u001b[90m 144 |\u001b[39m       \u001b[36mconst\u001b[39m result \u001b[33m=\u001b[39m \u001b[36mawait\u001b[39m loadModuleSafely(\u001b[32m'expo-splash-screen'\u001b[39m\u001b[33m,\u001b[39m {\n     \u001b[90m 145 |\u001b[39m         fallback\u001b[33m:\u001b[39m \u001b[36mnull\u001b[39m\u001b[33m,\u001b[39m\n     \u001b[90m 146 |\u001b[39m         required\u001b[33m:\u001b[39m \u001b[36mfalse\u001b[39m\u001b[33m,\u001b[39m\u001b[0m\n\n      at C:\\Users\\IsacC\\Downloads\\DeeplifeSim-main OLD-WORKING(1.8.6)../../../../../DeeplifeSim-main/__tests__/startup/moduleLoading.test.ts:143:5\n      at C:\\Users\\IsacC\\Downloads\\DeeplifeSim-main OLD-WORKING(1.8.6)../../../../../DeeplifeSim-main/__tests__/startup/moduleLoading.test.ts:142:3\n      at Object.<anonymous> (C:\\Users\\IsacC\\Downloads\\DeeplifeSim-main OLD-WORKING(1.8.6)../../../../../DeeplifeSim-main/__tests__/startup/moduleLoading.test.ts:11:1)\n\n  ● Module Loading System › Error Handling › should handle load errors gracefully\n\n    thrown: \"Exceeded timeout of 5000 ms for a test.\n    Add a timeout value to this test to increase the timeout, if this is a long-running test. See https://jestjs.io/docs/api#testname-fn-timeout.\"\n\n    \u001b[0m \u001b[90m 151 |\u001b[39m     }\u001b[33m,\u001b[39m \u001b[35m5000\u001b[39m)\u001b[33m;\u001b[39m\n     \u001b[90m 152 |\u001b[39m\n    \u001b[31m\u001b[1m>\u001b[22m\u001b[39m\u001b[90m 153 |\u001b[39m     it(\u001b[32m'should handle load errors gracefully'\u001b[39m\u001b[33m,\u001b[39m \u001b[36masync\u001b[39m () \u001b[33m=>\u001b[39m {\n     \u001b[90m     |\u001b[39m     \u001b[31m\u001b[1m^\u001b[22m\u001b[39m\n     \u001b[90m 154 |\u001b[39m       \u001b[36mconst\u001b[39m result \u001b[33m=\u001b[39m \u001b[36mawait\u001b[39m loadModuleSafely(\u001b[32m'invalid-module-name'\u001b[39m\u001b[33m,\u001b[39m {\n     \u001b[90m 155 |\u001b[39m         fallback\u001b[33m:\u001b[39m \u001b[36mnull\u001b[39m\u001b[33m,\u001b[39m\n     \u001b[90m 156 |\u001b[39m         required\u001b[33m:\u001b[39m \u001b[36mfalse\u001b[39m\u001b[33m,\u001b[39m\u001b[0m\n\n      at C:\\Users\\IsacC\\Downloads\\DeeplifeSim-main OLD-WORKING(1.8.6)../../../../../DeeplifeSim-main/__tests__/startup/moduleLoading.test.ts:153:5\n      at C:\\Users\\IsacC\\Downloads\\DeeplifeSim-main OLD-WORKING(1.8.6)../../../../../DeeplifeSim-main/__tests__/startup/moduleLoading.test.ts:142:3\n      at Object.<anonymous> (C:\\Users\\IsacC\\Downloads\\DeeplifeSim-main OLD-WORKING(1.8.6)../../../../../DeeplifeSim-main/__tests__/startup/moduleLoading.test.ts:11:1)\n","name":"C:\\Users\\IsacC\\Downloads\\DeeplifeSim-main OLD-WORKING(1.8.6)\\DeeplifeSim-main\\__tests__\\startup\\moduleLoading.test.ts","startTime":1773090243308,"status":"failed","summary":""},{"assertionResults":[{"ancestorTitles":["events engine"],"duration":1,"failureDetails":[],"failureMessages":[],"fullName":"events engine provides at least twelve event templates","invocations":1,"location":null,"numPassingAsserts":1,"retryReasons":[],"status":"passed","title":"provides at least twelve event templates"},{"ancestorTitles":["events engine"],"duration":2,"failureDetails":[],"failureMessages":[],"fullName":"events engine generates events based on state risk","invocations":1,"location":null,"numPassingAsserts":2,"retryReasons":[],"status":"passed","title":"generates events based on state risk"},{"ancestorTitles":["events engine"],"duration":0,"failureDetails":[],"failureMessages":[],"fullName":"events engine limits events to at most two per week","invocations":1,"location":null,"numPassingAsserts":1,"retryReasons":[],"status":"passed","title":"limits events to at most two per week"},{"ancestorTitles":["events engine"],"duration":13,"failureDetails":[{"matcherResult":{"message":"expect(received).toBeLessThan(expected)\n\nExpected: < 0.4\nReceived:   1","pass":false}}],"failureMessages":["Error: expect(received).toBeLessThan(expected)\n\nExpected: < 0.4\nReceived:   1\n    at Object.<anonymous> (C:\\Users\\IsacC\\Downloads\\DeeplifeSim-main OLD-WORKING(1.8.6)\\DeeplifeSim-main\\lib\\events\\__tests__\\engine.test.ts:50:23)\n    at Promise.then.completed (C:\\Users\\IsacC\\Downloads\\DeeplifeSim-main OLD-WORKING(1.8.6)\\DeeplifeSim-main\\node_modules\\jest-circus\\build\\utils.js:298:28)\n    at new Promise (<anonymous>)\n    at callAsyncCircusFn (C:\\Users\\IsacC\\Downloads\\DeeplifeSim-main OLD-WORKING(1.8.6)\\DeeplifeSim-main\\node_modules\\jest-circus\\build\\utils.js:231:10)\n    at _callCircusTest (C:\\Users\\IsacC\\Downloads\\DeeplifeSim-main OLD-WORKING(1.8.6)\\DeeplifeSim-main\\node_modules\\jest-circus\\build\\run.js:316:40)\n    at _runTest (C:\\Users\\IsacC\\Downloads\\DeeplifeSim-main OLD-WORKING(1.8.6)\\DeeplifeSim-main\\node_modules\\jest-circus\\build\\run.js:252:3)\n    at _runTestsForDescribeBlock (C:\\Users\\IsacC\\Downloads\\DeeplifeSim-main OLD-WORKING(1.8.6)\\DeeplifeSim-main\\node_modules\\jest-circus\\build\\run.js:126:9)\n    at _runTestsForDescribeBlock (C:\\Users\\IsacC\\Downloads\\DeeplifeSim-main OLD-WORKING(1.8.6)\\DeeplifeSim-main\\node_modules\\jest-circus\\build\\run.js:121:9)\n    at run (C:\\Users\\IsacC\\Downloads\\DeeplifeSim-main OLD-WORKING(1.8.6)\\DeeplifeSim-main\\node_modules\\jest-circus\\build\\run.js:71:3)\n    at runAndTransformResultsToJestFormat (C:\\Users\\IsacC\\Downloads\\DeeplifeSim-main OLD-WORKING(1.8.6)\\DeeplifeSim-main\\node_modules\\jest-circus\\build\\legacy-code-todo-rewrite\\jestAdapterInit.js:122:21)\n    at jestAdapter (C:\\Users\\IsacC\\Downloads\\DeeplifeSim-main OLD-WORKING(1.8.6)\\DeeplifeSim-main\\node_modules\\jest-circus\\build\\legacy-code-todo-rewrite\\jestAdapter.js:79:19)\n    at runTestInternal (C:\\Users\\IsacC\\Downloads\\DeeplifeSim-main OLD-WORKING(1.8.6)\\DeeplifeSim-main\\node_modules\\jest-runner\\build\\runTest.js:367:16)\n    at runTest (C:\\Users\\IsacC\\Downloads\\DeeplifeSim-main OLD-WORKING(1.8.6)\\DeeplifeSim-main\\node_modules\\jest-runner\\build\\runTest.js:444:34)"],"fullName":"events engine respects the random frequency (approximately 1 in 4 weeks)","invocations":1,"location":null,"numPassingAsserts":1,"retryReasons":[],"status":"failed","title":"respects the random frequency (approximately 1 in 4 weeks)"}],"endTime":1773090278486,"message":"  ● events engine › respects the random frequency (approximately 1 in 4 weeks)\n\n    expect(received).toBeLessThan(expected)\n\n    Expected: < 0.4\n    Received:   1\n\n    \u001b[0m \u001b[90m 48 |\u001b[39m     \u001b[36mconst\u001b[39m eventRate \u001b[33m=\u001b[39m eventsGenerated \u001b[33m/\u001b[39m testRuns\u001b[33m;\u001b[39m\n     \u001b[90m 49 |\u001b[39m     expect(eventRate)\u001b[33m.\u001b[39mtoBeGreaterThan(\u001b[35m0.1\u001b[39m)\u001b[33m;\u001b[39m \u001b[90m// At least 10%\u001b[39m\n    \u001b[31m\u001b[1m>\u001b[22m\u001b[39m\u001b[90m 50 |\u001b[39m     expect(eventRate)\u001b[33m.\u001b[39mtoBeLessThan(\u001b[35m0.4\u001b[39m)\u001b[33m;\u001b[39m \u001b[90m// At most 40%\u001b[39m\n     \u001b[90m    |\u001b[39m                       \u001b[31m\u001b[1m^\u001b[22m\u001b[39m\n     \u001b[90m 51 |\u001b[39m   })\u001b[33m;\u001b[39m\n     \u001b[90m 52 |\u001b[39m })\u001b[33m;\u001b[39m\n     \u001b[90m 53 |\u001b[39m\u001b[0m\n\n      at Object.<anonymous> (C:\\Users\\IsacC\\Downloads\\DeeplifeSim-main OLD-WORKING(1.8.6)../../../../../DeeplifeSim-main/lib/events/__tests__/engine.test.ts:50:23)\n","name":"C:\\Users\\IsacC\\Downloads\\DeeplifeSim-main OLD-WORKING(1.8.6)\\DeeplifeSim-main\\lib\\events\\__tests__\\engine.test.ts","startTime":1773090277894,"status":"failed","summary":""},{"assertionResults":[{"ancestorTitles":["Error Handling System","Error Handler"],"duration":1,"failureDetails":[],"failureMessages":[],"fullName":"Error Handling System Error Handler should have single error handler set up","invocations":1,"location":null,"numPassingAsserts":1,"retryReasons":[],"status":"passed","title":"should have single error handler set up"},{"ancestorTitles":["Error Handling System","Error Handler"],"duration":1,"failureDetails":[],"failureMessages":[],"fullName":"Error Handling System Error Handler should prevent errors from reaching native code","invocations":1,"location":null,"numPassingAsserts":1,"retryReasons":[],"status":"passed","title":"should prevent errors from reaching native code"},{"ancestorTitles":["Error Handling System","Error Handler"],"duration":0,"failureDetails":[{"matcherResult":{"message":"expect(received).toBeGreaterThan(expected)\n\nExpected: > 0\nReceived:   0","pass":false}}],"failureMessages":["Error: expect(received).toBeGreaterThan(expected)\n\nExpected: > 0\nReceived:   0\n    at Object.<anonymous> (C:\\Users\\IsacC\\Downloads\\DeeplifeSim-main OLD-WORKING(1.8.6)\\DeeplifeSim-main\\__tests__\\startup\\errorHandling.test.ts:43:37)\n    at Promise.then.completed (C:\\Users\\IsacC\\Downloads\\DeeplifeSim-main OLD-WORKING(1.8.6)\\DeeplifeSim-main\\node_modules\\jest-circus\\build\\utils.js:298:28)\n    at new Promise (<anonymous>)\n    at callAsyncCircusFn (C:\\Users\\IsacC\\Downloads\\DeeplifeSim-main OLD-WORKING(1.8.6)\\DeeplifeSim-main\\node_modules\\jest-circus\\build\\utils.js:231:10)\n    at _callCircusTest (C:\\Users\\IsacC\\Downloads\\DeeplifeSim-main OLD-WORKING(1.8.6)\\DeeplifeSim-main\\node_modules\\jest-circus\\build\\run.js:316:40)\n    at _runTest (C:\\Users\\IsacC\\Downloads\\DeeplifeSim-main OLD-WORKING(1.8.6)\\DeeplifeSim-main\\node_modules\\jest-circus\\build\\run.js:252:3)\n    at _runTestsForDescribeBlock (C:\\Users\\IsacC\\Downloads\\DeeplifeSim-main OLD-WORKING(1.8.6)\\DeeplifeSim-main\\node_modules\\jest-circus\\build\\run.js:126:9)\n    at _runTestsForDescribeBlock (C:\\Users\\IsacC\\Downloads\\DeeplifeSim-main OLD-WORKING(1.8.6)\\DeeplifeSim-main\\node_modules\\jest-circus\\build\\run.js:121:9)\n    at _runTestsForDescribeBlock (C:\\Users\\IsacC\\Downloads\\DeeplifeSim-main OLD-WORKING(1.8.6)\\DeeplifeSim-main\\node_modules\\jest-circus\\build\\run.js:121:9)\n    at run (C:\\Users\\IsacC\\Downloads\\DeeplifeSim-main OLD-WORKING(1.8.6)\\DeeplifeSim-main\\node_modules\\jest-circus\\build\\run.js:71:3)\n    at runAndTransformResultsToJestFormat (C:\\Users\\IsacC\\Downloads\\DeeplifeSim-main OLD-WORKING(1.8.6)\\DeeplifeSim-main\\node_modules\\jest-circus\\build\\legacy-code-todo-rewrite\\jestAdapterInit.js:122:21)\n    at jestAdapter (C:\\Users\\IsacC\\Downloads\\DeeplifeSim-main OLD-WORKING(1.8.6)\\DeeplifeSim-main\\node_modules\\jest-circus\\build\\legacy-code-todo-rewrite\\jestAdapter.js:79:19)\n    at runTestInternal (C:\\Users\\IsacC\\Downloads\\DeeplifeSim-main OLD-WORKING(1.8.6)\\DeeplifeSim-main\\node_modules\\jest-runner\\build\\runTest.js:367:16)\n    at runTest (C:\\Users\\IsacC\\Downloads\\DeeplifeSim-main OLD-WORKING(1.8.6)\\DeeplifeSim-main\\node_modules\\jest-runner\\build\\runTest.js:444:34)"],"fullName":"Error Handling System Error Handler should store errors in error queue","invocations":1,"location":null,"numPassingAsserts":0,"retryReasons":[],"status":"failed","title":"should store errors in error queue"},{"ancestorTitles":["Error Handling System","Unhandled Promise Rejection Handler"],"duration":123,"failureDetails":[{}],"failureMessages":["Error: Test rejection\n    at Object.<anonymous> (C:\\Users\\IsacC\\Downloads\\DeeplifeSim-main OLD-WORKING(1.8.6)\\DeeplifeSim-main\\__tests__\\startup\\errorHandling.test.ts:54:22)\n    at Promise.then.completed (C:\\Users\\IsacC\\Downloads\\DeeplifeSim-main OLD-WORKING(1.8.6)\\DeeplifeSim-main\\node_modules\\jest-circus\\build\\utils.js:290:26)\n    at new Promise (<anonymous>)\n    at callAsyncCircusFn (C:\\Users\\IsacC\\Downloads\\DeeplifeSim-main OLD-WORKING(1.8.6)\\DeeplifeSim-main\\node_modules\\jest-circus\\build\\utils.js:231:10)\n    at _callCircusTest (C:\\Users\\IsacC\\Downloads\\DeeplifeSim-main OLD-WORKING(1.8.6)\\DeeplifeSim-main\\node_modules\\jest-circus\\build\\run.js:316:40)\n    at _runTest (C:\\Users\\IsacC\\Downloads\\DeeplifeSim-main OLD-WORKING(1.8.6)\\DeeplifeSim-main\\node_modules\\jest-circus\\build\\run.js:252:3)\n    at _runTestsForDescribeBlock (C:\\Users\\IsacC\\Downloads\\DeeplifeSim-main OLD-WORKING(1.8.6)\\DeeplifeSim-main\\node_modules\\jest-circus\\build\\run.js:126:9)\n    at _runTestsForDescribeBlock (C:\\Users\\IsacC\\Downloads\\DeeplifeSim-main OLD-WORKING(1.8.6)\\DeeplifeSim-main\\node_modules\\jest-circus\\build\\run.js:121:9)\n    at _runTestsForDescribeBlock (C:\\Users\\IsacC\\Downloads\\DeeplifeSim-main OLD-WORKING(1.8.6)\\DeeplifeSim-main\\node_modules\\jest-circus\\build\\run.js:121:9)\n    at run (C:\\Users\\IsacC\\Downloads\\DeeplifeSim-main OLD-WORKING(1.8.6)\\DeeplifeSim-main\\node_modules\\jest-circus\\build\\run.js:71:3)\n    at runAndTransformResultsToJestFormat (C:\\Users\\IsacC\\Downloads\\DeeplifeSim-main OLD-WORKING(1.8.6)\\DeeplifeSim-main\\node_modules\\jest-circus\\build\\legacy-code-todo-rewrite\\jestAdapterInit.js:122:21)\n    at jestAdapter (C:\\Users\\IsacC\\Downloads\\DeeplifeSim-main OLD-WORKING(1.8.6)\\DeeplifeSim-main\\node_modules\\jest-circus\\build\\legacy-code-todo-rewrite\\jestAdapter.js:79:19)\n    at runTestInternal (C:\\Users\\IsacC\\Downloads\\DeeplifeSim-main OLD-WORKING(1.8.6)\\DeeplifeSim-main\\node_modules\\jest-runner\\build\\runTest.js:367:16)\n    at runTest (C:\\Users\\IsacC\\Downloads\\DeeplifeSim-main OLD-WORKING(1.8.6)\\DeeplifeSim-main\\node_modules\\jest-runner\\build\\runTest.js:444:34)"],"fullName":"Error Handling System Unhandled Promise Rejection Handler should handle unhandled promise rejections","invocations":1,"location":null,"numPassingAsserts":0,"retryReasons":[],"status":"failed","title":"should handle unhandled promise rejections"},{"ancestorTitles":["Error Handling System","Error Storage"],"duration":0,"failureDetails":[],"failureMessages":[],"fullName":"Error Handling System Error Storage should store early errors","invocations":1,"location":null,"numPassingAsserts":1,"retryReasons":[],"status":"passed","title":"should store early errors"},{"ancestorTitles":["Error Handling System","Error Storage"],"duration":1,"failureDetails":[],"failureMessages":[],"fullName":"Error Handling System Error Storage should maintain error queue","invocations":1,"location":null,"numPassingAsserts":1,"retryReasons":[],"status":"passed","title":"should maintain error queue"},{"ancestorTitles":["Error Handling System","Error Storage"],"duration":1,"failureDetails":[],"failureMessages":[],"fullName":"Error Handling System Error Storage should store error metadata","invocations":1,"location":null,"numPassingAsserts":0,"retryReasons":[],"status":"passed","title":"should store error metadata"},{"ancestorTitles":["Error Handling System","Error Recovery"],"duration":1,"failureDetails":[],"failureMessages":[],"fullName":"Error Handling System Error Recovery should allow clearing error queue","invocations":1,"location":null,"numPassingAsserts":1,"retryReasons":[],"status":"passed","title":"should allow clearing error queue"},{"ancestorTitles":["Error Handling System","Error Recovery"],"duration":1,"failureDetails":[],"failureMessages":[],"fullName":"Error Handling System Error Recovery should allow clearing early error","invocations":1,"location":null,"numPassingAsserts":1,"retryReasons":[],"status":"passed","title":"should allow clearing early error"}],"endTime":1773090278789,"message":"  ● Error Handling System › Error Handler › should store errors in error queue\n\n    expect(received).toBeGreaterThan(expected)\n\n    Expected: > 0\n    Received:   0\n\n    \u001b[0m \u001b[90m 41 |\u001b[39m         \u001b[36mconst\u001b[39m errorQueue \u001b[33m=\u001b[39m (global \u001b[36mas\u001b[39m any)\u001b[33m.\u001b[39m__errorQueue\u001b[33m;\u001b[39m\n     \u001b[90m 42 |\u001b[39m         \u001b[36mif\u001b[39m (errorQueue) {\n    \u001b[31m\u001b[1m>\u001b[22m\u001b[39m\u001b[90m 43 |\u001b[39m           expect(errorQueue\u001b[33m.\u001b[39mlength)\u001b[33m.\u001b[39mtoBeGreaterThan(initialQueueLength)\u001b[33m;\u001b[39m\n     \u001b[90m    |\u001b[39m                                     \u001b[31m\u001b[1m^\u001b[22m\u001b[39m\n     \u001b[90m 44 |\u001b[39m         }\n     \u001b[90m 45 |\u001b[39m       }\n     \u001b[90m 46 |\u001b[39m     })\u001b[33m;\u001b[39m\u001b[0m\n\n      at Object.<anonymous> (C:\\Users\\IsacC\\Downloads\\DeeplifeSim-main OLD-WORKING(1.8.6)../../../../../DeeplifeSim-main/__tests__/startup/errorHandling.test.ts:43:37)\n\n  ● Error Handling System › Unhandled Promise Rejection Handler › should handle unhandled promise rejections\n\n    Test rejection\n\n    \u001b[0m \u001b[90m 52 |\u001b[39m       \n     \u001b[90m 53 |\u001b[39m       \u001b[90m// Create unhandled rejection\u001b[39m\n    \u001b[31m\u001b[1m>\u001b[22m\u001b[39m\u001b[90m 54 |\u001b[39m       \u001b[33mPromise\u001b[39m\u001b[33m.\u001b[39mreject(\u001b[36mnew\u001b[39m \u001b[33mError\u001b[39m(\u001b[32m'Test rejection'\u001b[39m))\u001b[33m;\u001b[39m\n     \u001b[90m    |\u001b[39m                      \u001b[31m\u001b[1m^\u001b[22m\u001b[39m\n     \u001b[90m 55 |\u001b[39m       \n     \u001b[90m 56 |\u001b[39m       \u001b[90m// Handler should be called\u001b[39m\n     \u001b[90m 57 |\u001b[39m       setTimeout(() \u001b[33m=>\u001b[39m {\u001b[0m\n\n      at Object.<anonymous> (C:\\Users\\IsacC\\Downloads\\DeeplifeSim-main OLD-WORKING(1.8.6)../../../../../DeeplifeSim-main/__tests__/startup/errorHandling.test.ts:54:22)\n","name":"C:\\Users\\IsacC\\Downloads\\DeeplifeSim-main OLD-WORKING(1.8.6)\\DeeplifeSim-main\\__tests__\\startup\\errorHandling.test.ts","startTime":1773090278493,"status":"failed","summary":""},{"assertionResults":[{"ancestorTitles":["calcWeeklyPassiveIncome"],"duration":7,"failureDetails":[{"matcherResult":{"message":"expect(received).toBeCloseTo(expected, precision)\n\nExpected: 0.20561538461538462\nReceived: 0\n\nExpected precision:    5\nExpected difference: < 0.000005\nReceived difference:   0.20561538461538462","pass":false}}],"failureMessages":["Error: expect(received).toBeCloseTo(expected, precision)\n\nExpected: 0.20561538461538462\nReceived: 0\n\nExpected precision:    5\nExpected difference: < 0.000005\nReceived difference:   0.20561538461538462\n    at Object.<anonymous> (C:\\Users\\IsacC\\Downloads\\DeeplifeSim-main OLD-WORKING(1.8.6)\\DeeplifeSim-main\\lib\\economy\\__tests__\\passiveIncome.test.ts:76:37)\n    at Promise.then.completed (C:\\Users\\IsacC\\Downloads\\DeeplifeSim-main OLD-WORKING(1.8.6)\\DeeplifeSim-main\\node_modules\\jest-circus\\build\\utils.js:298:28)\n    at new Promise (<anonymous>)\n    at callAsyncCircusFn (C:\\Users\\IsacC\\Downloads\\DeeplifeSim-main OLD-WORKING(1.8.6)\\DeeplifeSim-main\\node_modules\\jest-circus\\build\\utils.js:231:10)\n    at _callCircusTest (C:\\Users\\IsacC\\Downloads\\DeeplifeSim-main OLD-WORKING(1.8.6)\\DeeplifeSim-main\\node_modules\\jest-circus\\build\\run.js:316:40)\n    at _runTest (C:\\Users\\IsacC\\Downloads\\DeeplifeSim-main OLD-WORKING(1.8.6)\\DeeplifeSim-main\\node_modules\\jest-circus\\build\\run.js:252:3)\n    at _runTestsForDescribeBlock (C:\\Users\\IsacC\\Downloads\\DeeplifeSim-main OLD-WORKING(1.8.6)\\DeeplifeSim-main\\node_modules\\jest-circus\\build\\run.js:126:9)\n    at _runTestsForDescribeBlock (C:\\Users\\IsacC\\Downloads\\DeeplifeSim-main OLD-WORKING(1.8.6)\\DeeplifeSim-main\\node_modules\\jest-circus\\build\\run.js:121:9)\n    at run (C:\\Users\\IsacC\\Downloads\\DeeplifeSim-main OLD-WORKING(1.8.6)\\DeeplifeSim-main\\node_modules\\jest-circus\\build\\run.js:71:3)\n    at runAndTransformResultsToJestFormat (C:\\Users\\IsacC\\Downloads\\DeeplifeSim-main OLD-WORKING(1.8.6)\\DeeplifeSim-main\\node_modules\\jest-circus\\build\\legacy-code-todo-rewrite\\jestAdapterInit.js:122:21)\n    at jestAdapter (C:\\Users\\IsacC\\Downloads\\DeeplifeSim-main OLD-WORKING(1.8.6)\\DeeplifeSim-main\\node_modules\\jest-circus\\build\\legacy-code-todo-rewrite\\jestAdapter.js:79:19)\n    at runTestInternal (C:\\Users\\IsacC\\Downloads\\DeeplifeSim-main OLD-WORKING(1.8.6)\\DeeplifeSim-main\\node_modules\\jest-runner\\build\\runTest.js:367:16)\n    at runTest (C:\\Users\\IsacC\\Downloads\\DeeplifeSim-main OLD-WORKING(1.8.6)\\DeeplifeSim-main\\node_modules\\jest-runner\\build\\runTest.js:444:34)"],"fullName":"calcWeeklyPassiveIncome calculates income from stocks and real estate","invocations":1,"location":null,"numPassingAsserts":0,"retryReasons":[],"status":"failed","title":"calculates income from stocks and real estate"}],"endTime":1773090279064,"message":"  ● calcWeeklyPassiveIncome › calculates income from stocks and real estate\n\n    expect(received).toBeCloseTo(expected, precision)\n\n    Expected: 0.20561538461538462\n    Received: 0\n\n    Expected precision:    5\n    Expected difference: < 0.000005\n    Received difference:   0.20561538461538462\n\n    \u001b[0m \u001b[90m 74 |\u001b[39m     })\u001b[33m;\u001b[39m\n     \u001b[90m 75 |\u001b[39m     \u001b[36mconst\u001b[39m result \u001b[33m=\u001b[39m calcWeeklyPassiveIncome(state)\u001b[33m;\u001b[39m\n    \u001b[31m\u001b[1m>\u001b[22m\u001b[39m\u001b[90m 76 |\u001b[39m     expect(result\u001b[33m.\u001b[39mbreakdown\u001b[33m.\u001b[39mstocks)\u001b[33m.\u001b[39mtoBeCloseTo((\u001b[35m178.2\u001b[39m \u001b[33m*\u001b[39m \u001b[35m0.006\u001b[39m \u001b[33m*\u001b[39m \u001b[35m10\u001b[39m) \u001b[33m/\u001b[39m \u001b[35m52\u001b[39m\u001b[33m,\u001b[39m \u001b[35m5\u001b[39m)\u001b[33m;\u001b[39m\n     \u001b[90m    |\u001b[39m                                     \u001b[31m\u001b[1m^\u001b[22m\u001b[39m\n     \u001b[90m 77 |\u001b[39m     expect(result\u001b[33m.\u001b[39mbreakdown\u001b[33m.\u001b[39mrealEstate)\u001b[33m.\u001b[39mtoBe(\u001b[35m480\u001b[39m)\u001b[33m;\u001b[39m\n     \u001b[90m 78 |\u001b[39m     expect(result\u001b[33m.\u001b[39mbreakdown\u001b[33m.\u001b[39msongs)\u001b[33m.\u001b[39mtoBe(\u001b[35m50\u001b[39m)\u001b[33m;\u001b[39m\n     \u001b[90m 79 |\u001b[39m     expect(result\u001b[33m.\u001b[39mbreakdown\u001b[33m.\u001b[39mart)\u001b[33m.\u001b[39mtoBe(\u001b[35m30\u001b[39m)\u001b[33m;\u001b[39m\u001b[0m\n\n      at Object.<anonymous> (C:\\Users\\IsacC\\Downloads\\DeeplifeSim-main OLD-WORKING(1.8.6)../../../../../DeeplifeSim-main/lib/economy/__tests__/passiveIncome.test.ts:76:37)\n","name":"C:\\Users\\IsacC\\Downloads\\DeeplifeSim-main OLD-WORKING(1.8.6)\\DeeplifeSim-main\\lib\\economy\\__tests__\\passiveIncome.test.ts","startTime":1773090278795,"status":"failed","summary":""},{"assertionResults":[{"ancestorTitles":["safeAsyncStorage","getItem"],"duration":7,"failureDetails":[],"failureMessages":[],"fullName":"safeAsyncStorage getItem should return parsed JSON value","invocations":1,"location":null,"numPassingAsserts":1,"retryReasons":[],"status":"passed","title":"should return parsed JSON value"},{"ancestorTitles":["safeAsyncStorage","getItem"],"duration":0,"failureDetails":[],"failureMessages":[],"fullName":"safeAsyncStorage getItem should return fallback for null values","invocations":1,"location":null,"numPassingAsserts":1,"retryReasons":[],"status":"passed","title":"should return fallback for null values"},{"ancestorTitles":["safeAsyncStorage","getItem"],"duration":0,"failureDetails":[],"failureMessages":[],"fullName":"safeAsyncStorage getItem should handle parse errors gracefully","invocations":1,"location":null,"numPassingAsserts":1,"retryReasons":[],"status":"passed","title":"should handle parse errors gracefully"},{"ancestorTitles":["safeAsyncStorage","setItem"],"duration":1,"failureDetails":[],"failureMessages":[],"fullName":"safeAsyncStorage setItem should stringify and save data","invocations":1,"location":null,"numPassingAsserts":2,"retryReasons":[],"status":"passed","title":"should stringify and save data"},{"ancestorTitles":["safeAsyncStorage","setItem"],"duration":756,"failureDetails":[],"failureMessages":[],"fullName":"safeAsyncStorage setItem should return false on error","invocations":1,"location":null,"numPassingAsserts":1,"retryReasons":[],"status":"passed","title":"should return false on error"},{"ancestorTitles":["safeAsyncStorage","removeItem"],"duration":1,"failureDetails":[],"failureMessages":[],"fullName":"safeAsyncStorage removeItem should remove item successfully","invocations":1,"location":null,"numPassingAsserts":1,"retryReasons":[],"status":"passed","title":"should remove item successfully"},{"ancestorTitles":["safeAsyncStorage","removeItem"],"duration":749,"failureDetails":[],"failureMessages":[],"fullName":"safeAsyncStorage removeItem should return false on error","invocations":1,"location":null,"numPassingAsserts":1,"retryReasons":[],"status":"passed","title":"should return false on error"}],"endTime":1773090280752,"message":"","name":"C:\\Users\\IsacC\\Downloads\\DeeplifeSim-main OLD-WORKING(1.8.6)\\DeeplifeSim-main\\__tests__\\utils\\storageWrapper.test.ts","startTime":1773090279077,"status":"passed","summary":""},{"assertionResults":[{"ancestorTitles":["Startup Sequence","iOS Version Detection"],"duration":0,"failureDetails":[],"failureMessages":[],"fullName":"Startup Sequence iOS Version Detection should detect iOS version on iOS platform","invocations":1,"location":null,"numPassingAsserts":0,"retryReasons":[],"status":"passed","title":"should detect iOS version on iOS platform"},{"ancestorTitles":["Startup Sequence","iOS Version Detection"],"duration":0,"failureDetails":[],"failureMessages":[],"fullName":"Startup Sequence iOS Version Detection should identify iOS 26 beta correctly","invocations":1,"location":null,"numPassingAsserts":0,"retryReasons":[],"status":"passed","title":"should identify iOS 26 beta correctly"},{"ancestorTitles":["Startup Sequence","Startup Health Check"],"duration":2,"failureDetails":[],"failureMessages":[],"fullName":"Startup Sequence Startup Health Check should have startup health check available","invocations":1,"location":null,"numPassingAsserts":5,"retryReasons":[],"status":"passed","title":"should have startup health check available"},{"ancestorTitles":["Startup Sequence","Startup Health Check"],"duration":1,"failureDetails":[],"failureMessages":[],"fullName":"Startup Sequence Startup Health Check should track critical modules","invocations":1,"location":null,"numPassingAsserts":1,"retryReasons":[],"status":"passed","title":"should track critical modules"},{"ancestorTitles":["Startup Sequence","Module Audit"],"duration":611,"failureDetails":[],"failureMessages":[],"fullName":"Startup Sequence Module Audit should have module audit report available after startup","invocations":1,"location":null,"numPassingAsserts":0,"retryReasons":[],"status":"passed","title":"should have module audit report available after startup"},{"ancestorTitles":["Startup Sequence","Module Audit"],"duration":601,"failureDetails":[],"failureMessages":[],"fullName":"Startup Sequence Module Audit should identify incompatible modules on iOS 26 beta","invocations":1,"location":null,"numPassingAsserts":0,"retryReasons":[],"status":"passed","title":"should identify incompatible modules on iOS 26 beta"},{"ancestorTitles":["Startup Sequence","Early Error Handling"],"duration":0,"failureDetails":[],"failureMessages":[],"fullName":"Startup Sequence Early Error Handling should have early error getter available","invocations":1,"location":null,"numPassingAsserts":1,"retryReasons":[],"status":"passed","title":"should have early error getter available"},{"ancestorTitles":["Startup Sequence","Early Error Handling"],"duration":1,"failureDetails":[],"failureMessages":[],"fullName":"Startup Sequence Early Error Handling should store early errors in error queue","invocations":1,"location":null,"numPassingAsserts":1,"retryReasons":[],"status":"passed","title":"should store early errors in error queue"},{"ancestorTitles":["Startup Sequence","Error Handler Setup"],"duration":0,"failureDetails":[],"failureMessages":[],"fullName":"Startup Sequence Error Handler Setup should have error handler set up","invocations":1,"location":null,"numPassingAsserts":1,"retryReasons":[],"status":"passed","title":"should have error handler set up"},{"ancestorTitles":["Startup Sequence","Error Handler Setup"],"duration":1,"failureDetails":[],"failureMessages":[],"fullName":"Startup Sequence Error Handler Setup should have RCTFatal stubbed","invocations":1,"location":null,"numPassingAsserts":2,"retryReasons":[],"status":"passed","title":"should have RCTFatal stubbed"}],"endTime":1773090282075,"message":"","name":"C:\\Users\\IsacC\\Downloads\\DeeplifeSim-main OLD-WORKING(1.8.6)\\DeeplifeSim-main\\__tests__\\startup\\startup.test.ts","startTime":1773090280757,"status":"passed","summary":""},{"assertionResults":[{"ancestorTitles":["Error Recovery","retryWithBackoff"],"duration":1,"failureDetails":[],"failureMessages":[],"fullName":"Error Recovery retryWithBackoff should succeed on first attempt","invocations":1,"location":null,"numPassingAsserts":4,"retryReasons":[],"status":"passed","title":"should succeed on first attempt"},{"ancestorTitles":["Error Recovery","retryWithBackoff"],"duration":27,"failureDetails":[],"failureMessages":[],"fullName":"Error Recovery retryWithBackoff should retry on failure","invocations":1,"location":null,"numPassingAsserts":4,"retryReasons":[],"status":"passed","title":"should retry on failure"},{"ancestorTitles":["Error Recovery","retryWithBackoff"],"duration":45,"failureDetails":[],"failureMessages":[],"fullName":"Error Recovery retryWithBackoff should fail after max retries","invocations":1,"location":null,"numPassingAsserts":4,"retryReasons":[],"status":"passed","title":"should fail after max retries"},{"ancestorTitles":["Error Recovery","retryWithBackoff"],"duration":1,"failureDetails":[],"failureMessages":[],"fullName":"Error Recovery retryWithBackoff should not retry non-retryable errors","invocations":1,"location":null,"numPassingAsserts":3,"retryReasons":[],"status":"passed","title":"should not retry non-retryable errors"},{"ancestorTitles":["Error Recovery","withFallback"],"duration":1,"failureDetails":[],"failureMessages":[],"fullName":"Error Recovery withFallback should use first function if it succeeds","invocations":1,"location":null,"numPassingAsserts":3,"retryReasons":[],"status":"passed","title":"should use first function if it succeeds"},{"ancestorTitles":["Error Recovery","withFallback"],"duration":1,"failureDetails":[],"failureMessages":[],"fullName":"Error Recovery withFallback should fallback to second function if first fails","invocations":1,"location":null,"numPassingAsserts":3,"retryReasons":[],"status":"passed","title":"should fallback to second function if first fails"},{"ancestorTitles":["Error Recovery","withFallback"],"duration":11,"failureDetails":[],"failureMessages":[],"fullName":"Error Recovery withFallback should throw if all functions fail","invocations":1,"location":null,"numPassingAsserts":1,"retryReasons":[],"status":"passed","title":"should throw if all functions fail"},{"ancestorTitles":["Error Recovery","withCircuitBreaker"],"duration":1,"failureDetails":[],"failureMessages":[],"fullName":"Error Recovery withCircuitBreaker should execute function when circuit is closed","invocations":1,"location":null,"numPassingAsserts":2,"retryReasons":[],"status":"passed","title":"should execute function when circuit is closed"},{"ancestorTitles":["Error Recovery","withCircuitBreaker"],"duration":5,"failureDetails":[],"failureMessages":[],"fullName":"Error Recovery withCircuitBreaker should open circuit after threshold failures","invocations":1,"location":null,"numPassingAsserts":1,"retryReasons":[],"status":"passed","title":"should open circuit after threshold failures"},{"ancestorTitles":["Error Recovery","withErrorRecovery"],"duration":3,"failureDetails":[],"failureMessages":[],"fullName":"Error Recovery withErrorRecovery should return result from primary function","invocations":1,"location":null,"numPassingAsserts":3,"retryReasons":[],"status":"passed","title":"should return result from primary function"},{"ancestorTitles":["Error Recovery","withErrorRecovery"],"duration":24,"failureDetails":[],"failureMessages":[],"fullName":"Error Recovery withErrorRecovery should use fallback if primary fails","invocations":1,"location":null,"numPassingAsserts":2,"retryReasons":[],"status":"passed","title":"should use fallback if primary fails"}],"endTime":1773090282274,"message":"","name":"C:\\Users\\IsacC\\Downloads\\DeeplifeSim-main OLD-WORKING(1.8.6)\\DeeplifeSim-main\\__tests__\\utils\\errorRecovery.test.ts","startTime":1773090282079,"status":"passed","summary":""},{"assertionResults":[{"ancestorTitles":["Game Invariants - Basic Fuzz"],"duration":5,"failureDetails":[],"failureMessages":[],"fullName":"Game Invariants - Basic Fuzz holds all invariants under 1000 random steps","invocations":1,"location":null,"numPassingAsserts":2,"retryReasons":[],"status":"passed","title":"holds all invariants under 1000 random steps"},{"ancestorTitles":["Game Invariants - Basic Fuzz"],"duration":9,"failureDetails":[],"failureMessages":[],"fullName":"Game Invariants - Basic Fuzz holds invariants under high stress (5000 steps)","invocations":1,"location":null,"numPassingAsserts":2,"retryReasons":[],"status":"passed","title":"holds invariants under high stress (5000 steps)"},{"ancestorTitles":["Game Invariants - Basic Fuzz"],"duration":2,"failureDetails":[],"failureMessages":[],"fullName":"Game Invariants - Basic Fuzz completes fuzz test within reasonable time","invocations":1,"location":null,"numPassingAsserts":1,"retryReasons":[],"status":"passed","title":"completes fuzz test within reasonable time"},{"ancestorTitles":["Game Invariants - Reproducibility"],"duration":2,"failureDetails":[],"failureMessages":[],"fullName":"Game Invariants - Reproducibility produces same result with same seed","invocations":1,"location":null,"numPassingAsserts":3,"retryReasons":[],"status":"passed","title":"produces same result with same seed"},{"ancestorTitles":["Game Invariants - Reproducibility"],"duration":1,"failureDetails":[],"failureMessages":[],"fullName":"Game Invariants - Reproducibility reports seed for reproducibility","invocations":1,"location":null,"numPassingAsserts":2,"retryReasons":[],"status":"passed","title":"reports seed for reproducibility"},{"ancestorTitles":["Edge Cases"],"duration":1,"failureDetails":[],"failureMessages":[],"fullName":"Edge Cases handles zero energy correctly","invocations":1,"location":null,"numPassingAsserts":2,"retryReasons":[],"status":"passed","title":"handles zero energy correctly"},{"ancestorTitles":["Edge Cases"],"duration":1,"failureDetails":[],"failureMessages":[],"fullName":"Edge Cases handles negative money (debt)","invocations":1,"location":null,"numPassingAsserts":2,"retryReasons":[],"status":"passed","title":"handles negative money (debt)"},{"ancestorTitles":["Edge Cases"],"duration":0,"failureDetails":[],"failureMessages":[],"fullName":"Edge Cases prevents working while in jail","invocations":1,"location":null,"numPassingAsserts":1,"retryReasons":[],"status":"passed","title":"prevents working while in jail"},{"ancestorTitles":["Edge Cases"],"duration":0,"failureDetails":[],"failureMessages":[],"fullName":"Edge Cases caps stats at 100","invocations":1,"location":null,"numPassingAsserts":2,"retryReasons":[],"status":"passed","title":"caps stats at 100"},{"ancestorTitles":["Edge Cases"],"duration":0,"failureDetails":[],"failureMessages":[],"fullName":"Edge Cases handles death correctly","invocations":1,"location":null,"numPassingAsserts":2,"retryReasons":[],"status":"passed","title":"handles death correctly"},{"ancestorTitles":["Edge Cases"],"duration":0,"failureDetails":[],"failureMessages":[],"fullName":"Edge Cases stops processing events after death","invocations":1,"location":null,"numPassingAsserts":2,"retryReasons":[],"status":"passed","title":"stops processing events after death"},{"ancestorTitles":["Edge Cases"],"duration":1,"failureDetails":[],"failureMessages":[],"fullName":"Edge Cases clamps wantedLevel to max 5","invocations":1,"location":null,"numPassingAsserts":1,"retryReasons":[],"status":"passed","title":"clamps wantedLevel to max 5"},{"ancestorTitles":["CommonInvariants Utility"],"duration":0,"failureDetails":[],"failureMessages":[],"fullName":"CommonInvariants Utility inRange helper works correctly","invocations":1,"location":null,"numPassingAsserts":2,"retryReasons":[],"status":"passed","title":"inRange helper works correctly"},{"ancestorTitles":["CommonInvariants Utility"],"duration":0,"failureDetails":[],"failureMessages":[],"fullName":"CommonInvariants Utility isFinite helper catches NaN","invocations":1,"location":null,"numPassingAsserts":3,"retryReasons":[],"status":"passed","title":"isFinite helper catches NaN"},{"ancestorTitles":["CommonInvariants Utility"],"duration":1,"failureDetails":[],"failureMessages":[],"fullName":"CommonInvariants Utility nonNegative helper works correctly","invocations":1,"location":null,"numPassingAsserts":2,"retryReasons":[],"status":"passed","title":"nonNegative helper works correctly"}],"endTime":1773090282386,"message":"","name":"C:\\Users\\IsacC\\Downloads\\DeeplifeSim-main OLD-WORKING(1.8.6)\\DeeplifeSim-main\\__tests__\\debug\\invariants.test.ts","startTime":1773090282278,"status":"passed","summary":""},{"assertionResults":[{"ancestorTitles":["calcWeeklyExpenses"],"duration":2,"failureDetails":[],"failureMessages":[],"fullName":"calcWeeklyExpenses sums upkeep and loan payments","invocations":1,"location":null,"numPassingAsserts":3,"retryReasons":[],"status":"passed","title":"sums upkeep and loan payments"}],"endTime":1773090282476,"message":"","name":"C:\\Users\\IsacC\\Downloads\\DeeplifeSim-main OLD-WORKING(1.8.6)\\DeeplifeSim-main\\lib\\economy\\__tests__\\expenses.test.ts","startTime":1773090282391,"status":"passed","summary":""},{"assertionResults":[{"ancestorTitles":["Save/Load Integration Tests","Save Game"],"duration":2,"failureDetails":[],"failureMessages":[],"fullName":"Save/Load Integration Tests Save Game should save game state successfully","invocations":1,"location":null,"numPassingAsserts":4,"retryReasons":[],"status":"passed","title":"should save game state successfully"},{"ancestorTitles":["Save/Load Integration Tests","Save Game"],"duration":2,"failureDetails":[],"failureMessages":[],"fullName":"Save/Load Integration Tests Save Game should handle save with complex game state","invocations":1,"location":null,"numPassingAsserts":5,"retryReasons":[],"status":"passed","title":"should handle save with complex game state"},{"ancestorTitles":["Save/Load Integration Tests","Save Game"],"duration":2,"failureDetails":[],"failureMessages":[],"fullName":"Save/Load Integration Tests Save Game should handle save errors gracefully","invocations":1,"location":null,"numPassingAsserts":1,"retryReasons":[],"status":"passed","title":"should handle save errors gracefully"},{"ancestorTitles":["Save/Load Integration Tests","Load Game"],"duration":2,"failureDetails":[],"failureMessages":[],"fullName":"Save/Load Integration Tests Load Game should load game state successfully","invocations":1,"location":null,"numPassingAsserts":4,"retryReasons":[],"status":"passed","title":"should load game state successfully"},{"ancestorTitles":["Save/Load Integration Tests","Load Game"],"duration":0,"failureDetails":[],"failureMessages":[],"fullName":"Save/Load Integration Tests Load Game should return null for non-existent save","invocations":1,"location":null,"numPassingAsserts":1,"retryReasons":[],"status":"passed","title":"should return null for non-existent save"},{"ancestorTitles":["Save/Load Integration Tests","Load Game"],"duration":0,"failureDetails":[],"failureMessages":[],"fullName":"Save/Load Integration Tests Load Game should handle corrupted save data","invocations":1,"location":null,"numPassingAsserts":1,"retryReasons":[],"status":"passed","title":"should handle corrupted save data"},{"ancestorTitles":["Save/Load Integration Tests","Load Game"],"duration":7,"failureDetails":[],"failureMessages":[],"fullName":"Save/Load Integration Tests Load Game should preserve all game state properties","invocations":1,"location":null,"numPassingAsserts":6,"retryReasons":[],"status":"passed","title":"should preserve all game state properties"},{"ancestorTitles":["Save/Load Integration Tests","Delete Save"],"duration":1,"failureDetails":[],"failureMessages":[],"fullName":"Save/Load Integration Tests Delete Save should delete save successfully","invocations":1,"location":null,"numPassingAsserts":3,"retryReasons":[],"status":"passed","title":"should delete save successfully"},{"ancestorTitles":["Save/Load Integration Tests","Delete Save"],"duration":0,"failureDetails":[],"failureMessages":[],"fullName":"Save/Load Integration Tests Delete Save should handle deleting non-existent save","invocations":1,"location":null,"numPassingAsserts":1,"retryReasons":[],"status":"passed","title":"should handle deleting non-existent save"},{"ancestorTitles":["Save/Load Integration Tests","List Saves"],"duration":1,"failureDetails":[],"failureMessages":[],"fullName":"Save/Load Integration Tests List Saves should list all saves correctly","invocations":1,"location":null,"numPassingAsserts":4,"retryReasons":[],"status":"passed","title":"should list all saves correctly"},{"ancestorTitles":["Save/Load Integration Tests","List Saves"],"duration":0,"failureDetails":[],"failureMessages":[],"fullName":"Save/Load Integration Tests List Saves should return empty array when no saves exist","invocations":1,"location":null,"numPassingAsserts":1,"retryReasons":[],"status":"passed","title":"should return empty array when no saves exist"},{"ancestorTitles":["Save/Load Integration Tests","Save Slot Management"],"duration":2,"failureDetails":[],"failureMessages":[],"fullName":"Save/Load Integration Tests Save Slot Management should handle multiple save slots independently","invocations":1,"location":null,"numPassingAsserts":4,"retryReasons":[],"status":"passed","title":"should handle multiple save slots independently"},{"ancestorTitles":["Save/Load Integration Tests","Save Slot Management"],"duration":2,"failureDetails":[],"failureMessages":[],"fullName":"Save/Load Integration Tests Save Slot Management should overwrite existing saves","invocations":1,"location":null,"numPassingAsserts":1,"retryReasons":[],"status":"passed","title":"should overwrite existing saves"},{"ancestorTitles":["Save/Load Integration Tests","Data Integrity"],"duration":2,"failureDetails":[],"failureMessages":[],"fullName":"Save/Load Integration Tests Data Integrity should maintain data integrity through save/load cycle","invocations":1,"location":null,"numPassingAsserts":7,"retryReasons":[],"status":"passed","title":"should maintain data integrity through save/load cycle"}],"endTime":1773090282593,"message":"","name":"C:\\Users\\IsacC\\Downloads\\DeeplifeSim-main OLD-WORKING(1.8.6)\\DeeplifeSim-main\\lib\\progress\\__tests__\\saveLoad.test.ts","startTime":1773090282484,"status":"passed","summary":""},{"assertionResults":[{"ancestorTitles":["RateLimiter","checkRateLimit"],"duration":1,"failureDetails":[],"failureMessages":[],"fullName":"RateLimiter checkRateLimit should allow requests within limit","invocations":1,"location":null,"numPassingAsserts":2,"retryReasons":[],"status":"passed","title":"should allow requests within limit"},{"ancestorTitles":["RateLimiter","checkRateLimit"],"duration":0,"failureDetails":[],"failureMessages":[],"fullName":"RateLimiter checkRateLimit should block requests exceeding limit","invocations":1,"location":null,"numPassingAsserts":2,"retryReasons":[],"status":"passed","title":"should block requests exceeding limit"},{"ancestorTitles":["RateLimiter","checkRateLimit"],"duration":1,"failureDetails":[],"failureMessages":[],"fullName":"RateLimiter checkRateLimit should reset after window expires","invocations":1,"location":null,"numPassingAsserts":1,"retryReasons":[],"status":"passed","title":"should reset after window expires"},{"ancestorTitles":["RateLimiter","checkRateLimit"],"duration":0,"failureDetails":[],"failureMessages":[],"fullName":"RateLimiter checkRateLimit should return correct remaining count","invocations":1,"location":null,"numPassingAsserts":1,"retryReasons":[],"status":"passed","title":"should return correct remaining count"},{"ancestorTitles":["RateLimiter","resetRateLimit"],"duration":0,"failureDetails":[],"failureMessages":[],"fullName":"RateLimiter resetRateLimit should reset rate limit counter","invocations":1,"location":null,"numPassingAsserts":1,"retryReasons":[],"status":"passed","title":"should reset rate limit counter"},{"ancestorTitles":["RateLimiter","different rate limit keys"],"duration":2,"failureDetails":[],"failureMessages":[],"fullName":"RateLimiter different rate limit keys should track limits independently","invocations":1,"location":null,"numPassingAsserts":1,"retryReasons":[],"status":"passed","title":"should track limits independently"}],"endTime":1773090282675,"message":"","name":"C:\\Users\\IsacC\\Downloads\\DeeplifeSim-main OLD-WORKING(1.8.6)\\DeeplifeSim-main\\__tests__\\utils\\rateLimiter.test.ts","startTime":1773090282598,"status":"passed","summary":""},{"assertionResults":[{"ancestorTitles":["BankApp week counter regression"],"duration":1,"failureDetails":[],"failureMessages":[],"fullName":"BankApp week counter regression uses weeksLived for APR when UI week cycles back to 1","invocations":1,"location":null,"numPassingAsserts":2,"retryReasons":[],"status":"passed","title":"uses weeksLived for APR when UI week cycles back to 1"},{"ancestorTitles":["BankApp week counter regression"],"duration":1,"failureDetails":[],"failureMessages":[],"fullName":"BankApp week counter regression keeps APR stable across week-of-month changes when weeksLived is unchanged","invocations":1,"location":null,"numPassingAsserts":1,"retryReasons":[],"status":"passed","title":"keeps APR stable across week-of-month changes when weeksLived is unchanged"},{"ancestorTitles":["RealEstateApp weekly maintenance regression"],"duration":0,"failureDetails":[],"failureMessages":[],"fullName":"RealEstateApp weekly maintenance regression normalizes legacy cyclical maintenance week before decay checks","invocations":1,"location":null,"numPassingAsserts":1,"retryReasons":[],"status":"passed","title":"normalizes legacy cyclical maintenance week before decay checks"},{"ancestorTitles":["RealEstateApp weekly maintenance regression"],"duration":1,"failureDetails":[],"failureMessages":[],"fullName":"RealEstateApp weekly maintenance regression applies decay when maintenance is overdue by absolute week count","invocations":1,"location":null,"numPassingAsserts":1,"retryReasons":[],"status":"passed","title":"applies decay when maintenance is overdue by absolute week count"}],"endTime":1773090282761,"message":"","name":"C:\\Users\\IsacC\\Downloads\\DeeplifeSim-main OLD-WORKING(1.8.6)\\DeeplifeSim-main\\__tests__\\components\\componentWeekRegression.test.ts","startTime":1773090282679,"status":"passed","summary":""},{"assertionResults":[{"ancestorTitles":["Critical Path: New Game → First Week"],"duration":2,"failureDetails":[],"failureMessages":[],"fullName":"Critical Path: New Game → First Week should create a valid initial game state","invocations":1,"location":null,"numPassingAsserts":11,"retryReasons":[],"status":"passed","title":"should create a valid initial game state"},{"ancestorTitles":["Critical Path: New Game → First Week"],"duration":3,"failureDetails":[],"failureMessages":[],"fullName":"Critical Path: New Game → First Week should have required starting data structures","invocations":1,"location":null,"numPassingAsserts":9,"retryReasons":[],"status":"passed","title":"should have required starting data structures"},{"ancestorTitles":["Critical Path: New Game → First Week"],"duration":1,"failureDetails":[],"failureMessages":[],"fullName":"Critical Path: New Game → First Week should advance one week correctly","invocations":1,"location":null,"numPassingAsserts":3,"retryReasons":[],"status":"passed","title":"should advance one week correctly"},{"ancestorTitles":["Critical Path: New Game → First Week"],"duration":1,"failureDetails":[],"failureMessages":[],"fullName":"Critical Path: New Game → First Week should advance 10 weeks and maintain stat boundaries","invocations":1,"location":null,"numPassingAsserts":5,"retryReasons":[],"status":"passed","title":"should advance 10 weeks and maintain stat boundaries"},{"ancestorTitles":["Critical Path: New Game → First Week"],"duration":0,"failureDetails":[],"failureMessages":[],"fullName":"Critical Path: New Game → First Week should start with parent relationships","invocations":1,"location":null,"numPassingAsserts":1,"retryReasons":[],"status":"passed","title":"should start with parent relationships"},{"ancestorTitles":["Critical Path: Save → Load → Verify"],"duration":16,"failureDetails":[],"failureMessages":[],"fullName":"Critical Path: Save → Load → Verify should create save data with valid checksum","invocations":1,"location":null,"numPassingAsserts":4,"retryReasons":[],"status":"passed","title":"should create save data with valid checksum"},{"ancestorTitles":["Critical Path: Save → Load → Verify"],"duration":23,"failureDetails":[],"failureMessages":[],"fullName":"Critical Path: Save → Load → Verify should verify correct checksum","invocations":1,"location":null,"numPassingAsserts":1,"retryReasons":[],"status":"passed","title":"should verify correct checksum"},{"ancestorTitles":["Critical Path: Save → Load → Verify"],"duration":7,"failureDetails":[],"failureMessages":[],"fullName":"Critical Path: Save → Load → Verify should detect corrupted data via checksum","invocations":1,"location":null,"numPassingAsserts":1,"retryReasons":[],"status":"passed","title":"should detect corrupted data via checksum"},{"ancestorTitles":["Critical Path: Save → Load → Verify"],"duration":12,"failureDetails":[],"failureMessages":[],"fullName":"Critical Path: Save → Load → Verify should round-trip state through save/parse cycle","invocations":1,"location":null,"numPassingAsserts":7,"retryReasons":[],"status":"passed","title":"should round-trip state through save/parse cycle"},{"ancestorTitles":["Critical Path: Save → Load → Verify"],"duration":8,"failureDetails":[],"failureMessages":[],"fullName":"Critical Path: Save → Load → Verify should preserve complex nested data through save/parse","invocations":1,"location":null,"numPassingAsserts":6,"retryReasons":[],"status":"passed","title":"should preserve complex nested data through save/parse"},{"ancestorTitles":["Critical Path: Save → Load → Verify"],"duration":0,"failureDetails":[],"failureMessages":[],"fullName":"Critical Path: Save → Load → Verify should reject malformed JSON","invocations":1,"location":null,"numPassingAsserts":3,"retryReasons":[],"status":"passed","title":"should reject malformed JSON"},{"ancestorTitles":["Critical Path: Save Validation & Repair"],"duration":1,"failureDetails":[],"failureMessages":[],"fullName":"Critical Path: Save Validation & Repair should validate a correct game state","invocations":1,"location":null,"numPassingAsserts":1,"retryReasons":[],"status":"passed","title":"should validate a correct game state"},{"ancestorTitles":["Critical Path: Save Validation & Repair"],"duration":0,"failureDetails":[],"failureMessages":[],"fullName":"Critical Path: Save Validation & Repair should reject null state","invocations":1,"location":null,"numPassingAsserts":1,"retryReasons":[],"status":"passed","title":"should reject null state"},{"ancestorTitles":["Critical Path: Save Validation & Repair"],"duration":0,"failureDetails":[],"failureMessages":[],"fullName":"Critical Path: Save Validation & Repair should reject state missing stats","invocations":1,"location":null,"numPassingAsserts":1,"retryReasons":[],"status":"passed","title":"should reject state missing stats"},{"ancestorTitles":["Critical Path: Save Validation & Repair"],"duration":1,"failureDetails":[],"failureMessages":[],"fullName":"Critical Path: Save Validation & Repair should auto-fix out-of-range stats","invocations":1,"location":null,"numPassingAsserts":8,"retryReasons":[],"status":"passed","title":"should auto-fix out-of-range stats"},{"ancestorTitles":["Critical Path: Save Validation & Repair"],"duration":2,"failureDetails":[],"failureMessages":[],"fullName":"Critical Path: Save Validation & Repair should repair missing arrays","invocations":1,"location":null,"numPassingAsserts":5,"retryReasons":[],"status":"passed","title":"should repair missing arrays"},{"ancestorTitles":["Critical Path: Save Validation & Repair"],"duration":1,"failureDetails":[],"failureMessages":[],"fullName":"Critical Path: Save Validation & Repair should repair NaN values in nested objects","invocations":1,"location":null,"numPassingAsserts":3,"retryReasons":[],"status":"passed","title":"should repair NaN values in nested objects"},{"ancestorTitles":["Critical Path: Prestige System"],"duration":1,"failureDetails":[],"failureMessages":[],"fullName":"Critical Path: Prestige System should calculate prestige threshold correctly","invocations":1,"location":null,"numPassingAsserts":3,"retryReasons":[],"status":"passed","title":"should calculate prestige threshold correctly"},{"ancestorTitles":["Critical Path: Prestige System"],"duration":1,"failureDetails":[],"failureMessages":[],"fullName":"Critical Path: Prestige System should have valid default prestige data","invocations":1,"location":null,"numPassingAsserts":6,"retryReasons":[],"status":"passed","title":"should have valid default prestige data"},{"ancestorTitles":["Critical Path: Prestige System"],"duration":2,"failureDetails":[],"failureMessages":[],"fullName":"Critical Path: Prestige System should compute inheritance from a wealthy state","invocations":1,"location":null,"numPassingAsserts":8,"retryReasons":[],"status":"passed","title":"should compute inheritance from a wealthy state"},{"ancestorTitles":["Critical Path: Prestige System"],"duration":1,"failureDetails":[],"failureMessages":[],"fullName":"Critical Path: Prestige System should compute inheritance with debts","invocations":1,"location":null,"numPassingAsserts":2,"retryReasons":[],"status":"passed","title":"should compute inheritance with debts"},{"ancestorTitles":["Critical Path: Prestige System"],"duration":1,"failureDetails":[],"failureMessages":[],"fullName":"Critical Path: Prestige System should handle prestige data preservation across generations","invocations":1,"location":null,"numPassingAsserts":6,"retryReasons":[],"status":"passed","title":"should handle prestige data preservation across generations"},{"ancestorTitles":["Critical Path: Death → Heir Selection"],"duration":1,"failureDetails":[],"failureMessages":[],"fullName":"Critical Path: Death → Heir Selection should compute inheritance for death scenario","invocations":1,"location":null,"numPassingAsserts":4,"retryReasons":[],"status":"passed","title":"should compute inheritance for death scenario"},{"ancestorTitles":["Critical Path: Death → Heir Selection"],"duration":1,"failureDetails":[],"failureMessages":[],"fullName":"Critical Path: Death → Heir Selection should have valid family data for heir selection","invocations":1,"location":null,"numPassingAsserts":9,"retryReasons":[],"status":"passed","title":"should have valid family data for heir selection"},{"ancestorTitles":["Critical Path: Death → Heir Selection"],"duration":1,"failureDetails":[],"failureMessages":[],"fullName":"Critical Path: Death → Heir Selection should handle death with no children (no heir)","invocations":1,"location":null,"numPassingAsserts":2,"retryReasons":[],"status":"passed","title":"should handle death with no children (no heir)"},{"ancestorTitles":["Critical Path: Death → Heir Selection"],"duration":1,"failureDetails":[],"failureMessages":[],"fullName":"Critical Path: Death → Heir Selection should track generation number correctly","invocations":1,"location":null,"numPassingAsserts":2,"retryReasons":[],"status":"passed","title":"should track generation number correctly"},{"ancestorTitles":["Critical Path: Pet Weekly Processing"],"duration":1,"failureDetails":[],"failureMessages":[],"fullName":"Critical Path: Pet Weekly Processing should create a state with pets","invocations":1,"location":n
[...]
tDisease should return null for unknown event","invocations":1,"location":null,"numPassingAsserts":1,"retryReasons":[],"status":"passed","title":"should return null for unknown event"}],"endTime":1773090284187,"message":"","name":"C:\\Users\\IsacC\\Downloads\\DeeplifeSim-main OLD-WORKING(1.8.6)\\DeeplifeSim-main\\__tests__\\lib\\diseases\\diseaseGenerator.test.ts","startTime":1773090284122,"status":"passed","summary":""},{"assertionResults":[{"ancestorTitles":["E2E Game Flow Tests","Basic Game Loop"],"duration":2,"failureDetails":[],"failureMessages":[],"fullName":"E2E Game Flow Tests Basic Game Loop should complete a basic week cycle","invocations":1,"location":null,"numPassingAsserts":18,"retryReasons":[],"status":"passed","title":"should complete a basic week cycle"},{"ancestorTitles":["E2E Game Flow Tests","Basic Game Loop"],"duration":1,"failureDetails":[],"failureMessages":[],"fullName":"E2E Game Flow Tests Basic Game Loop should handle energy depletion","invocations":1,"location":null,"numPassingAsserts":3,"retryReasons":[],"status":"passed","title":"should handle energy depletion"},{"ancestorTitles":["E2E Game Flow Tests","Basic Game Loop"],"duration":0,"failureDetails":[],"failureMessages":[],"fullName":"E2E Game Flow Tests Basic Game Loop should handle money management","invocations":1,"location":null,"numPassingAsserts":6,"retryReasons":[],"status":"passed","title":"should handle money management"},{"ancestorTitles":["E2E Game Flow Tests","Career Progression"],"duration":1,"failureDetails":[],"failureMessages":[],"fullName":"E2E Game Flow Tests Career Progression should simulate career progression","invocations":1,"location":null,"numPassingAsserts":6,"retryReasons":[],"status":"passed","title":"should simulate career progression"},{"ancestorTitles":["E2E Game Flow Tests","Stat Management"],"duration":1,"failureDetails":[],"failureMessages":[],"fullName":"E2E Game Flow Tests Stat Management should maintain stat boundaries","invocations":1,"location":null,"numPassingAsserts":4,"retryReasons":[],"status":"passed","title":"should maintain stat boundaries"},{"ancestorTitles":["E2E Game Flow Tests","Stat Management"],"duration":0,"failureDetails":[],"failureMessages":[],"fullName":"E2E Game Flow Tests Stat Management should handle stat regeneration","invocations":1,"location":null,"numPassingAsserts":2,"retryReasons":[],"status":"passed","title":"should handle stat regeneration"},{"ancestorTitles":["E2E Game Flow Tests","Long-term Progression"],"duration":3,"failureDetails":[],"failureMessages":[],"fullName":"E2E Game Flow Tests Long-term Progression should simulate multiple weeks of gameplay","invocations":1,"location":null,"numPassingAsserts":4,"retryReasons":[],"status":"passed","title":"should simulate multiple weeks of gameplay"},{"ancestorTitles":["E2E Game Flow Tests","Long-term Progression"],"duration":0,"failureDetails":[],"failureMessages":[],"fullName":"E2E Game Flow Tests Long-term Progression should handle complex stat interactions","invocations":1,"location":null,"numPassingAsserts":4,"retryReasons":[],"status":"passed","title":"should handle complex stat interactions"},{"ancestorTitles":["E2E Game Flow Tests","Error Handling"],"duration":1,"failureDetails":[],"failureMessages":[],"fullName":"E2E Game Flow Tests Error Handling should handle invalid actions gracefully","invocations":1,"location":null,"numPassingAsserts":2,"retryReasons":[],"status":"passed","title":"should handle invalid actions gracefully"},{"ancestorTitles":["E2E Game Flow Tests","Error Handling"],"duration":0,"failureDetails":[],"failureMessages":[],"fullName":"E2E Game Flow Tests Error Handling should maintain game state consistency","invocations":1,"location":null,"numPassingAsserts":10,"retryReasons":[],"status":"passed","title":"should maintain game state consistency"}],"endTime":1773090284247,"message":"","name":"C:\\Users\\IsacC\\Downloads\\DeeplifeSim-main OLD-WORKING(1.8.6)\\DeeplifeSim-main\\__tests__\\e2e\\gameFlow.test.ts","startTime":1773090284190,"status":"passed","summary":""},{"assertionResults":[{"ancestorTitles":["Disease System Integration"],"duration":1,"failureDetails":[],"failureMessages":[],"fullName":"Disease System Integration should generate disease during week progression when conditions are met","invocations":1,"location":null,"numPassingAsserts":2,"retryReasons":[],"status":"passed","title":"should generate disease during week progression when conditions are met"},{"ancestorTitles":["Disease System Integration"],"duration":0,"failureDetails":[],"failureMessages":[],"fullName":"Disease System Integration should apply disease effects during week progression","invocations":1,"location":null,"numPassingAsserts":3,"retryReasons":[],"status":"passed","title":"should apply disease effects during week progression"},{"ancestorTitles":["Disease System Integration"],"duration":1,"failureDetails":[],"failureMessages":[],"fullName":"Disease System Integration should handle death countdown during week progression","invocations":1,"location":null,"numPassingAsserts":2,"retryReasons":[],"status":"passed","title":"should handle death countdown during week progression"},{"ancestorTitles":["Disease System Integration"],"duration":0,"failureDetails":[],"failureMessages":[],"fullName":"Disease System Integration should handle natural recovery during week progression","invocations":1,"location":null,"numPassingAsserts":2,"retryReasons":[],"status":"passed","title":"should handle natural recovery during week progression"},{"ancestorTitles":["Disease System Integration"],"duration":1,"failureDetails":[],"failureMessages":[],"fullName":"Disease System Integration should track disease history correctly","invocations":1,"location":null,"numPassingAsserts":4,"retryReasons":[],"status":"passed","title":"should track disease history correctly"},{"ancestorTitles":["Disease System Integration"],"duration":0,"failureDetails":[],"failureMessages":[],"fullName":"Disease System Integration should handle event-triggered diseases","invocations":1,"location":null,"numPassingAsserts":2,"retryReasons":[],"status":"passed","title":"should handle event-triggered diseases"},{"ancestorTitles":["Disease System Integration"],"duration":0,"failureDetails":[],"failureMessages":[],"fullName":"Disease System Integration should handle multiple diseases simultaneously","invocations":1,"location":null,"numPassingAsserts":2,"retryReasons":[],"status":"passed","title":"should handle multiple diseases simultaneously"}],"endTime":1773090284311,"message":"","name":"C:\\Users\\IsacC\\Downloads\\DeeplifeSim-main OLD-WORKING(1.8.6)\\DeeplifeSim-main\\__tests__\\lib\\diseases\\diseaseIntegration.test.ts","startTime":1773090284250,"status":"passed","summary":""},{"assertionResults":[{"ancestorTitles":["useAchievements grouping"],"duration":2,"failureDetails":[],"failureMessages":[],"fullName":"useAchievements grouping updates stackIndex and stackSize after claiming","invocations":1,"location":null,"numPassingAsserts":4,"retryReasons":[],"status":"passed","title":"updates stackIndex and stackSize after claiming"},{"ancestorTitles":["useAchievements grouping"],"duration":0,"failureDetails":[],"failureMessages":[],"fullName":"useAchievements grouping groups social achievements correctly","invocations":1,"location":null,"numPassingAsserts":4,"retryReasons":[],"status":"passed","title":"groups social achievements correctly"}],"endTime":1773090284387,"message":"","name":"C:\\Users\\IsacC\\Downloads\\DeeplifeSim-main OLD-WORKING(1.8.6)\\DeeplifeSim-main\\hooks\\useAchievements.test.ts","startTime":1773090284316,"status":"passed","summary":""},{"assertionResults":[{"ancestorTitles":["Disease Progression"],"duration":1,"failureDetails":[],"failureMessages":[],"fullName":"Disease Progression should apply disease effects to stats","invocations":1,"location":null,"numPassingAsserts":2,"retryReasons":[],"status":"passed","title":"should apply disease effects to stats"},{"ancestorTitles":["Disease Progression"],"duration":0,"failureDetails":[],"failureMessages":[],"fullName":"Disease Progression should decrement weeksUntilDeath each week","invocations":1,"location":null,"numPassingAsserts":1,"retryReasons":[],"status":"passed","title":"should decrement weeksUntilDeath each week"},{"ancestorTitles":["Disease Progression"],"duration":1,"failureDetails":[],"failureMessages":[],"fullName":"Disease Progression should handle natural recovery","invocations":1,"location":null,"numPassingAsserts":2,"retryReasons":[],"status":"passed","title":"should handle natural recovery"},{"ancestorTitles":["Disease Progression"],"duration":0,"failureDetails":[],"failureMessages":[],"fullName":"Disease Progression should track disease history","invocations":1,"location":null,"numPassingAsserts":3,"retryReasons":[],"status":"passed","title":"should track disease history"}],"endTime":1773090284454,"message":"","name":"C:\\Users\\IsacC\\Downloads\\DeeplifeSim-main OLD-WORKING(1.8.6)\\DeeplifeSim-main\\__tests__\\lib\\diseases\\diseaseProgression.test.ts","startTime":1773090284389,"status":"passed","summary":""},{"assertionResults":[{"ancestorTitles":["Disease Curing Logic"],"duration":1,"failureDetails":[],"failureMessages":[],"fullName":"Disease Curing Logic should cure diseases with doctor visit (50% chance)","invocations":1,"location":null,"numPassingAsserts":3,"retryReasons":[],"status":"passed","title":"should cure diseases with doctor visit (50% chance)"},{"ancestorTitles":["Disease Curing Logic"],"duration":0,"failureDetails":[],"failureMessages":[],"fullName":"Disease Curing Logic should cure all curable diseases with hospital stay","invocations":1,"location":null,"numPassingAsserts":2,"retryReasons":[],"status":"passed","title":"should cure all curable diseases with hospital stay"},{"ancestorTitles":["Disease Curing Logic"],"duration":1,"failureDetails":[],"failureMessages":[],"fullName":"Disease Curing Logic should not cure cancer with hospital stay","invocations":1,"location":null,"numPassingAsserts":2,"retryReasons":[],"status":"passed","title":"should not cure cancer with hospital stay"},{"ancestorTitles":["Disease Curing Logic"],"duration":0,"failureDetails":[],"failureMessages":[],"fullName":"Disease Curing Logic should cure critical diseases with experimental treatment","invocations":1,"location":null,"numPassingAsserts":3,"retryReasons":[],"status":"passed","title":"should cure critical diseases with experimental treatment"}],"endTime":1773090284516,"message":"","name":"C:\\Users\\IsacC\\Downloads\\DeeplifeSim-main OLD-WORKING(1.8.6)\\DeeplifeSim-main\\__tests__\\lib\\diseases\\diseaseCuring.test.ts","startTime":1773090284458,"status":"passed","summary":""},{"assertionResults":[{"ancestorTitles":["seasonal events","getCurrentSeason"],"duration":1,"failureDetails":[],"failureMessages":[],"fullName":"seasonal events getCurrentSeason should return correct season for each month","invocations":1,"location":null,"numPassingAsserts":4,"retryReasons":[],"status":"passed","title":"should return correct season for each month"},{"ancestorTitles":["seasonal events","getCurrentHoliday"],"duration":0,"failureDetails":[],"failureMessages":[],"fullName":"seasonal events getCurrentHoliday should return correct holiday for specific dates","invocations":1,"location":null,"numPassingAsserts":4,"retryReasons":[],"status":"passed","title":"should return correct holiday for specific dates"},{"ancestorTitles":["seasonal events","getCurrentHoliday"],"duration":0,"failureDetails":[],"failureMessages":[],"fullName":"seasonal events getCurrentHoliday should return null for non-holiday dates","invocations":1,"location":null,"numPassingAsserts":2,"retryReasons":[],"status":"passed","title":"should return null for non-holiday dates"},{"ancestorTitles":["seasonal events","isSeasonalEventActive"],"duration":0,"failureDetails":[],"failureMessages":[],"fullName":"seasonal events isSeasonalEventActive should correctly identify active events","invocations":1,"location":null,"numPassingAsserts":1,"retryReasons":[],"status":"passed","title":"should correctly identify active events"},{"ancestorTitles":["seasonal events","isSeasonalEventActive"],"duration":1,"failureDetails":[],"failureMessages":[],"fullName":"seasonal events isSeasonalEventActive should correctly identify inactive events","invocations":1,"location":null,"numPassingAsserts":1,"retryReasons":[],"status":"passed","title":"should correctly identify inactive events"},{"ancestorTitles":["seasonal events","getActiveSeasonalEvents"],"duration":0,"failureDetails":[],"failureMessages":[],"fullName":"seasonal events getActiveSeasonalEvents should return active events for current date","invocations":1,"location":null,"numPassingAsserts":2,"retryReasons":[],"status":"passed","title":"should return active events for current date"},{"ancestorTitles":["seasonal events","getSeasonalEventById"],"duration":0,"failureDetails":[],"failureMessages":[],"fullName":"seasonal events getSeasonalEventById should return event by ID","invocations":1,"location":null,"numPassingAsserts":2,"retryReasons":[],"status":"passed","title":"should return event by ID"},{"ancestorTitles":["seasonal events","getSeasonalEventById"],"duration":0,"failureDetails":[],"failureMessages":[],"fullName":"seasonal events getSeasonalEventById should return undefined for invalid ID","invocations":1,"location":null,"numPassingAsserts":1,"retryReasons":[],"status":"passed","title":"should return undefined for invalid ID"}],"endTime":1773090284586,"message":"","name":"C:\\Users\\IsacC\\Downloads\\DeeplifeSim-main OLD-WORKING(1.8.6)\\DeeplifeSim-main\\__tests__\\lib\\events\\seasonal.test.ts","startTime":1773090284519,"status":"passed","summary":""},{"assertionResults":[{"ancestorTitles":["evaluateAchievements"],"duration":3,"failureDetails":[],"failureMessages":[],"fullName":"evaluateAchievements unlocks first million when net worth reaches threshold","invocations":1,"location":null,"numPassingAsserts":1,"retryReasons":[],"status":"passed","title":"unlocks first million when net worth reaches threshold"},{"ancestorTitles":["evaluateAchievements"],"duration":0,"failureDetails":[],"failureMessages":[],"fullName":"evaluateAchievements unlocks healthy lifestyle after 10 healthy weeks","invocations":1,"location":null,"numPassingAsserts":1,"retryReasons":[],"status":"passed","title":"unlocks healthy lifestyle after 10 healthy weeks"},{"ancestorTitles":["evaluateAchievements"],"duration":0,"failureDetails":[],"failureMessages":[],"fullName":"evaluateAchievements unlocks social star with enough relationships","invocations":1,"location":null,"numPassingAsserts":1,"retryReasons":[],"status":"passed","title":"unlocks social star with enough relationships"},{"ancestorTitles":["evaluateAchievements"],"duration":1,"failureDetails":[],"failureMessages":[],"fullName":"evaluateAchievements does not unlock already achieved milestones","invocations":1,"location":null,"numPassingAsserts":1,"retryReasons":[],"status":"passed","title":"does not unlock already achieved milestones"}],"endTime":1773090284646,"message":"","name":"C:\\Users\\IsacC\\Downloads\\DeeplifeSim-main OLD-WORKING(1.8.6)\\DeeplifeSim-main\\lib\\progress\\__tests__\\achievements.test.ts","startTime":1773090284589,"status":"passed","summary":""},{"assertionResults":[],"coverage":{},"endTime":1773090285449,"message":"  ● Test suite failed to run\n\n    Your test suite must contain at least one test.\n\n      at onResult (C:\\Users\\IsacC\\Downloads\\DeeplifeSim-main OLD-WORKING(1.8.6)../../../../../DeeplifeSim-main/node_modules/@jest/core/build/TestScheduler.js:133:18)\n      at C:\\Users\\IsacC\\Downloads\\DeeplifeSim-main OLD-WORKING(1.8.6)../../../../../DeeplifeSim-main/node_modules/@jest/core/build/TestScheduler.js:254:19\n      at C:\\Users\\IsacC\\Downloads\\DeeplifeSim-main OLD-WORKING(1.8.6)../../../../../DeeplifeSim-main/node_modules/emittery/index.js:363:13\n          at Array.map (<anonymous>)\n      at Emittery.emit (C:\\Users\\IsacC\\Downloads\\DeeplifeSim-main OLD-WORKING(1.8.6)../../../../../DeeplifeSim-main/node_modules/emittery/index.js:361:23)\n","name":"C:\\Users\\IsacC\\Downloads\\DeeplifeSim-main OLD-WORKING(1.8.6)\\DeeplifeSim-main\\lib\\skillTrees\\__tests__\\careerSkillTrees.test.ts","startTime":1773090285449,"status":"failed","summary":""},{"assertionResults":[],"coverage":{},"endTime":1773090285449,"message":"  ● Test suite failed to run\n\n    Your test suite must contain at least one test.\n\n      at onResult (C:\\Users\\IsacC\\Downloads\\DeeplifeSim-main OLD-WORKING(1.8.6)../../../../../DeeplifeSim-main/node_modules/@jest/core/build/TestScheduler.js:133:18)\n      at C:\\Users\\IsacC\\Downloads\\DeeplifeSim-main OLD-WORKING(1.8.6)../../../../../DeeplifeSim-main/node_modules/@jest/core/build/TestScheduler.js:254:19\n      at C:\\Users\\IsacC\\Downloads\\DeeplifeSim-main OLD-WORKING(1.8.6)../../../../../DeeplifeSim-main/node_modules/emittery/index.js:363:13\n          at Array.map (<anonymous>)\n      at Emittery.emit (C:\\Users\\IsacC\\Downloads\\DeeplifeSim-main OLD-WORKING(1.8.6)../../../../../DeeplifeSim-main/node_modules/emittery/index.js:361:23)\n","name":"C:\\Users\\IsacC\\Downloads\\DeeplifeSim-main OLD-WORKING(1.8.6)\\DeeplifeSim-main\\__tests__\\scenarios\\scenarioCrashTest.ts","startTime":1773090285449,"status":"failed","summary":""},{"assertionResults":[],"coverage":{},"endTime":1773090285449,"message":"  ● Test suite failed to run\n\n    Cannot find module '@testing-library/react-native' from '__tests__/integration/gameFlow.test.tsx'\n\n    \u001b[0m \u001b[90m 1 |\u001b[39m \u001b[36mimport\u001b[39m { \u001b[33mGameProvider\u001b[39m\u001b[33m,\u001b[39m useGame } \u001b[36mfrom\u001b[39m \u001b[32m'@/contexts/GameContext'\u001b[39m\u001b[33m;\u001b[39m\n    \u001b[31m\u001b[1m>\u001b[22m\u001b[39m\u001b[90m 2 |\u001b[39m \u001b[36mimport\u001b[39m { render\u001b[33m,\u001b[39m act\u001b[33m,\u001b[39m waitFor } \u001b[36mfrom\u001b[39m \u001b[32m'@testing-library/react-native'\u001b[39m\u001b[33m;\u001b[39m\n     \u001b[90m   |\u001b[39m \u001b[31m\u001b[1m^\u001b[22m\u001b[39m\n     \u001b[90m 3 |\u001b[39m \u001b[36mimport\u001b[39m \u001b[33mReact\u001b[39m \u001b[36mfrom\u001b[39m \u001b[32m'react'\u001b[39m\u001b[33m;\u001b[39m\n     \u001b[90m 4 |\u001b[39m\n     \u001b[90m 5 |\u001b[39m \u001b[90m// Mock AsyncStorage\u001b[39m\u001b[0m\n\n      at Resolver._throwModNotFoundError (C:\\Users\\IsacC\\Downloads\\DeeplifeSim-main OLD-WORKING(1.8.6)../../../../../DeeplifeSim-main/node_modules/jest-resolve/build/resolver.js:427:11)\n      at Object.<anonymous> (C:\\Users\\IsacC\\Downloads\\DeeplifeSim-main OLD-WORKING(1.8.6)../../../../../DeeplifeSim-main/__tests__/integration/gameFlow.test.tsx:2:1)\n","name":"C:\\Users\\IsacC\\Downloads\\DeeplifeSim-main OLD-WORKING(1.8.6)\\DeeplifeSim-main\\__tests__\\integration\\gameFlow.test.tsx","startTime":1773090285449,"status":"failed","summary":""},{"assertionResults":[],"coverage":{},"endTime":1773090285449,"message":"  ● Test suite failed to run\n\n    Your test suite must contain at least one test.\n\n      at onResult (C:\\Users\\IsacC\\Downloads\\DeeplifeSim-main OLD-WORKING(1.8.6)../../../../../DeeplifeSim-main/node_modules/@jest/core/build/TestScheduler.js:133:18)\n      at C:\\Users\\IsacC\\Downloads\\DeeplifeSim-main OLD-WORKING(1.8.6)../../../../../DeeplifeSim-main/node_modules/@jest/core/build/TestScheduler.js:254:19\n      at C:\\Users\\IsacC\\Downloads\\DeeplifeSim-main OLD-WORKING(1.8.6)../../../../../DeeplifeSim-main/node_modules/emittery/index.js:363:13\n          at Array.map (<anonymous>)\n      at Emittery.emit (C:\\Users\\IsacC\\Downloads\\DeeplifeSim-main OLD-WORKING(1.8.6)../../../../../DeeplifeSim-main/node_modules/emittery/index.js:361:23)\n","name":"C:\\Users\\IsacC\\Downloads\\DeeplifeSim-main OLD-WORKING(1.8.6)\\DeeplifeSim-main\\__tests__\\helpers\\createTestGameState.ts","startTime":1773090285449,"status":"failed","summary":""}],"wasInterrupted":false}
