{"numFailedTestSuites":24,"numFailedTests":12,"numPassedTestSuites":12,"numPassedTests":130,"numPendingTestSuites":0,"numPendingTests":0,"numRuntimeErrorTestSuites":19,"numTodoTests":0,"numTotalTestSuites":36,"numTotalTests":142,"openHandles":[],"snapshot":{"added":0,"didUpdate":false,"failure":false,"filesAdded":0,"filesRemoved":0,"filesRemovedList":[],"filesUnmatched":0,"filesUpdated":0,"matched":0,"total":0,"unchecked":0,"uncheckedKeysByFile":[],"unmatched":0,"updated":0},"startTime":1773088380380,"success":false,"testResults":[{"assertionResults":[{"ancestorTitles":["useAchievements grouping"],"duration":6,"failureDetails":[],"failureMessages":[],"fullName":"useAchievements grouping updates stackIndex and stackSize after claiming","invocations":1,"location":null,"numPassingAsserts":4,"retryReasons":[],"status":"passed","title":"updates stackIndex and stackSize after claiming"},{"ancestorTitles":["useAchievements grouping"],"duration":3,"failureDetails":[{"matcherResult":{"actual":11,"expected":2,"message":"expect(received).toBe(expected) // Object.is equality\n\nExpected: 2\nReceived: 11","name":"toBe","pass":false}}],"failureMessages":["Error: expect(received).toBe(expected) // Object.is equality\n\nExpected: 2\nReceived: 11\n    at Object.<anonymous> (C:\\Users\\IsacC\\Downloads\\DeeplifeSim-main OLD-WORKING(1.8.6)\\DeeplifeSim-main\\hooks\\useAchievements.test.ts:54:30)\n    at Promise.then.completed (C:\\Users\\IsacC\\Downloads\\DeeplifeSim-main OLD-WORKING(1.8.6)\\DeeplifeSim-main\\node_modules\\jest-circus\\build\\utils.js:298:28)\n    at new Promise (<anonymous>)\n    at callAsyncCircusFn (C:\\Users\\IsacC\\Downloads\\DeeplifeSim-main OLD-WORKING(1.8.6)\\DeeplifeSim-main\\node_modules\\jest-circus\\build\\utils.js:231:10)\n    at _callCircusTest (C:\\Users\\IsacC\\Downloads\\DeeplifeSim-main OLD-WORKING(1.8.6)\\DeeplifeSim-main\\node_modules\\jest-circus\\build\\run.js:316:40)\n    at _runTest (C:\\Users\\IsacC\\Downloads\\DeeplifeSim-main OLD-WORKING(1.8.6)\\DeeplifeSim-main\\node_modules\\jest-circus\\build\\run.js:252:3)\n    at _runTestsForDescribeBlock (C:\\Users\\IsacC\\Downloads\\DeeplifeSim-main OLD-WORKING(1.8.6)\\DeeplifeSim-main\\node_modules\\jest-circus\\build\\run.js:126:9)\n    at _runTestsForDescribeBlock (C:\\Users\\IsacC\\Downloads\\DeeplifeSim-main OLD-WORKING(1.8.6)\\DeeplifeSim-main\\node_modules\\jest-circus\\build\\run.js:121:9)\n    at run (C:\\Users\\IsacC\\Downloads\\DeeplifeSim-main OLD-WORKING(1.8.6)\\DeeplifeSim-main\\node_modules\\jest-circus\\build\\run.js:71:3)\n    at runAndTransformResultsToJestFormat (C:\\Users\\IsacC\\Downloads\\DeeplifeSim-main OLD-WORKING(1.8.6)\\DeeplifeSim-main\\node_modules\\jest-circus\\build\\legacy-code-todo-rewrite\\jestAdapterInit.js:122:21)\n    at jestAdapter (C:\\Users\\IsacC\\Downloads\\DeeplifeSim-main OLD-WORKING(1.8.6)\\DeeplifeSim-main\\node_modules\\jest-circus\\build\\legacy-code-todo-rewrite\\jestAdapter.js:79:19)\n    at runTestInternal (C:\\Users\\IsacC\\Downloads\\DeeplifeSim-main OLD-WORKING(1.8.6)\\DeeplifeSim-main\\node_modules\\jest-runner\\build\\runTest.js:367:16)\n    at runTest (C:\\Users\\IsacC\\Downloads\\DeeplifeSim-main OLD-WORKING(1.8.6)\\DeeplifeSim-main\\node_modules\\jest-runner\\build\\runTest.js:444:34)"],"fullName":"useAchievements grouping groups social achievements correctly","invocations":1,"location":null,"numPassingAsserts":1,"retryReasons":[],"status":"failed","title":"groups social achievements correctly"}],"endTime":1773088389204,"message":"  ● useAchievements grouping › groups social achievements correctly\n\n    expect(received).toBe(expected) // Object.is equality\n\n    Expected: 2\n    Received: 11\n\n    \u001b[0m \u001b[90m 52 |\u001b[39m     \u001b[36mconst\u001b[39m social \u001b[33m=\u001b[39m initial\u001b[33m.\u001b[39mfind(a \u001b[33m=>\u001b[39m a\u001b[33m.\u001b[39mid \u001b[33m===\u001b[39m \u001b[32m'social_butterfly'\u001b[39m)\u001b[33m;\u001b[39m\n     \u001b[90m 53 |\u001b[39m     expect(social\u001b[33m.\u001b[39mstackIndex)\u001b[33m.\u001b[39mtoBe(\u001b[35m0\u001b[39m)\u001b[33m;\u001b[39m\n    \u001b[31m\u001b[1m>\u001b[22m\u001b[39m\u001b[90m 54 |\u001b[39m     expect(social\u001b[33m.\u001b[39mstackSize)\u001b[33m.\u001b[39mtoBe(\u001b[35m2\u001b[39m)\u001b[33m;\u001b[39m\n     \u001b[90m    |\u001b[39m                              \u001b[31m\u001b[1m^\u001b[22m\u001b[39m\n     \u001b[90m 55 |\u001b[39m\n     \u001b[90m 56 |\u001b[39m     \u001b[36mconst\u001b[39m afterClaim \u001b[33m=\u001b[39m compute({ relationships\u001b[33m:\u001b[39m []\u001b[33m,\u001b[39m claimedProgressAchievements\u001b[33m:\u001b[39m [\u001b[32m'social_butterfly'\u001b[39m] })\u001b[33m;\u001b[39m\n     \u001b[90m 57 |\u001b[39m     \u001b[36mconst\u001b[39m socialNext \u001b[33m=\u001b[39m afterClaim\u001b[33m.\u001b[39mfind(a \u001b[33m=>\u001b[39m a\u001b[33m.\u001b[39mid \u001b[33m===\u001b[39m \u001b[32m'social_celebrity'\u001b[39m)\u001b[33m;\u001b[39m\u001b[0m\n\n      at Object.<anonymous> (C:\\Users\\IsacC\\Downloads\\DeeplifeSim-main OLD-WORKING(1.8.6)../../../../../DeeplifeSim-main/hooks/useAchievements.test.ts:54:30)\n","name":"C:\\Users\\IsacC\\Downloads\\DeeplifeSim-main OLD-WORKING(1.8.6)\\DeeplifeSim-main\\hooks\\useAchievements.test.ts","startTime":1773088380917,"status":"failed","summary":""},{"assertionResults":[{"ancestorTitles":["Critical Path: New Game → First Week"],"duration":2,"failureDetails":[],"failureMessages":[],"fullName":"Critical Path: New Game → First Week should create a valid initial game state","invocations":1,"location":null,"numPassingAsserts":11,"retryReasons":[],"status":"passed","title":"should create a valid initial game state"},{"ancestorTitles":["Critical Path: New Game → First Week"],"duration":1,"failureDetails":[],"failureMessages":[],"fullName":"Critical Path: New Game → First Week should have required starting data structures","invocations":1,"location":null,"numPassingAsserts":9,"retryReasons":[],"status":"passed","title":"should have required starting data structures"},{"ancestorTitles":["Critical Path: New Game → First Week"],"duration":2,"failureDetails":[],"failureMessages":[],"fullName":"Critical Path: New Game → First Week should advance one week correctly","invocations":1,"location":null,"numPassingAsserts":3,"retryReasons":[],"status":"passed","title":"should advance one week correctly"},{"ancestorTitles":["Critical Path: New Game → First Week"],"duration":2,"failureDetails":[],"failureMessages":[],"fullName":"Critical Path: New Game → First Week should advance 10 weeks and maintain stat boundaries","invocations":1,"location":null,"numPassingAsserts":5,"retryReasons":[],"status":"passed","title":"should advance 10 weeks and maintain stat boundaries"},{"ancestorTitles":["Critical Path: New Game → First Week"],"duration":0,"failureDetails":[],"failureMessages":[],"fullName":"Critical Path: New Game → First Week should start with parent relationships","invocations":1,"location":null,"numPassingAsserts":1,"retryReasons":[],"status":"passed","title":"should start with parent relationships"},{"ancestorTitles":["Critical Path: Save → Load → Verify"],"duration":22,"failureDetails":[],"failureMessages":[],"fullName":"Critical Path: Save → Load → Verify should create save data with valid checksum","invocations":1,"location":null,"numPassingAsserts":4,"retryReasons":[],"status":"passed","title":"should create save data with valid checksum"},{"ancestorTitles":["Critical Path: Save → Load → Verify"],"duration":42,"failureDetails":[],"failureMessages":[],"fullName":"Critical Path: Save → Load → Verify should verify correct checksum","invocations":1,"location":null,"numPassingAsserts":1,"retryReasons":[],"status":"passed","title":"should verify correct checksum"},{"ancestorTitles":["Critical Path: Save → Load → Verify"],"duration":6,"failureDetails":[],"failureMessages":[],"fullName":"Critical Path: Save → Load → Verify should detect corrupted data via checksum","invocations":1,"location":null,"numPassingAsserts":1,"retryReasons":[],"status":"passed","title":"should detect corrupted data via checksum"},{"ancestorTitles":["Critical Path: Save → Load → Verify"],"duration":24,"failureDetails":[],"failureMessages":[],"fullName":"Critical Path: Save → Load → Verify should round-trip state through save/parse cycle","invocations":1,"location":null,"numPassingAsserts":7,"retryReasons":[],"status":"passed","title":"should round-trip state through save/parse cycle"},{"ancestorTitles":["Critical Path: Save → Load → Verify"],"duration":16,"failureDetails":[],"failureMessages":[],"fullName":"Critical Path: Save → Load → Verify should preserve complex nested data through save/parse","invocations":1,"location":null,"numPassingAsserts":6,"retryReasons":[],"status":"passed","title":"should preserve complex nested data through save/parse"},{"ancestorTitles":["Critical Path: Save → Load → Verify"],"duration":1,"failureDetails":[],"failureMessages":[],"fullName":"Critical Path: Save → Load → Verify should reject malformed JSON","invocations":1,"location":null,"numPassingAsserts":3,"retryReasons":[],"status":"passed","title":"should reject malformed JSON"},{"ancestorTitles":["Critical Path: Save Validation & Repair"],"duration":0,"failureDetails":[],"failureMessages":[],"fullName":"Critical Path: Save Validation & Repair should validate a correct game state","invocations":1,"location":null,"numPassingAsserts":1,"retryReasons":[],"status":"passed","title":"should validate a correct game state"},{"ancestorTitles":["Critical Path: Save Validation & Repair"],"duration":0,"failureDetails":[],"failureMessages":[],"fullName":"Critical Path: Save Validation & Repair should reject null state","invocations":1,"location":null,"numPassingAsserts":1,"retryReasons":[],"status":"passed","title":"should reject null state"},{"ancestorTitles":["Critical Path: Save Validation & Repair"],"duration":1,"failureDetails":[],"failureMessages":[],"fullName":"Critical Path: Save Validation & Repair should reject state missing stats","invocations":1,"location":null,"numPassingAsserts":1,"retryReasons":[],"status":"passed","title":"should reject state missing stats"},{"ancestorTitles":["Critical Path: Save Validation & Repair"],"duration":2,"failureDetails":[],"failureMessages":[],"fullName":"Critical Path: Save Validation & Repair should auto-fix out-of-range stats","invocations":1,"location":null,"numPassingAsserts":8,"retryReasons":[],"status":"passed","title":"should auto-fix out-of-range stats"},{"ancestorTitles":["Critical Path: Save Validation & Repair"],"duration":2,"failureDetails":[],"failureMessages":[],"fullName":"Critical Path: Save Validation & Repair should repair missing arrays","invocations":1,"location":null,"numPassingAsserts":5,"retryReasons":[],"status":"passed","title":"should repair missing arrays"},{"ancestorTitles":["Critical Path: Save Validation & Repair"],"duration":1,"failureDetails":[],"failureMessages":[],"fullName":"Critical Path: Save Validation & Repair should repair NaN values in nested objects","invocations":1,"location":null,"numPassingAsserts":3,"retryReasons":[],"status":"passed","title":"should repair NaN values in nested objects"},{"ancestorTitles":["Critical Path: Prestige System"],"duration":2,"failureDetails":[{"matcherResult":{"actual":10000000,"expected":100000000,"message":"expect(received).toBe(expected) // Object.is equality\n\nExpected: 100000000\nReceived: 10000000","name":"toBe","pass":false}}],"failureMessages":["Error: expect(received).toBe(expected) // Object.is equality\n\nExpected: 100000000\nReceived: 10000000\n    at Object.<anonymous> (C:\\Users\\IsacC\\Downloads\\DeeplifeSim-main OLD-WORKING(1.8.6)\\DeeplifeSim-main\\__tests__\\integration\\criticalPaths.test.ts:362:37)\n    at Promise.then.completed (C:\\Users\\IsacC\\Downloads\\DeeplifeSim-main OLD-WORKING(1.8.6)\\DeeplifeSim-main\\node_modules\\jest-circus\\build\\utils.js:298:28)\n    at new Promise (<anonymous>)\n    at callAsyncCircusFn (C:\\Users\\IsacC\\Downloads\\DeeplifeSim-main OLD-WORKING(1.8.6)\\DeeplifeSim-main\\node_modules\\jest-circus\\build\\utils.js:231:10)\n    at _callCircusTest (C:\\Users\\IsacC\\Downloads\\DeeplifeSim-main OLD-WORKING(1.8.6)\\DeeplifeSim-main\\node_modules\\jest-circus\\build\\run.js:316:40)\n    at _runTest (C:\\Users\\IsacC\\Downloads\\DeeplifeSim-main OLD-WORKING(1.8.6)\\DeeplifeSim-main\\node_modules\\jest-circus\\build\\run.js:252:3)\n    at _runTestsForDescribeBlock (C:\\Users\\IsacC\\Downloads\\DeeplifeSim-main OLD-WORKING(1.8.6)\\DeeplifeSim-main\\node_modules\\jest-circus\\build\\run.js:126:9)\n    at _runTestsForDescribeBlock (C:\\Users\\IsacC\\Downloads\\DeeplifeSim-main OLD-WORKING(1.8.6)\\DeeplifeSim-main\\node_modules\\jest-circus\\build\\run.js:121:9)\n    at run (C:\\Users\\IsacC\\Downloads\\DeeplifeSim-main OLD-WORKING(1.8.6)\\DeeplifeSim-main\\node_modules\\jest-circus\\build\\run.js:71:3)\n    at runAndTransformResultsToJestFormat (C:\\Users\\IsacC\\Downloads\\DeeplifeSim-main OLD-WORKING(1.8.6)\\DeeplifeSim-main\\node_modules\\jest-circus\\build\\legacy-code-todo-rewrite\\jestAdapterInit.js:122:21)\n    at jestAdapter (C:\\Users\\IsacC\\Downloads\\DeeplifeSim-main OLD-WORKING(1.8.6)\\DeeplifeSim-main\\node_modules\\jest-circus\\build\\legacy-code-todo-rewrite\\jestAdapter.js:79:19)\n    at runTestInternal (C:\\Users\\IsacC\\Downloads\\DeeplifeSim-main OLD-WORKING(1.8.6)\\DeeplifeSim-main\\node_modules\\jest-runner\\build\\runTest.js:367:16)\n    at runTest (C:\\Users\\IsacC\\Downloads\\DeeplifeSim-main OLD-WORKING(1.8.6)\\DeeplifeSim-main\\node_modules\\jest-runner\\build\\runTest.js:444:34)"],"fullName":"Critical Path: Prestige System should calculate prestige threshold correctly","invocations":1,"location":null,"numPassingAsserts":0,"retryReasons":[],"status":"failed","title":"should calculate prestige threshold correctly"},{"ancestorTitles":["Critical Path: Prestige System"],"duration":2,"failureDetails":[],"failureMessages":[],"fullName":"Critical Path: Prestige System should have valid default prestige data","invocations":1,"location":null,"numPassingAsserts":6,"retryReasons":[],"status":"passed","title":"should have valid default prestige data"},{"ancestorTitles":["Critical Path: Prestige System"],"duration":3,"failureDetails":[],"failureMessages":[],"fullName":"Critical Path: Prestige System should compute inheritance from a wealthy state","invocations":1,"location":null,"numPassingAsserts":8,"retryReasons":[],"status":"passed","title":"should compute inheritance from a wealthy state"},{"ancestorTitles":["Critical Path: Prestige System"],"duration":2,"failureDetails":[],"failureMessages":[],"fullName":"Critical Path: Prestige System should compute inheritance with debts","invocations":1,"location":null,"numPassingAsserts":2,"retryReasons":[],"status":"passed","title":"should compute inheritance with debts"},{"ancestorTitles":["Critical Path: Prestige System"],"duration":1,"failureDetails":[],"failureMessages":[],"fullName":"Critical Path: Prestige System should handle prestige data preservation across generations","invocations":1,"location":null,"numPassingAsserts":6,"retryReasons":[],"status":"passed","title":"should handle prestige data preservation across generations"},{"ancestorTitles":["Critical Path: Death → Heir Selection"],"duration":1,"failureDetails":[],"failureMessages":[],"fullName":"Critical Path: Death → Heir Selection should compute inheritance for death scenario","invocations":1,"location":null,"numPassingAsserts":4,"retryReasons":[],"status":"passed","title":"should compute inheritance for death scenario"},{"ancestorTitles":["Critical Path: Death → Heir Selection"],"duration":0,"failureDetails":[],"failureMessages":[],"fullName":"Critical Path: Death → Heir Selection should have valid family data for heir selection","invocations":1,"location":null,"numPassingAsserts":9,"retryReasons":[],"status":"passed","title":"should have valid family data for heir selection"},{"ancestorTitles":["Critical Path: Death → Heir Selection"],"duration":1,"failureDetails":[],"failureMessages":[],"fullName":"Critical Path: Death → Heir Selection should handle death with no children (no heir)","invocations":1,"location":null,"numPassingAsserts":2,"retryReasons":[],"status":"passed","title":"should handle death with no children (no heir)"},{"ancestorTitles":["Critical Path: Death → Heir Selection"],"duration":0,"failureDetails":[],"failureMessages":[],"fullName":"Critical Path: Death → Heir Selection should track generation number correctly","invocations":1,"location":null,"numPassingAsserts":2,"retryReasons":[],"status":"passed","title":"should track generation number correctly"},{"ancestorTitles":["Critical Path: Pet Weekly Processing"],"duration":0,"failureDetails":[],"failureMessages":[],"fullName":"Critical Path: Pet Weekly Processing should create a state with pets","invocations":1,"location":null,"numPassingAsserts":3,"retryReasons":[],"status":"passed","title":"should create a state with pets"},{"ancestorTitles":["Critical Path: Pet Weekly Processing"],"duration":1,"failureDetails":[],"failureMessages":[],"fullName":"Critical Path: Pet Weekly Processing should simulate pet aging and hunger","invocations":1,"location":null,"numPassingAsserts":2,"retryReasons":[],"status":"passed","title":"should simulate pet aging and hunger"},{"ancestorTitles":["Critical Path: Pet Weekly Processing"],"duration":0,"failureDetails":[],"failureMessages":[],"fullName":"Critical Path: Pet Weekly Processing should detect pet health decline when hungry","invocations":1,"location":null,"numPassingAsserts":2,"retryReasons":[],"status":"passed","title":"should detect pet health decline when hungry"},{"ancestorTitles":["Critical Path: Pet Weekly Processing"],"duration":0,"failureDetails":[],"failureMessages":[],"fullName":"Critical Path: Pet Weekly Processing should track weeks at zero health for death detection","invocations":1,"location":null,"numPassingAsserts":1,"retryReasons":[],"status":"passed","title":"should track weeks at zero health for death detection"},{"ancestorTitles":["Critical Path: Pet Weekly Processing"],"duration":5,"failureDetails":[],"failureMessages":[],"fullName":"Critical Path: Pet Weekly Processing should handle dead pets correctly","invocations":1,"location":null,"numPassingAsserts":3,"retryReasons":[],"status":"passed","title":"should handle dead pets correctly"},{"ancestorTitles":["Critical Path: Vehicle System"],"duration":2,"failureDetails":[],"failureMessages":[],"fullName":"Critical Path: Vehicle System should have vehicle templates defined","invocations":1,"location":null,"numPassingAsserts":4,"retryReasons":[],"status":"passed","title":"should have vehicle templates defined"},{"ancestorTitles":["Critical Path: Vehicle System"],"duration":3,"failureDetails":[],"failureMessages":[],"fullName":"Critical Path: Vehicle System should create a vehicle from template","invocations":1,"location":null,"numPassingAsserts":9,"retryReasons":[],"status":"passed","title":"should create a vehicle from template"},{"ancestorTitles":["Critical Path: Vehicle System"],"duration":1,"failureDetails":[],"failureMessages":[],"fullName":"Critical Path: Vehicle System should calculate sell price with depreciation","invocations":1,"location":null,"numPassingAsserts":2,"retryReasons":[],"status":"passed","title":"should calculate sell price with depreciation"},{"ancestorTitles":["Critical Path: Vehicle System"],"duration":2,"failureDetails":[],"failureMessages":[],"fullName":"Critical Path: Vehicle System should reduce sell price with poor condition","invocations":1,"location":null,"numPassingAsserts":1,"retryReasons":[],"status":"passed","title":"should reduce sell price with poor condition"},{"ancestorTitles":["Critical Path: Vehicle System"],"duration":1,"failureDetails":[],"failureMessages":[],"fullName":"Critical Path: Vehicle System should calculate repair cost based on damage","invocations":1,"location":null,"numPassingAsserts":2,"retryReasons":[],"status":"passed","title":"should calculate repair cost based on damage"},{"ancestorTitles":["Critical Path: Vehicle System"],"duration":0,"failureDetails":[],"failureMessages":[],"fullName":"Critical Path: Vehicle System should simulate weekly vehicle costs","invocations":1,"location":null,"numPassingAsserts":3,"retryReasons":[],"status":"passed","title":"should simulate weekly vehicle costs"},{"ancestorTitles":["Critical Path: Vehicle System"],"duration":0,"failureDetails":[],"failureMessages":[],"fullName":"Critical Path: Vehicle System should support all vehicle types","invocations":1,"location":null,"numPassingAsserts":4,"retryReasons":[],"status":"passed","title":"should support all vehicle types"},{"ancestorTitles":["Critical Path: Checksum Integrity"],"duration":1,"failureDetails":[],"failureMessages":[],"fullName":"Critical Path: Checksum Integrity should produce consistent checksums for same data","invocations":1,"location":null,"numPassingAsserts":1,"retryReasons":[],"status":"passed","title":"should produce consistent checksums for same data"},{"ancestorTitles":["Critical Path: Checksum Integrity"],"duration":0,"failureDetails":[],"failureMessages":[],"fullName":"Critical Path: Checksum Integrity should produce different checksums for different data","invocations":1,"location":null,"numPassingAsserts":1,"retryReasons":[],"status":"passed","title":"should produce different checksums for different data"},{"ancestorTitles":["Critical Path: Checksum Integrity"],"duration":0,"failureDetails":[],"failureMessages":[],"fullName":"Critical Path: Checksum Integrity should detect single-character corruption","invocations":1,"location":null,"numPassingAsserts":1,"retryReasons":[],"status":"passed","title":"should detect single-character corruption"},{"ancestorTitles":["Critical Path: State Version Compatibility"],"duration":1,"failureDetails":[],"failureMessages":[],"fullName":"Critical Path: State Version Compatibility should have a valid state version","invocations":1,"location":null,"numPassingAsserts":2,"retryReasons":[],"status":"passed","title":"should have a valid state version"},{"ancestorTitles":["Critical Path: State Version Compatibility"],"duration":5,"failureDetails":[],"failureMessages":[],"fullName":"Critical Path: State Version Compatibility should include version in save data","invocations":1,"location":null,"numPassingAsserts":1,"retryReasons":[],"status":"passed","title":"should include version in save data"},{"ancestorTitles":["Critical Path: State Version Compatibility"],"duration":1,"failureDetails":[],"failureMessages":[],"fullName":"Critical Path: State Version Compatibility should include version in initial state","invocations":1,"location":null,"numPassingAsserts":1,"retryReasons":[],"status":"passed","title":"should include version in initial state"}],"endTime":1773088389767,"message":"  ● Critical Path: Prestige System › should calculate prestige threshold correctly\n\n    expect(received).toBe(expected) // Object.is equality\n\n    Expected: 100000000\n    Received: 10000000\n\n    \u001b[0m \u001b[90m 360 |\u001b[39m describe(\u001b[32m'Critical Path: Prestige System'\u001b[39m\u001b[33m,\u001b[39m () \u001b[33m=>\u001b[39m {\n     \u001b[90m 361 |\u001b[39m   it(\u001b[32m'should calculate prestige threshold correctly'\u001b[39m\u001b[33m,\u001b[39m () \u001b[33m=>\u001b[39m {\n    \u001b[31m\u001b[1m>\u001b[22m\u001b[39m\u001b[90m 362 |\u001b[39m     expect(getPrestigeThreshold(\u001b[35m0\u001b[39m))\u001b[33m.\u001b[39mtoBe(\u001b[35m100\u001b[39m_000_000)\u001b[33m;\u001b[39m \u001b[90m// $100M\u001b[39m\n     \u001b[90m     |\u001b[39m                                     \u001b[31m\u001b[1m^\u001b[22m\u001b[39m\n     \u001b[90m 363 |\u001b[39m     expect(getPrestigeThreshold(\u001b[35m1\u001b[39m))\u001b[33m.\u001b[39mtoBe(\u001b[35m125\u001b[39m_000_000)\u001b[33m;\u001b[39m \u001b[90m// $125M\u001b[39m\n     \u001b[90m 364 |\u001b[39m     expect(getPrestigeThreshold(\u001b[35m2\u001b[39m))\u001b[33m.\u001b[39mtoBe(\u001b[33mMath\u001b[39m\u001b[33m.\u001b[39mfloor(\u001b[35m100\u001b[39m_000_000 \u001b[33m*\u001b[39m \u001b[35m1.25\u001b[39m \u001b[33m*\u001b[39m \u001b[35m1.25\u001b[39m))\u001b[33m;\u001b[39m\n     \u001b[90m 365 |\u001b[39m   })\u001b[33m;\u001b[39m\u001b[0m\n\n      at Object.<anonymous> (C:\\Users\\IsacC\\Downloads\\DeeplifeSim-main OLD-WORKING(1.8.6)../../../../../DeeplifeSim-main/__tests__/integration/criticalPaths.test.ts:362:37)\n","name":"C:\\Users\\IsacC\\Downloads\\DeeplifeSim-main OLD-WORKING(1.8.6)\\DeeplifeSim-main\\__tests__\\integration\\criticalPaths.test.ts","startTime":1773088389239,"status":"failed","summary":""},{"assertionResults":[{"ancestorTitles":["E2E Game Flow Tests","Basic Game Loop"],"duration":4,"failureDetails":[{"matcherResult":{"actual":53,"expected":58,"message":"expect(received).toBe(expected) // Object.is equality\n\nExpected: 58\nReceived: 53","name":"toBe","pass":false}}],"failureMessages":["Error: expect(received).toBe(expected) // Object.is equality\n\nExpected: 58\nReceived: 53\n    at Object.<anonymous> (C:\\Users\\IsacC\\Downloads\\DeeplifeSim-main OLD-WORKING(1.8.6)\\DeeplifeSim-main\\__tests__\\e2e\\gameFlow.test.ts:182:37)\n    at Promise.then.completed (C:\\Users\\IsacC\\Downloads\\DeeplifeSim-main OLD-WORKING(1.8.6)\\DeeplifeSim-main\\node_modules\\jest-circus\\build\\utils.js:298:28)\n    at new Promise (<anonymous>)\n    at callAsyncCircusFn (C:\\Users\\IsacC\\Downloads\\DeeplifeSim-main OLD-WORKING(1.8.6)\\DeeplifeSim-main\\node_modules\\jest-circus\\build\\utils.js:231:10)\n    at _callCircusTest (C:\\Users\\IsacC\\Downloads\\DeeplifeSim-main OLD-WORKING(1.8.6)\\DeeplifeSim-main\\node_modules\\jest-circus\\build\\run.js:316:40)\n    at _runTest (C:\\Users\\IsacC\\Downloads\\DeeplifeSim-main OLD-WORKING(1.8.6)\\DeeplifeSim-main\\node_modules\\jest-circus\\build\\run.js:252:3)\n    at _runTestsForDescribeBlock (C:\\Users\\IsacC\\Downloads\\DeeplifeSim-main OLD-WORKING(1.8.6)\\DeeplifeSim-main\\node_modules\\jest-circus\\build\\run.js:126:9)\n    at _runTestsForDescribeBlock (C:\\Users\\IsacC\\Downloads\\DeeplifeSim-main OLD-WORKING(1.8.6)\\DeeplifeSim-main\\node_modules\\jest-circus\\build\\run.js:121:9)\n    at _runTestsForDescribeBlock (C:\\Users\\IsacC\\Downloads\\DeeplifeSim-main OLD-WORKING(1.8.6)\\DeeplifeSim-main\\node_modules\\jest-circus\\build\\run.js:121:9)\n    at run (C:\\Users\\IsacC\\Downloads\\DeeplifeSim-main OLD-WORKING(1.8.6)\\DeeplifeSim-main\\node_modules\\jest-circus\\build\\run.js:71:3)\n    at runAndTransformResultsToJestFormat (C:\\Users\\IsacC\\Downloads\\DeeplifeSim-main OLD-WORKING(1.8.6)\\DeeplifeSim-main\\node_modules\\jest-circus\\build\\legacy-code-todo-rewrite\\jestAdapterInit.js:122:21)\n    at jestAdapter (C:\\Users\\IsacC\\Downloads\\DeeplifeSim-main OLD-WORKING(1.8.6)\\DeeplifeSim-main\\node_modules\\jest-circus\\build\\legacy-code-todo-rewrite\\jestAdapter.js:79:19)\n    at runTestInternal (C:\\Users\\IsacC\\Downloads\\DeeplifeSim-main OLD-WORKING(1.8.6)\\DeeplifeSim-main\\node_modules\\jest-runner\\build\\runTest.js:367:16)\n    at runTest (C:\\Users\\IsacC\\Downloads\\DeeplifeSim-main OLD-WORKING(1.8.6)\\DeeplifeSim-main\\node_modules\\jest-runner\\build\\runTest.js:444:34)"],"fullName":"E2E Game Flow Tests Basic Game Loop should complete a basic week cycle","invocations":1,"location":null,"numPassingAsserts":13,"retryReasons":[],"status":"failed","title":"should complete a basic week cycle"},{"ancestorTitles":["E2E Game Flow Tests","Basic Game Loop"],"duration":0,"failureDetails":[],"failureMessages":[],"fullName":"E2E Game Flow Tests Basic Game Loop should handle energy depletion","invocations":1,"location":null,"numPassingAsserts":3,"retryReasons":[],"status":"passed","title":"should handle energy depletion"},{"ancestorTitles":["E2E Game Flow Tests","Basic Game Loop"],"duration":3,"failureDetails":[{"matcherResult":{"message":"expect(received).toHaveLength(expected)\n\nExpected length: 1\nReceived length: 9\nReceived array:  [{\"description\": \"Increases happiness and unlocks music-related activities\", \"id\": \"guitar\", \"name\": \"Guitar\", \"owned\": false, \"price\": 600}, {\"description\": \"Increases fitness and provides transportation benefits\", \"id\": \"bike\", \"name\": \"Bike\", \"owned\": false, \"price\": 450}, {\"description\": \"Unlocks mobile apps and new ways to earn money\", \"id\": \"smartphone\", \"name\": \"Smartphone\", \"owned\": false, \"price\": 900}, {\"description\": \"Unlocks desktop apps like Real Estate, Stocks, Crypto Mining, and more\", \"id\": \"computer\", \"name\": \"Computer\", \"owned\": false, \"price\": 5000}, {\"description\": \"Improves career opportunities and professional appearance\", \"id\": \"suit\", \"name\": \"Business Suit\", \"owned\": false, \"price\": 1200}, {\"dailyBonus\": {\"energy\": 10, \"happiness\": 5}, \"id\": \"basic_bed\", \"name\": \"Basic Bed\", \"owned\": false, \"price\": 1500}, {\"dailyBonus\": {\"fitness\": 2, \"health\": 3}, \"description\": \"Required to access the gym. Train to increase fitness, health, and happiness\", \"id\": \"gym_membership\", \"name\": \"Gym Membership\", \"owned\": false, \"price\": 300}, {\"description\": \"Required for international travel destinations\", \"id\": \"passport\", \"name\": \"Passport\", \"owned\": false, \"price\": 500}, {\"id\": \"laptop\", \"name\": \"Item laptop\", \"owned\": true, \"price\": 500}]","pass":false}}],"failureMessages":["Error: expect(received).toHaveLength(expected)\n\nExpected length: 1\nReceived length: 9\nReceived array:  [{\"description\": \"Increases happiness and unlocks music-related activities\", \"id\": \"guitar\", \"name\": \"Guitar\", \"owned\": false, \"price\": 600}, {\"description\": \"Increases fitness and provides transportation benefits\", \"id\": \"bike\", \"name\": \"Bike\", \"owned\": false, \"price\": 450}, {\"description\": \"Unlocks mobile apps and new ways to earn money\", \"id\": \"smartphone\", \"name\": \"Smartphone\", \"owned\": false, \"price\": 900}, {\"description\": \"Unlocks desktop apps like Real Estate, Stocks, Crypto Mining, and more\", \"id\": \"computer\", \"name\": \"Computer\", \"owned\": false, \"price\": 5000}, {\"description\": \"Improves career opportunities and professional appearance\", \"id\": \"suit\", \"name\": \"Business Suit\", \"owned\": false, \"price\": 1200}, {\"dailyBonus\": {\"energy\": 10, \"happiness\": 5}, \"id\": \"basic_bed\", \"name\": \"Basic Bed\", \"owned\": false, \"price\": 1500}, {\"dailyBonus\": {\"fitness\": 2, \"health\": 3}, \"description\": \"Required to access the gym. Train to increase fitness, health, and happiness\", \"id\": \"gym_membership\", \"name\": \"Gym Membership\", \"owned\": false, \"price\": 300}, {\"description\": \"Required for international travel destinations\", \"id\": \"passport\", \"name\": \"Passport\", \"owned\": false, \"price\": 500}, {\"id\": \"laptop\", \"name\": \"Item laptop\", \"owned\": true, \"price\": 500}]\n    at Object.<anonymous> (C:\\Users\\IsacC\\Downloads\\DeeplifeSim-main OLD-WORKING(1.8.6)\\DeeplifeSim-main\\__tests__\\e2e\\gameFlow.test.ts:217:27)\n    at Promise.then.completed (C:\\Users\\IsacC\\Downloads\\DeeplifeSim-main OLD-WORKING(1.8.6)\\DeeplifeSim-main\\node_modules\\jest-circus\\build\\utils.js:298:28)\n    at new Promise (<anonymous>)\n    at callAsyncCircusFn (C:\\Users\\IsacC\\Downloads\\DeeplifeSim-main OLD-WORKING(1.8.6)\\DeeplifeSim-main\\node_modules\\jest-circus\\build\\utils.js:231:10)\n    at _callCircusTest (C:\\Users\\IsacC\\Downloads\\DeeplifeSim-main OLD-WORKING(1.8.6)\\DeeplifeSim-main\\node_modules\\jest-circus\\build\\run.js:316:40)\n    at _runTest (C:\\Users\\IsacC\\Downloads\\DeeplifeSim-main OLD-WORKING(1.8.6)\\DeeplifeSim-main\\node_modules\\jest-circus\\build\\run.js:252:3)\n    at _runTestsForDescribeBlock (C:\\Users\\IsacC\\Downloads\\DeeplifeSim-main OLD-WORKING(1.8.6)\\DeeplifeSim-main\\node_modules\\jest-circus\\build\\run.js:126:9)\n    at _runTestsForDescribeBlock (C:\\Users\\IsacC\\Downloads\\DeeplifeSim-main OLD-WORKING(1.8.6)\\DeeplifeSim-main\\node_modules\\jest-circus\\build\\run.js:121:9)\n    at _runTestsForDescribeBlock (C:\\Users\\IsacC\\Downloads\\DeeplifeSim-main OLD-WORKING(1.8.6)\\DeeplifeSim-main\\node_modules\\jest-circus\\build\\run.js:121:9)\n    at run (C:\\Users\\IsacC\\Downloads\\DeeplifeSim-main OLD-WORKING(1.8.6)\\DeeplifeSim-main\\node_modules\\jest-circus\\build\\run.js:71:3)\n    at runAndTransformResultsToJestFormat (C:\\Users\\IsacC\\Downloads\\DeeplifeSim-main OLD-WORKING(1.8.6)\\DeeplifeSim-main\\node_modules\\jest-circus\\build\\legacy-code-todo-rewrite\\jestAdapterInit.js:122:21)\n    at jestAdapter (C:\\Users\\IsacC\\Downloads\\DeeplifeSim-main OLD-WORKING(1.8.6)\\DeeplifeSim-main\\node_modules\\jest-circus\\build\\legacy-code-todo-rewrite\\jestAdapter.js:79:19)\n    at runTestInternal (C:\\Users\\IsacC\\Downloads\\DeeplifeSim-main OLD-WORKING(1.8.6)\\DeeplifeSim-main\\node_modules\\jest-runner\\build\\runTest.js:367:16)\n    at runTest (C:\\Users\\IsacC\\Downloads\\DeeplifeSim-main OLD-WORKING(1.8.6)\\DeeplifeSim-main\\node_modules\\jest-runner\\build\\runTest.js:444:34)"],"fullName":"E2E Game Flow Tests Basic Game Loop should handle money management","invocations":1,"location":null,"numPassingAsserts":2,"retryReasons":[],"status":"failed","title":"should handle money management"},{"ancestorTitles":["E2E Game Flow Tests","Career Progression"],"duration":2,"failureDetails":[{"matcherResult":{"actual":500,"expected":800,"message":"expect(received).toBe(expected) // Object.is equality\n\nExpected: 800\nReceived: 500","name":"toBe","pass":false}}],"failureMessages":["Error: expect(received).toBe(expected) // Object.is equality\n\nExpected: 800\nReceived: 500\n    at Object.<anonymous> (C:\\Users\\IsacC\\Downloads\\DeeplifeSim-main OLD-WORKING(1.8.6)\\DeeplifeSim-main\\__tests__\\e2e\\gameFlow.test.ts:265:32)\n    at Promise.then.completed (C:\\Users\\IsacC\\Downloads\\DeeplifeSim-main OLD-WORKING(1.8.6)\\DeeplifeSim-main\\node_modules\\jest-circus\\build\\utils.js:298:28)\n    at new Promise (<anonymous>)\n    at callAsyncCircusFn (C:\\Users\\IsacC\\Downloads\\DeeplifeSim-main OLD-WORKING(1.8.6)\\DeeplifeSim-main\\node_modules\\jest-circus\\build\\utils.js:231:10)\n    at _callCircusTest (C:\\Users\\IsacC\\Downloads\\DeeplifeSim-main OLD-WORKING(1.8.6)\\DeeplifeSim-main\\node_modules\\jest-circus\\build\\run.js:316:40)\n    at _runTest (C:\\Users\\IsacC\\Downloads\\DeeplifeSim-main OLD-WORKING(1.8.6)\\DeeplifeSim-main\\node_modules\\jest-circus\\build\\run.js:252:3)\n    at _runTestsForDescribeBlock (C:\\Users\\IsacC\\Downloads\\DeeplifeSim-main OLD-WORKING(1.8.6)\\DeeplifeSim-main\\node_modules\\jest-circus\\build\\run.js:126:9)\n    at _runTestsForDescribeBlock (C:\\Users\\IsacC\\Downloads\\DeeplifeSim-main OLD-WORKING(1.8.6)\\DeeplifeSim-main\\node_modules\\jest-circus\\build\\run.js:121:9)\n    at _runTestsForDescribeBlock (C:\\Users\\IsacC\\Downloads\\DeeplifeSim-main OLD-WORKING(1.8.6)\\DeeplifeSim-main\\node_modules\\jest-circus\\build\\run.js:121:9)\n    at run (C:\\Users\\IsacC\\Downloads\\DeeplifeSim-main OLD-WORKING(1.8.6)\\DeeplifeSim-main\\node_modules\\jest-circus\\build\\run.js:71:3)\n    at runAndTransformResultsToJestFormat (C:\\Users\\IsacC\\Downloads\\DeeplifeSim-main OLD-WORKING(1.8.6)\\DeeplifeSim-main\\node_modules\\jest-circus\\build\\legacy-code-todo-rewrite\\jestAdapterInit.js:122:21)\n    at jestAdapter (C:\\Users\\IsacC\\Downloads\\DeeplifeSim-main OLD-WORKING(1.8.6)\\DeeplifeSim-main\\node_modules\\jest-circus\\build\\legacy-code-todo-rewrite\\jestAdapter.js:79:19)\n    at runTestInternal (C:\\Users\\IsacC\\Downloads\\DeeplifeSim-main OLD-WORKING(1.8.6)\\DeeplifeSim-main\\node_modules\\jest-runner\\build\\runTest.js:367:16)\n    at runTest (C:\\Users\\IsacC\\Downloads\\DeeplifeSim-main OLD-WORKING(1.8.6)\\DeeplifeSim-main\\node_modules\\jest-runner\\build\\runTest.js:444:34)"],"fullName":"E2E Game Flow Tests Career Progression should simulate career progression","invocations":1,"location":null,"numPassingAsserts":4,"retryReasons":[],"status":"failed","title":"should simulate career progression"},{"ancestorTitles":["E2E Game Flow Tests","Stat Management"],"duration":1,"failureDetails":[],"failureMessages":[],"fullName":"E2E Game Flow Tests Stat Management should maintain stat boundaries","invocations":1,"location":null,"numPassingAsserts":4,"retryReasons":[],"status":"passed","title":"should maintain stat boundaries"},{"ancestorTitles":["E2E Game Flow Tests","Stat Management"],"duration":0,"failureDetails":[],"failureMessages":[],"fullName":"E2E Game Flow Tests Stat Management should handle stat regeneration","invocations":1,"location":null,"numPassingAsserts":2,"retryReasons":[],"status":"passed","title":"should handle stat regeneration"},{"ancestorTitles":["E2E Game Flow Tests","Long-term Progression"],"duration":2,"failureDetails":[{"matcherResult":{"message":"expect(received).toHaveLength(expected)\n\nExpected length: 5\nReceived length: 13\nReceived array:  [{\"description\": \"Increases happiness and unlocks music-related activities\", \"id\": \"guitar\", \"name\": \"Guitar\", \"owned\": false, \"price\": 600}, {\"description\": \"Increases fitness and provides transportation benefits\", \"id\": \"bike\", \"name\": \"Bike\", \"owned\": false, \"price\": 450}, {\"description\": \"Unlocks mobile apps and new ways to earn money\", \"id\": \"smartphone\", \"name\": \"Smartphone\", \"owned\": false, \"price\": 900}, {\"description\": \"Unlocks desktop apps like Real Estate, Stocks, Crypto Mining, and more\", \"id\": \"computer\", \"name\": \"Computer\", \"owned\": false, \"price\": 5000}, {\"description\": \"Improves career opportunities and professional appearance\", \"id\": \"suit\", \"name\": \"Business Suit\", \"owned\": false, \"price\": 1200}, {\"dailyBonus\": {\"energy\": 10, \"happiness\": 5}, \"id\": \"basic_bed\", \"name\": \"Basic Bed\", \"owned\": false, \"price\": 1500}, {\"dailyBonus\": {\"fitness\": 2, \"health\": 3}, \"description\": \"Required to access the gym. Train to increase fitness, health, and happiness\", \"id\": \"gym_membership\", \"name\": \"Gym Membership\", \"owned\": false, \"price\": 300}, {\"description\": \"Required for international travel destinations\", \"id\": \"passport\", \"name\": \"Passport\", \"owned\": false, \"price\": 500}, {\"id\": \"item_0\", \"name\": \"Item item_0\", \"owned\": true, \"price\": 100}, {\"id\": \"item_2\", \"name\": \"Item item_2\", \"owned\": true, \"price\": 100}, …]","pass":false}}],"failureMessages":["Error: expect(received).toHaveLength(expected)\n\nExpected length: 5\nReceived length: 13\nReceived array:  [{\"description\": \"Increases happiness and unlocks music-related activities\", \"id\": \"guitar\", \"name\": \"Guitar\", \"owned\": false, \"price\": 600}, {\"description\": \"Increases fitness and provides transportation benefits\", \"id\": \"bike\", \"name\": \"Bike\", \"owned\": false, \"price\": 450}, {\"description\": \"Unlocks mobile apps and new ways to earn money\", \"id\": \"smartphone\", \"name\": \"Smartphone\", \"owned\": false, \"price\": 900}, {\"description\": \"Unlocks desktop apps like Real Estate, Stocks, Crypto Mining, and more\", \"id\": \"computer\", \"name\": \"Computer\", \"owned\": false, \"price\": 5000}, {\"description\": \"Improves career opportunities and professional appearance\", \"id\": \"suit\", \"name\": \"Business Suit\", \"owned\": false, \"price\": 1200}, {\"dailyBonus\": {\"energy\": 10, \"happiness\": 5}, \"id\": \"basic_bed\", \"name\": \"Basic Bed\", \"owned\": false, \"price\": 1500}, {\"dailyBonus\": {\"fitness\": 2, \"health\": 3}, \"description\": \"Required to access the gym. Train to increase fitness, health, and happiness\", \"id\": \"gym_membership\", \"name\": \"Gym Membership\", \"owned\": false, \"price\": 300}, {\"description\": \"Required for international travel destinations\", \"id\": \"passport\", \"name\": \"Passport\", \"owned\": false, \"price\": 500}, {\"id\": \"item_0\", \"name\": \"Item item_0\", \"owned\": true, \"price\": 100}, {\"id\": \"item_2\", \"name\": \"Item item_2\", \"owned\": true, \"price\": 100}, …]\n    at Object.<anonymous> (C:\\Users\\IsacC\\Downloads\\DeeplifeSim-main OLD-WORKING(1.8.6)\\DeeplifeSim-main\\__tests__\\e2e\\gameFlow.test.ts:351:32)\n    at Promise.then.completed (C:\\Users\\IsacC\\Downloads\\DeeplifeSim-main OLD-WORKING(1.8.6)\\DeeplifeSim-main\\node_modules\\jest-circus\\build\\utils.js:298:28)\n    at new Promise (<anonymous>)\n    at callAsyncCircusFn (C:\\Users\\IsacC\\Downloads\\DeeplifeSim-main OLD-WORKING(1.8.6)\\DeeplifeSim-main\\node_modules\\jest-circus\\build\\utils.js:231:10)\n    at _callCircusTest (C:\\Users\\IsacC\\Downloads\\DeeplifeSim-main OLD-WORKING(1.8.6)\\DeeplifeSim-main\\node_modules\\jest-circus\\build\\run.js:316:40)\n    at _runTest (C:\\Users\\IsacC\\Downloads\\DeeplifeSim-main OLD-WORKING(1.8.6)\\DeeplifeSim-main\\node_modules\\jest-circus\\build\\run.js:252:3)\n    at _runTestsForDescribeBlock (C:\\Users\\IsacC\\Downloads\\DeeplifeSim-main OLD-WORKING(1.8.6)\\DeeplifeSim-main\\node_modules\\jest-circus\\build\\run.js:126:9)\n    at _runTestsForDescribeBlock (C:\\Users\\IsacC\\Downloads\\DeeplifeSim-main OLD-WORKING(1.8.6)\\DeeplifeSim-main\\node_modules\\jest-circus\\build\\run.js:121:9)\n    at _runTestsForDescribeBlock (C:\\Users\\IsacC\\Downloads\\DeeplifeSim-main OLD-WORKING(1.8.6)\\DeeplifeSim-main\\node_modules\\jest-circus\\build\\run.js:121:9)\n    at run (C:\\Users\\IsacC\\Downloads\\DeeplifeSim-main OLD-WORKING(1.8.6)\\DeeplifeSim-main\\node_modules\\jest-circus\\build\\run.js:71:3)\n    at runAndTransformResultsToJestFormat (C:\\Users\\IsacC\\Downloads\\DeeplifeSim-main OLD-WORKING(1.8.6)\\DeeplifeSim-main\\node_modules\\jest-circus\\build\\legacy-code-todo-rewrite\\jestAdapterInit.js:122:21)\n    at jestAdapter (C:\\Users\\IsacC\\Downloads\\DeeplifeSim-main OLD-WORKING(1.8.6)\\DeeplifeSim-main\\node_modules\\jest-circus\\build\\legacy-code-todo-rewrite\\jestAdapter.js:79:19)\n    at runTestInternal (C:\\Users\\IsacC\\Downloads\\DeeplifeSim-main OLD-WORKING(1.8.6)\\DeeplifeSim-main\\node_modules\\jest-runner\\build\\runTest.js:367:16)\n    at runTest (C:\\Users\\IsacC\\Downloads\\DeeplifeSim-main OLD-WORKING(1.8.6)\\DeeplifeSim-main\\node_modules\\jest-runner\\build\\runTest.js:444:34)"],"fullName":"E2E Game Flow Tests Long-term Progression should simulate multiple weeks of gameplay","invocations":1,"location":null,"numPassingAsserts":3,"retryReasons":[],"status":"failed","title":"should simulate multiple weeks of gameplay"},{"ancestorTitles":["E2E Game Flow Tests","Long-term Progression"],"duration":1,"failureDetails":[{"matcherResult":{"message":"expect(received).toBeGreaterThan(expected)\n\nExpected: > 30\nReceived:   10","pass":false}}],"failureMessages":["Error: expect(received).toBeGreaterThan(expected)\n\nExpected: > 30\nReceived:   10\n    at Object.<anonymous> (C:\\Users\\IsacC\\Downloads\\DeeplifeSim-main OLD-WORKING(1.8.6)\\DeeplifeSim-main\\__tests__\\e2e\\gameFlow.test.ts:382:42)\n    at Promise.then.completed (C:\\Users\\IsacC\\Downloads\\DeeplifeSim-main OLD-WORKING(1.8.6)\\DeeplifeSim-main\\node_modules\\jest-circus\\build\\utils.js:298:28)\n    at new Promise (<anonymous>)\n    at callAsyncCircusFn (C:\\Users\\IsacC\\Downloads\\DeeplifeSim-main OLD-WORKING(1.8.6)\\DeeplifeSim-main\\node_modules\\jest-circus\\build\\utils.js:231:10)\n    at _callCircusTest (C:\\Users\\IsacC\\Downloads\\DeeplifeSim-main OLD-WORKING(1.8.6)\\DeeplifeSim-main\\node_modules\\jest-circus\\build\\run.js:316:40)\n    at _runTest (C:\\Users\\IsacC\\Downloads\\DeeplifeSim-main OLD-WORKING(1.8.6)\\DeeplifeSim-main\\node_modules\\jest-circus\\build\\run.js:252:3)\n    at _runTestsForDescribeBlock (C:\\Users\\IsacC\\Downloads\\DeeplifeSim-main OLD-WORKING(1.8.6)\\DeeplifeSim-main\\node_modules\\jest-circus\\build\\run.js:126:9)\n    at _runTestsForDescribeBlock (C:\\Users\\IsacC\\Downloads\\DeeplifeSim-main OLD-WORKING(1.8.6)\\DeeplifeSim-main\\node_modules\\jest-circus\\build\\run.js:121:9)\n    at _runTestsForDescribeBlock (C:\\Users\\IsacC\\Downloads\\DeeplifeSim-main OLD-WORKING(1.8.6)\\DeeplifeSim-main\\node_modules\\jest-circus\\build\\run.js:121:9)\n    at run (C:\\Users\\IsacC\\Downloads\\DeeplifeSim-main OLD-WORKING(1.8.6)\\DeeplifeSim-main\\node_modules\\jest-circus\\build\\run.js:71:3)\n    at runAndTransformResultsToJestFormat (C:\\Users\\IsacC\\Downloads\\DeeplifeSim-main OLD-WORKING(1.8.6)\\DeeplifeSim-main\\node_modules\\jest-circus\\build\\legacy-code-todo-rewrite\\jestAdapterInit.js:122:21)\n    at jestAdapter (C:\\Users\\IsacC\\Downloads\\DeeplifeSim-main OLD-WORKING(1.8.6)\\DeeplifeSim-main\\node_modules\\jest-circus\\build\\legacy-code-todo-rewrite\\jestAdapter.js:79:19)\n    at runTestInternal (C:\\Users\\IsacC\\Downloads\\DeeplifeSim-main OLD-WORKING(1.8.6)\\DeeplifeSim-main\\node_modules\\jest-runner\\build\\runTest.js:367:16)\n    at runTest (C:\\Users\\IsacC\\Downloads\\DeeplifeSim-main OLD-WORKING(1.8.6)\\DeeplifeSim-main\\node_modules\\jest-runner\\build\\runTest.js:444:34)"],"fullName":"E2E Game Flow Tests Long-term Progression should handle complex stat interactions","invocations":1,"location":null,"numPassingAsserts":2,"retryReasons":[],"status":"failed","title":"should handle complex stat interactions"},{"ancestorTitles":["E2E Game Flow Tests","Error Handling"],"duration":1,"failureDetails":[],"failureMessages":[],"fullName":"E2E Game Flow Tests Error Handling should handle invalid actions gracefully","invocations":1,"location":null,"numPassingAsserts":2,"retryReasons":[],"status":"passed","title":"should handle invalid actions gracefully"},{"ancestorTitles":["E2E Game Flow Tests","Error Handling"],"duration":1,"failureDetails":[],"failureMessages":[],"fullName":"E2E Game Flow Tests Error Handling should maintain game state consistency","invocations":1,"location":null,"numPassingAsserts":10,"retryReasons":[],"status":"passed","title":"should maintain game state consistency"}],"endTime":1773088389941,"message":"  ● E2E Game Flow Tests › Basic Game Loop › should complete a basic week cycle\n\n    expect(received).toBe(expected) // Object.is equality\n\n    Expected: 58\n    Received: 53\n\n    \u001b[0m \u001b[90m 180 |\u001b[39m\n     \u001b[90m 181 |\u001b[39m       state \u001b[33m=\u001b[39m gameManager\u001b[33m.\u001b[39mgetState()\u001b[33m;\u001b[39m\n    \u001b[31m\u001b[1m>\u001b[22m\u001b[39m\u001b[90m 182 |\u001b[39m       expect(state\u001b[33m.\u001b[39mstats\u001b[33m.\u001b[39mhappiness)\u001b[33m.\u001b[39mtoBe(\u001b[35m58\u001b[39m)\u001b[33m;\u001b[39m\n     \u001b[90m     |\u001b[39m                                     \u001b[31m\u001b[1m^\u001b[22m\u001b[39m\n     \u001b[90m 183 |\u001b[39m       expect(state\u001b[33m.\u001b[39mstats\u001b[33m.\u001b[39menergy)\u001b[33m.\u001b[39mtoBe(\u001b[35m60\u001b[39m)\u001b[33m;\u001b[39m\n     \u001b[90m 184 |\u001b[39m\n     \u001b[90m 185 |\u001b[39m       \u001b[90m// Next week\u001b[39m\u001b[0m\n\n      at Object.<anonymous> (C:\\Users\\IsacC\\Downloads\\DeeplifeSim-main OLD-WORKING(1.8.6)../../../../../DeeplifeSim-main/__tests__/e2e/gameFlow.test.ts:182:37)\n\n  ● E2E Game Flow Tests › Basic Game Loop › should handle money management\n\n    expect(received).toHaveLength(expected)\n\n    Expected length: 1\n    Received length: 9\n    Received array:  [{\"description\": \"Increases happiness and unlocks music-related activities\", \"id\": \"guitar\", \"name\": \"Guitar\", \"owned\": false, \"price\": 600}, {\"description\": \"Increases fitness and provides transportation benefits\", \"id\": \"bike\", \"name\": \"Bike\", \"owned\": false, \"price\": 450}, {\"description\": \"Unlocks mobile apps and new ways to earn money\", \"id\": \"smartphone\", \"name\": \"Smartphone\", \"owned\": false, \"price\": 900}, {\"description\": \"Unlocks desktop apps like Real Estate, Stocks, Crypto Mining, and more\", \"id\": \"computer\", \"name\": \"Computer\", \"owned\": false, \"price\": 5000}, {\"description\": \"Improves career opportunities and professional appearance\", \"id\": \"suit\", \"name\": \"Business Suit\", \"owned\": false, \"price\": 1200}, {\"dailyBonus\": {\"energy\": 10, \"happiness\": 5}, \"id\": \"basic_bed\", \"name\": \"Basic Bed\", \"owned\": false, \"price\": 1500}, {\"dailyBonus\": {\"fitness\": 2, \"health\": 3}, \"description\": \"Required to access the gym. Train to increase fitness, health, and happiness\", \"id\": \"gym_membership\", \"name\": \"Gym Membership\", \"owned\": false, \"price\": 300}, {\"description\": \"Required for international travel destinations\", \"id\": \"passport\", \"name\": \"Passport\", \"owned\": false, \"price\": 500}, {\"id\": \"laptop\", \"name\": \"Item laptop\", \"owned\": true, \"price\": 500}]\n\n    \u001b[0m \u001b[90m 215 |\u001b[39m       \u001b[36mlet\u001b[39m state \u001b[33m=\u001b[39m gameManager\u001b[33m.\u001b[39mgetState()\u001b[33m;\u001b[39m\n     \u001b[90m 216 |\u001b[39m       expect(state\u001b[33m.\u001b[39mstats\u001b[33m.\u001b[39mmoney)\u001b[33m.\u001b[39mtoBe(\u001b[35m500\u001b[39m)\u001b[33m;\u001b[39m\n    \u001b[31m\u001b[1m>\u001b[22m\u001b[39m\u001b[90m 217 |\u001b[39m       expect(state\u001b[33m.\u001b[39mitems)\u001b[33m.\u001b[39mtoHaveLength(\u001b[35m1\u001b[39m)\u001b[33m;\u001b[39m\n     \u001b[90m     |\u001b[39m                           \u001b[31m\u001b[1m^\u001b[22m\u001b[39m\n     \u001b[90m 218 |\u001b[39m       expect(state\u001b[33m.\u001b[39mitems[\u001b[35m0\u001b[39m]\u001b[33m.\u001b[39mid)\u001b[33m.\u001b[39mtoBe(\u001b[32m'laptop'\u001b[39m)\u001b[33m;\u001b[39m\n     \u001b[90m 219 |\u001b[39m\n     \u001b[90m 220 |\u001b[39m       \u001b[90m// Try to buy something too expensive\u001b[39m\u001b[0m\n\n      at Object.<anonymous> (C:\\Users\\IsacC\\Downloads\\DeeplifeSim-main OLD-WORKING(1.8.6)../../../../../DeeplifeSim-main/__tests__/e2e/gameFlow.test.ts:217:27)\n\n  ● E2E Game Flow Tests › Career Progression › should simulate career progression\n\n    expect(received).toBe(expected) // Object.is equality\n\n    Expected: 800\n    Received: 500\n\n    \u001b[0m \u001b[90m 263 |\u001b[39m       \u001b[36mconst\u001b[39m workResult \u001b[33m=\u001b[39m gameManager\u001b[33m.\u001b[39mwork()\u001b[33m;\u001b[39m\n     \u001b[90m 264 |\u001b[39m       expect(workResult\u001b[33m.\u001b[39msuccess)\u001b[33m.\u001b[39mtoBe(\u001b[36mtrue\u001b[39m)\u001b[33m;\u001b[39m\n    \u001b[31m\u001b[1m>\u001b[22m\u001b[39m\u001b[90m 265 |\u001b[39m       expect(workResult\u001b[33m.\u001b[39mmoney)\u001b[33m.\u001b[39mtoBe(\u001b[35m800\u001b[39m)\u001b[33m;\u001b[39m \u001b[90m// Higher salary with job\u001b[39m\n     \u001b[90m     |\u001b[39m                                \u001b[31m\u001b[1m^\u001b[22m\u001b[39m\n     \u001b[90m 266 |\u001b[39m\n     \u001b[90m 267 |\u001b[39m       state \u001b[33m=\u001b[39m gameManager\u001b[33m.\u001b[39mgetState()\u001b[33m;\u001b[39m\n     \u001b[90m 268 |\u001b[39m       expect(state\u001b[33m.\u001b[39mstats\u001b[33m.\u001b[39mmoney)\u001b[33m.\u001b[39mtoBeGreaterThan(\u001b[35m1500\u001b[39m)\u001b[33m;\u001b[39m\u001b[0m\n\n      at Object.<anonymous> (C:\\Users\\IsacC\\Downloads\\DeeplifeSim-main OLD-WORKING(1.8.6)../../../../../DeeplifeSim-main/__tests__/e2e/gameFlow.test.ts:265:32)\n\n  ● E2E Game Flow Tests › Long-term Progression › should simulate multiple weeks of gameplay\n\n    expect(received).toHaveLength(expected)\n\n    Expected length: 5\n    Received length: 13\n    Received array:  [{\"description\": \"Increases happiness and unlocks music-related activities\", \"id\": \"guitar\", \"name\": \"Guitar\", \"owned\": false, \"price\": 600}, {\"description\": \"Increases fitness and provides transportation benefits\", \"id\": \"bike\", \"name\": \"Bike\", \"owned\": false, \"price\": 450}, {\"description\": \"Unlocks mobile apps and new ways to earn money\", \"id\": \"smartphone\", \"name\": \"Smartphone\", \"owned\": false, \"price\": 900}, {\"description\": \"Unlocks desktop apps like Real Estate, Stocks, Crypto Mining, and more\", \"id\": \"computer\", \"name\": \"Computer\", \"owned\": false, \"price\": 5000}, {\"description\": \"Improves career opportunities and professional appearance\", \"id\": \"suit\", \"name\": \"Business Suit\", \"owned\": false, \"price\": 1200}, {\"dailyBonus\": {\"energy\": 10, \"happiness\": 5}, \"id\": \"basic_bed\", \"name\": \"Basic Bed\", \"owned\": false, \"price\": 1500}, {\"dailyBonus\": {\"fitness\": 2, \"health\": 3}, \"description\": \"Required to access the gym. Train to increase fitness, health, and happiness\", \"id\": \"gym_membership\", \"name\": \"Gym Membership\", \"owned\": false, \"price\": 300}, {\"description\": \"Required for international travel destinations\", \"id\": \"passport\", \"name\": \"Passport\", \"owned\": false, \"price\": 500}, {\"id\": \"item_0\", \"name\": \"Item item_0\", \"owned\": true, \"price\": 100}, {\"id\": \"item_2\", \"name\": \"Item item_2\", \"owned\": true, \"price\": 100}, …]\n\n    \u001b[0m \u001b[90m 349 |\u001b[39m       expect(finalState\u001b[33m.\u001b[39mstats\u001b[33m.\u001b[39mmoney)\u001b[33m.\u001b[39mtoBeGreaterThan(initialMoney)\u001b[33m;\u001b[39m\n     \u001b[90m 350 |\u001b[39m       expect(finalState\u001b[33m.\u001b[39mstats\u001b[33m.\u001b[39mfitness)\u001b[33m.\u001b[39mtoBeGreaterThan(\u001b[35m30\u001b[39m)\u001b[33m;\u001b[39m \u001b[90m// Should have increased\u001b[39m\n    \u001b[31m\u001b[1m>\u001b[22m\u001b[39m\u001b[90m 351 |\u001b[39m       expect(finalState\u001b[33m.\u001b[39mitems)\u001b[33m.\u001b[39mtoHaveLength(\u001b[35m5\u001b[39m)\u001b[33m;\u001b[39m \u001b[90m// Should have bought 5 items\u001b[39m\n     \u001b[90m     |\u001b[39m                                \u001b[31m\u001b[1m^\u001b[22m\u001b[39m\n     \u001b[90m 352 |\u001b[39m     })\u001b[33m;\u001b[39m\n     \u001b[90m 353 |\u001b[39m\n     \u001b[90m 354 |\u001b[39m     it(\u001b[32m'should handle complex stat interactions'\u001b[39m\u001b[33m,\u001b[39m () \u001b[33m=>\u001b[39m {\u001b[0m\n\n      at Object.<anonymous> (C:\\Users\\IsacC\\Downloads\\DeeplifeSim-main OLD-WORKING(1.8.6)../../../../../DeeplifeSim-main/__tests__/e2e/gameFlow.test.ts:351:32)\n\n  ● E2E Game Flow Tests › Long-term Progression › should handle complex stat interactions\n\n    expect(received).toBeGreaterThan(expected)\n\n    Expected: > 30\n    Received:   10\n\n    \u001b[0m \u001b[90m 380 |\u001b[39m       \n     \u001b[90m 381 |\u001b[39m       \u001b[90m// Should have maintained reasonable happiness\u001b[39m\n    \u001b[31m\u001b[1m>\u001b[22m\u001b[39m\u001b[90m 382 |\u001b[39m       expect(finalState\u001b[33m.\u001b[39mstats\u001b[33m.\u001b[39mhappiness)\u001b[33m.\u001b[39mtoBeGreaterThan(\u001b[35m30\u001b[39m)\u001b[33m;\u001b[39m\n     \u001b[90m     |\u001b[39m                                          \u001b[31m\u001b[1m^\u001b[22m\u001b[39m\n     \u001b[90m 383 |\u001b[39m       \n     \u001b[90m 384 |\u001b[39m       \u001b[90m// Should have maintained reasonable health\u001b[39m\n     \u001b[90m 385 |\u001b[39m       expect(finalState\u001b[33m.\u001b[39mstats\u001b[33m.\u001b[39mhealth)\u001b[33m.\u001b[39mtoBeGreaterThan(\u001b[35m30\u001b[39m)\u001b[33m;\u001b[39m\u001b[0m\n\n      at Object.<anonymous> (C:\\Users\\IsacC\\Downloads\\DeeplifeSim-main OLD-WORKING(1.8.6)../../../../../DeeplifeSim-main/__tests__/e2e/gameFlow.test.ts:382:42)\n","name":"C:\\Users\\IsacC\\Downloads\\DeeplifeSim-main OLD-WORKING(1.8.6)\\DeeplifeSim-main\\__tests__\\e2e\\gameFlow.test.ts","startTime":1773088389780,"status":"failed","summary":""},{"assertionResults":[{"ancestorTitles":["seasonal events","getCurrentSeason"],"duration":4,"failureDetails":[{"matcherResult":{"actual":"winter","expected":"spring","message":"expect(received).toBe(expected) // Object.is equality\n\nExpected: \"spring\"\nReceived: \"winter\"","name":"toBe","pass":false}}],"failureMessages":["Error: expect(received).toBe(expected) // Object.is equality\n\nExpected: \"spring\"\nReceived: \"winter\"\n    at Object.<anonymous> (C:\\Users\\IsacC\\Downloads\\DeeplifeSim-main OLD-WORKING(1.8.6)\\DeeplifeSim-main\\__tests__\\lib\\events\\seasonal.test.ts:25:59)\n    at Promise.then.completed (C:\\Users\\IsacC\\Downloads\\DeeplifeSim-main OLD-WORKING(1.8.6)\\DeeplifeSim-main\\node_modules\\jest-circus\\build\\utils.js:298:28)\n    at new Promise (<anonymous>)\n    at callAsyncCircusFn (C:\\Users\\IsacC\\Downloads\\DeeplifeSim-main OLD-WORKING(1.8.6)\\DeeplifeSim-main\\node_modules\\jest-circus\\build\\utils.js:231:10)\n    at _callCircusTest (C:\\Users\\IsacC\\Downloads\\DeeplifeSim-main OLD-WORKING(1.8.6)\\DeeplifeSim-main\\node_modules\\jest-circus\\build\\run.js:316:40)\n    at _runTest (C:\\Users\\IsacC\\Downloads\\DeeplifeSim-main OLD-WORKING(1.8.6)\\DeeplifeSim-main\\node_modules\\jest-circus\\build\\run.js:252:3)\n    at _runTestsForDescribeBlock (C:\\Users\\IsacC\\Downloads\\DeeplifeSim-main OLD-WORKING(1.8.6)\\DeeplifeSim-main\\node_modules\\jest-circus\\build\\run.js:126:9)\n    at _runTestsForDescribeBlock (C:\\Users\\IsacC\\Downloads\\DeeplifeSim-main OLD-WORKING(1.8.6)\\DeeplifeSim-main\\node_modules\\jest-circus\\build\\run.js:121:9)\n    at _runTestsForDescribeBlock (C:\\Users\\IsacC\\Downloads\\DeeplifeSim-main OLD-WORKING(1.8.6)\\DeeplifeSim-main\\node_modules\\jest-circus\\build\\run.js:121:9)\n    at run (C:\\Users\\IsacC\\Downloads\\DeeplifeSim-main OLD-WORKING(1.8.6)\\DeeplifeSim-main\\node_modules\\jest-circus\\build\\run.js:71:3)\n    at runAndTransformResultsToJestFormat (C:\\Users\\IsacC\\Downloads\\DeeplifeSim-main OLD-WORKING(1.8.6)\\DeeplifeSim-main\\node_modules\\jest-circus\\build\\legacy-code-todo-rewrite\\jestAdapterInit.js:122:21)\n    at jestAdapter (C:\\Users\\IsacC\\Downloads\\DeeplifeSim-main OLD-WORKING(1.8.6)\\DeeplifeSim-main\\node_modules\\jest-circus\\build\\legacy-code-todo-rewrite\\jestAdapter.js:79:19)\n    at runTestInternal (C:\\Users\\IsacC\\Downloads\\DeeplifeSim-main OLD-WORKING(1.8.6)\\DeeplifeSim-main\\node_modules\\jest-runner\\build\\runTest.js:367:16)\n    at runTest (C:\\Users\\IsacC\\Downloads\\DeeplifeSim-main OLD-WORKING(1.8.6)\\DeeplifeSim-main\\node_modules\\jest-runner\\build\\runTest.js:444:34)"],"fullName":"seasonal events getCurrentSeason should return correct season for each month","invocations":1,"location":null,"numPassingAsserts":0,"retryReasons":[],"status":"failed","title":"should return correct season for each month"},{"ancestorTitles":["seasonal events","getCurrentHoliday"],"duration":2,"failureDetails":[{"matcherResult":{"actual":"newYear","expected":"valentines","message":"expect(received).toBe(expected) // Object.is equality\n\nExpected: \"valentines\"\nReceived: \"newYear\"","name":"toBe","pass":false}}],"failureMessages":["Error: expect(received).toBe(expected) // Object.is equality\n\nExpected: \"valentines\"\nReceived: \"newYear\"\n    at Object.<anonymous> (C:\\Users\\IsacC\\Downloads\\DeeplifeSim-main OLD-WORKING(1.8.6)\\DeeplifeSim-main\\__tests__\\lib\\events\\seasonal.test.ts:35:60)\n    at Promise.then.completed (C:\\Users\\IsacC\\Downloads\\DeeplifeSim-main OLD-WORKING(1.8.6)\\DeeplifeSim-main\\node_modules\\jest-circus\\build\\utils.js:298:28)\n    at new Promise (<anonymous>)\n    at callAsyncCircusFn (C:\\Users\\IsacC\\Downloads\\DeeplifeSim-main OLD-WORKING(1.8.6)\\DeeplifeSim-main\\node_modules\\jest-circus\\build\\utils.js:231:10)\n    at _callCircusTest (C:\\Users\\IsacC\\Downloads\\DeeplifeSim-main OLD-WORKING(1.8.6)\\DeeplifeSim-main\\node_modules\\jest-circus\\build\\run.js:316:40)\n    at _runTest (C:\\Users\\IsacC\\Downloads\\DeeplifeSim-main OLD-WORKING(1.8.6)\\DeeplifeSim-main\\node_modules\\jest-circus\\build\\run.js:252:3)\n    at _runTestsForDescribeBlock (C:\\Users\\IsacC\\Downloads\\DeeplifeSim-main OLD-WORKING(1.8.6)\\DeeplifeSim-main\\node_modules\\jest-circus\\build\\run.js:126:9)\n    at _runTestsForDescribeBlock (C:\\Users\\IsacC\\Downloads\\DeeplifeSim-main OLD-WORKING(1.8.6)\\DeeplifeSim-main\\node_modules\\jest-circus\\build\\run.js:121:9)\n    at _runTestsForDescribeBlock (C:\\Users\\IsacC\\Downloads\\DeeplifeSim-main OLD-WORKING(1.8.6)\\DeeplifeSim-main\\node_modules\\jest-circus\\build\\run.js:121:9)\n    at run (C:\\Users\\IsacC\\Downloads\\DeeplifeSim-main OLD-WORKING(1.8.6)\\DeeplifeSim-main\\node_modules\\jest-circus\\build\\run.js:71:3)\n    at runAndTransformResultsToJestFormat (C:\\Users\\IsacC\\Downloads\\DeeplifeSim-main OLD-WORKING(1.8.6)\\DeeplifeSim-main\\node_modules\\jest-circus\\build\\legacy-code-todo-rewrite\\jestAdapterInit.js:122:21)\n    at jestAdapter (C:\\Users\\IsacC\\Downloads\\DeeplifeSim-main OLD-WORKING(1.8.6)\\DeeplifeSim-main\\node_modules\\jest-circus\\build\\legacy-code-todo-rewrite\\jestAdapter.js:79:19)\n    at runTestInternal (C:\\Users\\IsacC\\Downloads\\DeeplifeSim-main OLD-WORKING(1.8.6)\\DeeplifeSim-main\\node_modules\\jest-runner\\build\\runTest.js:367:16)\n    at runTest (C:\\Users\\IsacC\\Downloads\\DeeplifeSim-main OLD-WORKING(1.8.6)\\DeeplifeSim-main\\node_modules\\jest-runner\\build\\runTest.js:444:34)"],"fullName":"seasonal events getCurrentHoliday should return correct holiday for specific dates","invocations":1,"location":null,"numPassingAsserts":1,"retryReasons":[],"status":"failed","title":"should return correct holiday for specific dates"},{"ancestorTitles":["seasonal events","getCurrentHoliday"],"duration":1,"failureDetails":[{"matcherResult":{"message":"expect(received).toBeNull()\n\nReceived: \"newYear\"","pass":false}}],"failureMessages":["Error: expect(received).toBeNull()\n\nReceived: \"newYear\"\n    at Object.<anonymous> (C:\\Users\\IsacC\\Downloads\\DeeplifeSim-main OLD-WORKING(1.8.6)\\DeeplifeSim-main\\__tests__\\lib\\events\\seasonal.test.ts:41:60)\n    at Promise.then.completed (C:\\Users\\IsacC\\Downloads\\DeeplifeSim-main OLD-WORKING(1.8.6)\\DeeplifeSim-main\\node_modules\\jest-circus\\build\\utils.js:298:28)\n    at new Promise (<anonymous>)\n    at callAsyncCircusFn (C:\\Users\\IsacC\\Downloads\\DeeplifeSim-main OLD-WORKING(1.8.6)\\DeeplifeSim-main\\node_modules\\jest-circus\\build\\utils.js:231:10)\n    at _callCircusTest (C:\\Users\\IsacC\\Downloads\\DeeplifeSim-main OLD-WORKING(1.8.6)\\DeeplifeSim-main\\node_modules\\jest-circus\\build\\run.js:316:40)\n    at _runTest (C:\\Users\\IsacC\\Downloads\\DeeplifeSim-main OLD-WORKING(1.8.6)\\DeeplifeSim-main\\node_modules\\jest-circus\\build\\run.js:252:3)\n    at _runTestsForDescribeBlock (C:\\Users\\IsacC\\Downloads\\DeeplifeSim-main OLD-WORKING(1.8.6)\\DeeplifeSim-main\\node_modules\\jest-circus\\build\\run.js:126:9)\n    at _runTestsForDescribeBlock (C:\\Users\\IsacC\\Downloads\\DeeplifeSim-main OLD-WORKING(1.8.6)\\DeeplifeSim-main\\node_modules\\jest-circus\\build\\run.js:121:9)\n    at _runTestsForDescribeBlock (C:\\Users\\IsacC\\Downloads\\DeeplifeSim-main OLD-WORKING(1.8.6)\\DeeplifeSim-main\\node_modules\\jest-circus\\build\\run.js:121:9)\n    at run (C:\\Users\\IsacC\\Downloads\\DeeplifeSim-main OLD-WORKING(1.8.6)\\DeeplifeSim-main\\node_modules\\jest-circus\\build\\run.js:71:3)\n    at runAndTransformResultsToJestFormat (C:\\Users\\IsacC\\Downloads\\DeeplifeSim-main OLD-WORKING(1.8.6)\\DeeplifeSim-main\\node_modules\\jest-circus\\build\\legacy-code-todo-rewrite\\jestAdapterInit.js:122:21)\n    at jestAdapter (C:\\Users\\IsacC\\Downloads\\DeeplifeSim-main OLD-WORKING(1.8.6)\\DeeplifeSim-main\\node_modules\\jest-circus\\build\\legacy-code-todo-rewrite\\jestAdapter.js:79:19)\n    at runTestInternal (C:\\Users\\IsacC\\Downloads\\DeeplifeSim-main OLD-WORKING(1.8.6)\\DeeplifeSim-main\\node_modules\\jest-runner\\build\\runTest.js:367:16)\n    at runTest (C:\\Users\\IsacC\\Downloads\\DeeplifeSim-main OLD-WORKING(1.8.6)\\DeeplifeSim-main\\node_modules\\jest-runner\\build\\runTest.js:444:34)"],"fullName":"seasonal events getCurrentHoliday should return null for non-holiday dates","invocations":1,"location":null,"numPassingAsserts":0,"retryReasons":[],"status":"failed","title":"should return null for non-holiday dates"},{"ancestorTitles":["seasonal events","isSeasonalEventActive"],"duration":0,"failureDetails":[],"failureMessages":[],"fullName":"seasonal events isSeasonalEventActive should correctly identify active events","invocations":1,"location":null,"numPassingAsserts":1,"retryReasons":[],"status":"passed","title":"should correctly identify active events"},{"ancestorTitles":["seasonal events","isSeasonalEventActive"],"duration":1,"failureDetails":[],"failureMessages":[],"fullName":"seasonal events isSeasonalEventActive should correctly identify inactive events","invocations":1,"location":null,"numPassingAsserts":1,"retryReasons":[],"status":"passed","title":"should correctly identify inactive events"},{"ancestorTitles":["seasonal events","getActiveSeasonalEvents"],"duration":1,"failureDetails":[{"matcherResult":{"actual":false,"expected":true,"message":"expect(received).toBe(expected) // Object.is equality\n\nExpected: true\nReceived: false","name":"toBe","pass":false}}],"failureMessages":["Error: expect(received).toBe(expected) // Object.is equality\n\nExpected: true\nReceived: false\n    at Object.<anonymous> (C:\\Users\\IsacC\\Downloads\\DeeplifeSim-main OLD-WORKING(1.8.6)\\DeeplifeSim-main\\__tests__\\lib\\events\\seasonal.test.ts:69:60)\n    at Promise.then.completed (C:\\Users\\IsacC\\Downloads\\DeeplifeSim-main OLD-WORKING(1.8.6)\\DeeplifeSim-main\\node_modules\\jest-circus\\build\\utils.js:298:28)\n    at new Promise (<anonymous>)\n    at callAsyncCircusFn (C:\\Users\\IsacC\\Downloads\\DeeplifeSim-main OLD-WORKING(1.8.6)\\DeeplifeSim-main\\node_modules\\jest-circus\\build\\utils.js:231:10)\n    at _callCircusTest (C:\\Users\\IsacC\\Downloads\\DeeplifeSim-main OLD-WORKING(1.8.6)\\DeeplifeSim-main\\node_modules\\jest-circus\\build\\run.js:316:40)\n    at _runTest (C:\\Users\\IsacC\\Downloads\\DeeplifeSim-main OLD-WORKING(1.8.6)\\DeeplifeSim-main\\node_modules\\jest-circus\\build\\run.js:252:3)\n    at _runTestsForDescribeBlock (C:\\Users\\IsacC\\Downloads\\DeeplifeSim-main OLD-WORKING(1.8.6)\\DeeplifeSim-main\\node_modules\\jest-circus\\build\\run.js:126:9)\n    at _runTestsForDescribeBlock (C:\\Users\\IsacC\\Downloads\\DeeplifeSim-main OLD-WORKING(1.8.6)\\DeeplifeSim-main\\node_modules\\jest-circus\\build\\run.js:121:9)\n    at _runTestsForDescribeBlock (C:\\Users\\IsacC\\Downloads\\DeeplifeSim-main OLD-WORKING(1.8.6)\\DeeplifeSim-main\\node_modules\\jest-circus\\build\\run.js:121:9)\n    at run (C:\\Users\\IsacC\\Downloads\\DeeplifeSim-main OLD-WORKING(1.8.6)\\DeeplifeSim-main\\node_modules\\jest-circus\\build\\run.js:71:3)\n    at runAndTransformResultsToJestFormat (C:\\Users\\IsacC\\Downloads\\DeeplifeSim-main OLD-WORKING(1.8.6)\\DeeplifeSim-main\\node_modules\\jest-circus\\build\\legacy-code-todo-rewrite\\jestAdapterInit.js:122:21)\n    at jestAdapter (C:\\Users\\IsacC\\Downloads\\DeeplifeSim-main OLD-WORKING(1.8.6)\\DeeplifeSim-main\\node_modules\\jest-circus\\build\\legacy-code-todo-rewrite\\jestAdapter.js:79:19)\n    at runTestInternal (C:\\Users\\IsacC\\Downloads\\DeeplifeSim-main OLD-WORKING(1.8.6)\\DeeplifeSim-main\\node_modules\\jest-runner\\build\\runTest.js:367:16)\n    at runTest (C:\\Users\\IsacC\\Downloads\\DeeplifeSim-main OLD-WORKING(1.8.6)\\DeeplifeSim-main\\node_modules\\jest-runner\\build\\runTest.js:444:34)"],"fullName":"seasonal events getActiveSeasonalEvents should return active events for current date","invocations":1,"location":null,"numPassingAsserts":1,"retryReasons":[],"status":"failed","title":"should return active events for current date"},{"ancestorTitles":["seasonal events","getSeasonalEventById"],"duration":1,"failureDetails":[],"failureMessages":[],"fullName":"seasonal events getSeasonalEventById should return event by ID","invocations":1,"location":null,"numPassingAsserts":2,"retryReasons":[],"status":"passed","title":"should return event by ID"},{"ancestorTitles":["seasonal events","getSeasonalEventById"],"duration":1,"failureDetails":[],"failureMessages":[],"fullName":"seasonal events getSeasonalEventById should return undefined for invalid ID","invocations":1,"location":null,"numPassingAsserts":1,"retryReasons":[],"status":"passed","title":"should return undefined for invalid ID"}],"endTime":1773088390166,"message":"  ● seasonal events › getCurrentSeason › should return correct season for each month\n\n    expect(received).toBe(expected) // Object.is equality\n\n    Expected: \"spring\"\n    Received: \"winter\"\n\n    \u001b[0m \u001b[90m 23 |\u001b[39m   describe(\u001b[32m'getCurrentSeason'\u001b[39m\u001b[33m,\u001b[39m () \u001b[33m=>\u001b[39m {\n     \u001b[90m 24 |\u001b[39m     it(\u001b[32m'should return correct season for each month'\u001b[39m\u001b[33m,\u001b[39m () \u001b[33m=>\u001b[39m {\n    \u001b[31m\u001b[1m>\u001b[22m\u001b[39m\u001b[90m 25 |\u001b[39m       expect(getCurrentSeason(createMockGameState(\u001b[35m3\u001b[39m\u001b[33m,\u001b[39m \u001b[35m1\u001b[39m)))\u001b[33m.\u001b[39mtoBe(\u001b[32m'spring'\u001b[39m)\u001b[33m;\u001b[39m\n     \u001b[90m    |\u001b[39m                                                           \u001b[31m\u001b[1m^\u001b[22m\u001b[39m\n     \u001b[90m 26 |\u001b[39m       expect(getCurrentSeason(createMockGameState(\u001b[35m6\u001b[39m\u001b[33m,\u001b[39m \u001b[35m1\u001b[39m)))\u001b[33m.\u001b[39mtoBe(\u001b[32m'summer'\u001b[39m)\u001b[33m;\u001b[39m\n     \u001b[90m 27 |\u001b[39m       expect(getCurrentSeason(createMockGameState(\u001b[35m9\u001b[39m\u001b[33m,\u001b[39m \u001b[35m1\u001b[39m)))\u001b[33m.\u001b[39mtoBe(\u001b[32m'fall'\u001b[39m)\u001b[33m;\u001b[39m\n     \u001b[90m 28 |\u001b[39m       expect(getCurrentSeason(createMockGameState(\u001b[35m12\u001b[39m\u001b[33m,\u001b[39m \u001b[35m1\u001b[39m)))\u001b[33m.\u001b[39mtoBe(\u001b[32m'winter'\u001b[39m)\u001b[33m;\u001b[39m\u001b[0m\n\n      at Object.<anonymous> (C:\\Users\\IsacC\\Downloads\\DeeplifeSim-main OLD-WORKING(1.8.6)../../../../../DeeplifeSim-main/__tests__/lib/events/seasonal.test.ts:25:59)\n\n  ● seasonal events › getCurrentHoliday › should return correct holiday for specific dates\n\n    expect(received).toBe(expected) // Object.is equality\n\n    Expected: \"valentines\"\n    Received: \"newYear\"\n\n    \u001b[0m \u001b[90m 33 |\u001b[39m     it(\u001b[32m'should return correct holiday for specific dates'\u001b[39m\u001b[33m,\u001b[39m () \u001b[33m=>\u001b[39m {\n     \u001b[90m 34 |\u001b[39m       expect(getCurrentHoliday(createMockGameState(\u001b[35m1\u001b[39m\u001b[33m,\u001b[39m \u001b[35m1\u001b[39m)))\u001b[33m.\u001b[39mtoBe(\u001b[32m'newYear'\u001b[39m)\u001b[33m;\u001b[39m\n    \u001b[31m\u001b[1m>\u001b[22m\u001b[39m\u001b[90m 35 |\u001b[39m       expect(getCurrentHoliday(createMockGameState(\u001b[35m2\u001b[39m\u001b[33m,\u001b[39m \u001b[35m2\u001b[39m)))\u001b[33m.\u001b[39mtoBe(\u001b[32m'valentines'\u001b[39m)\u001b[33m;\u001b[39m\n     \u001b[90m    |\u001b[39m                                                            \u001b[31m\u001b[1m^\u001b[22m\u001b[39m\n     \u001b[90m 36 |\u001b[39m       expect(getCurrentHoliday(createMockGameState(\u001b[35m10\u001b[39m\u001b[33m,\u001b[39m \u001b[35m4\u001b[39m)))\u001b[33m.\u001b[39mtoBe(\u001b[32m'halloween'\u001b[39m)\u001b[33m;\u001b[39m\n     \u001b[90m 37 |\u001b[39m       expect(getCurrentHoliday(createMockGameState(\u001b[35m12\u001b[39m\u001b[33m,\u001b[39m \u001b[35m3\u001b[39m)))\u001b[33m.\u001b[39mtoBe(\u001b[32m'christmas'\u001b[39m)\u001b[33m;\u001b[39m\n     \u001b[90m 38 |\u001b[39m     })\u001b[33m;\u001b[39m\u001b[0m\n\n      at Object.<anonymous> (C:\\Users\\IsacC\\Downloads\\DeeplifeSim-main OLD-WORKING(1.8.6)../../../../../DeeplifeSim-main/__tests__/lib/events/seasonal.test.ts:35:60)\n\n  ● seasonal events › getCurrentHoliday › should return null for non-holiday dates\n\n    expect(received).toBeNull()\n\n    Received: \"newYear\"\n\n    \u001b[0m \u001b[90m 39 |\u001b[39m\n     \u001b[90m 40 |\u001b[39m     it(\u001b[32m'should return null for non-holiday dates'\u001b[39m\u001b[33m,\u001b[39m () \u001b[33m=>\u001b[39m {\n    \u001b[31m\u001b[1m>\u001b[22m\u001b[39m\u001b[90m 41 |\u001b[39m       expect(getCurrentHoliday(createMockGameState(\u001b[35m3\u001b[39m\u001b[33m,\u001b[39m \u001b[35m2\u001b[39m)))\u001b[33m.\u001b[39mtoBeNull()\u001b[33m;\u001b[39m\n     \u001b[90m    |\u001b[39m                                                            \u001b[31m\u001b[1m^\u001b[22m\u001b[39m\n     \u001b[90m 42 |\u001b[39m       expect(getCurrentHoliday(createMockGameState(\u001b[35m7\u001b[39m\u001b[33m,\u001b[39m \u001b[35m2\u001b[39m)))\u001b[33m.\u001b[39mtoBeNull()\u001b[33m;\u001b[39m\n     \u001b[90m 43 |\u001b[39m     })\u001b[33m;\u001b[39m\n     \u001b[90m 44 |\u001b[39m   })\u001b[33m;\u001b[39m\u001b[0m\n\n      at Object.<anonymous> (C:\\Users\\IsacC\\Downloads\\DeeplifeSim-main OLD-WORKING(1.8.6)../../../../../DeeplifeSim-main/__tests__/lib/events/seasonal.test.ts:41:60)\n\n  ● seasonal events › getActiveSeasonalEvents › should return active events for current date\n\n    expect(received).toBe(expected) // Object.is equality\n\n    Expected: true\n    Received: false\n\n    \u001b[0m \u001b[90m 67 |\u001b[39m       \u001b[36mconst\u001b[39m activeEvents \u001b[33m=\u001b[39m getActiveSeasonalEvents(gameState)\u001b[33m;\u001b[39m\n     \u001b[90m 68 |\u001b[39m       expect(activeEvents\u001b[33m.\u001b[39mlength)\u001b[33m.\u001b[39mtoBeGreaterThan(\u001b[35m0\u001b[39m)\u001b[33m;\u001b[39m\n    \u001b[31m\u001b[1m>\u001b[22m\u001b[39m\u001b[90m 69 |\u001b[39m       expect(activeEvents\u001b[33m.\u001b[39msome(e \u001b[33m=>\u001b[39m e\u001b[33m.\u001b[39mid \u001b[33m===\u001b[39m \u001b[32m'christmas'\u001b[39m))\u001b[33m.\u001b[39mtoBe(\u001b[36mtrue\u001b[39m)\u001b[33m;\u001b[39m\n     \u001b[90m    |\u001b[39m                                                            \u001b[31m\u001b[1m^\u001b[22m\u001b[39m\n     \u001b[90m 70 |\u001b[39m     })\u001b[33m;\u001b[39m\n     \u001b[90m 71 |\u001b[39m   })\u001b[33m;\u001b[39m\n     \u001b[90m 72 |\u001b[39m\u001b[0m\n\n      at Object.<anonymous> (C:\\Users\\IsacC\\Downloads\\DeeplifeSim-main OLD-WORKING(1.8.6)../../../../../DeeplifeSim-main/__tests__/lib/events/seasonal.test.ts:69:60)\n","name":"C:\\Users\\IsacC\\Downloads\\DeeplifeSim-main OLD-WORKING(1.8.6)\\DeeplifeSim-main\\__tests__\\lib\\events\\seasonal.test.ts","startTime":1773088389950,"status":"failed","summary":""},{"assertionResults":[{"ancestorTitles":["evaluateAchievements"],"duration":4,"failureDetails":[],"failureMessages":[],"fullName":"evaluateAchievements unlocks first million when net worth reaches threshold","invocations":1,"location":null,"numPassingAsserts":1,"retryReasons":[],"status":"passed","title":"unlocks first million when net worth reaches threshold"},{"ancestorTitles":["evaluateAchievements"],"duration":2,"failureDetails":[{"matcherResult":{"actual":false,"expected":true,"message":"expect(received).toBe(expected) // Object.is equality\n\nExpected: true\nReceived: false","name":"toBe","pass":false}}],"failureMessages":["Error: expect(received).toBe(expected) // Object.is equality\n\nExpected: true\nReceived: false\n    at Object.<anonymous> (C:\\Users\\IsacC\\Downloads\\DeeplifeSim-main OLD-WORKING(1.8.6)\\DeeplifeSim-main\\lib\\progress\\__tests__\\achievements.test.ts:49:53)\n    at Promise.then.completed (C:\\Users\\IsacC\\Downloads\\DeeplifeSim-main OLD-WORKING(1.8.6)\\DeeplifeSim-main\\node_modules\\jest-circus\\build\\utils.js:298:28)\n    at new Promise (<anonymous>)\n    at callAsyncCircusFn (C:\\Users\\IsacC\\Downloads\\DeeplifeSim-main OLD-WORKING(1.8.6)\\DeeplifeSim-main\\node_modules\\jest-circus\\build\\utils.js:231:10)\n    at _callCircusTest (C:\\Users\\IsacC\\Downloads\\DeeplifeSim-main OLD-WORKING(1.8.6)\\DeeplifeSim-main\\node_modules\\jest-circus\\build\\run.js:316:40)\n    at _runTest (C:\\Users\\IsacC\\Downloads\\DeeplifeSim-main OLD-WORKING(1.8.6)\\DeeplifeSim-main\\node_modules\\jest-circus\\build\\run.js:252:3)\n    at _runTestsForDescribeBlock (C:\\Users\\IsacC\\Downloads\\DeeplifeSim-main OLD-WORKING(1.8.6)\\DeeplifeSim-main\\node_modules\\jest-circus\\build\\run.js:126:9)\n    at _runTestsForDescribeBlock (C:\\Users\\IsacC\\Downloads\\DeeplifeSim-main OLD-WORKING(1.8.6)\\DeeplifeSim-main\\node_modules\\jest-circus\\build\\run.js:121:9)\n    at run (C:\\Users\\IsacC\\Downloads\\DeeplifeSim-main OLD-WORKING(1.8.6)\\DeeplifeSim-main\\node_modules\\jest-circus\\build\\run.js:71:3)\n    at runAndTransformResultsToJestFormat (C:\\Users\\IsacC\\Downloads\\DeeplifeSim-main OLD-WORKING(1.8.6)\\DeeplifeSim-main\\node_modules\\jest-circus\\build\\legacy-code-todo-rewrite\\jestAdapterInit.js:122:21)\n    at jestAdapter (C:\\Users\\IsacC\\Downloads\\DeeplifeSim-main OLD-WORKING(1.8.6)\\DeeplifeSim-main\\node_modules\\jest-circus\\build\\legacy-code-todo-rewrite\\jestAdapter.js:79:19)\n    at runTestInternal (C:\\Users\\IsacC\\Downloads\\DeeplifeSim-main OLD-WORKING(1.8.6)\\DeeplifeSim-main\\node_modules\\jest-runner\\build\\runTest.js:367:16)\n    at runTest (C:\\Users\\IsacC\\Downloads\\DeeplifeSim-main OLD-WORKING(1.8.6)\\DeeplifeSim-main\\node_modules\\jest-runner\\build\\runTest.js:444:34)"],"fullName":"evaluateAchievements unlocks top health at 100 health","invocations":1,"location":null,"numPassingAsserts":0,"retryReasons":[],"status":"failed","title":"unlocks top health at 100 health"},{"ancestorTitles":["evaluateAchievements"],"duration":2,"failureDetails":[],"failureMessages":[],"fullName":"evaluateAchievements unlocks social star with enough relationships","invocations":1,"location":null,"numPassingAsserts":1,"retryReasons":[],"status":"passed","title":"unlocks social star with enough relationships"},{"ancestorTitles":["evaluateAchievements"],"duration":1,"failureDetails":[],"failureMessages":[],"fullName":"evaluateAchievements does not unlock already achieved milestones","invocations":1,"location":null,"numPassingAsserts":1,"retryReasons":[],"status":"passed","title":"does not unlock already achieved milestones"}],"endTime":1773088390442,"message":"  ● evaluateAchievements › unlocks top health at 100 health\n\n    expect(received).toBe(expected) // Object.is equality\n\n    Expected: true\n    Received: false\n\n    \u001b[0m \u001b[90m 47 |\u001b[39m     \u001b[36mconst\u001b[39m state \u001b[33m=\u001b[39m createState({ stats\u001b[33m:\u001b[39m { \u001b[33m...\u001b[39mbaseStats\u001b[33m,\u001b[39m health\u001b[33m:\u001b[39m \u001b[35m100\u001b[39m } })\u001b[33m;\u001b[39m\n     \u001b[90m 48 |\u001b[39m     \u001b[36mconst\u001b[39m result \u001b[33m=\u001b[39m evaluateAchievements(state)\u001b[33m;\u001b[39m\n    \u001b[31m\u001b[1m>\u001b[22m\u001b[39m\u001b[90m 49 |\u001b[39m     expect(result\u001b[33m.\u001b[39msome(a \u001b[33m=>\u001b[39m a\u001b[33m.\u001b[39mid \u001b[33m===\u001b[39m \u001b[32m'top_health'\u001b[39m))\u001b[33m.\u001b[39mtoBe(\u001b[36mtrue\u001b[39m)\u001b[33m;\u001b[39m\n     \u001b[90m    |\u001b[39m                                                     \u001b[31m\u001b[1m^\u001b[22m\u001b[39m\n     \u001b[90m 50 |\u001b[39m   })\u001b[33m;\u001b[39m\n     \u001b[90m 51 |\u001b[39m\n     \u001b[90m 52 |\u001b[39m   it(\u001b[32m'unlocks social star with enough relationships'\u001b[39m\u001b[33m,\u001b[39m () \u001b[33m=>\u001b[39m {\u001b[0m\n\n      at Object.<anonymous> (C:\\Users\\IsacC\\Downloads\\DeeplifeSim-main OLD-WORKING(1.8.6)../../../../../DeeplifeSim-main/lib/progress/__tests__/achievements.test.ts:49:53)\n","name":"C:\\Users\\IsacC\\Downloads\\DeeplifeSim-main OLD-WORKING(1.8.6)\\DeeplifeSim-main\\lib\\progress\\__tests__\\achievements.test.ts","startTime":1773088390171,"status":"failed","summary":""},{"assertionResults":[{"ancestorTitles":["weekCounters"],"duration":4,"failureDetails":[],"failureMessages":[],"fullName":"weekCounters prefers weeks
[...]
ifeSim-main/__tests__/utils/statUtils.test.ts:1:1)\n","name":"C:\\Users\\IsacC\\Downloads\\DeeplifeSim-main OLD-WORKING(1.8.6)\\DeeplifeSim-main\\__tests__\\utils\\statUtils.test.ts","startTime":1773088407288,"status":"failed","summary":""},{"assertionResults":[],"coverage":{},"endTime":1773088407288,"message":"  ● Test suite failed to run\n\n    \u001b[96m__tests__/utils/saveValidation.test.ts\u001b[0m:\u001b[93m43\u001b[0m:\u001b[93m7\u001b[0m - \u001b[91merror\u001b[0m\u001b[90m TS2739: \u001b[0mType '{ darkMode: false; soundEnabled: true; hapticFeedback: true; notificationsEnabled: false; autoSave: true; maxStats: false; }' is missing the following properties from type 'GameSettings': lifetimePremium, language, weeklySummaryEnabled, showDecimalsInStats\n\n    \u001b[7m43\u001b[0m       settings: {\n    \u001b[7m  \u001b[0m \u001b[91m      ~~~~~~~~\u001b[0m\n\n      \u001b[96mcontexts/game/types.ts\u001b[0m:\u001b[93m982\u001b[0m:\u001b[93m3\u001b[0m\n        \u001b[7m982\u001b[0m   settings: GameSettings;\n        \u001b[7m   \u001b[0m \u001b[96m  ~~~~~~~~\u001b[0m\n        The expected type comes from property 'settings' which is declared here on type 'Partial<GameState>'\n    \u001b[96m__tests__/utils/saveValidation.test.ts\u001b[0m:\u001b[93m122\u001b[0m:\u001b[93m21\u001b[0m - \u001b[91merror\u001b[0m\u001b[90m TS2352: \u001b[0mConversion of type '{ stats: { health: number; happiness: number; energy: number; fitness: number; money: number; reputation: number; gems: number; }; date: { year: number; month: string; week: number; age: number; }; settings: { ...; }; careers: never[]; hobbies: never[]; items: never[]; relationships: never[]; }' to type 'GameState' may be a mistake because neither type sufficiently overlaps with the other. If this was intentional, convert the expression to 'unknown' first.\n      Type '{ stats: { health: number; happiness: number; energy: number; fitness: number; money: number; reputation: number; gems: number; }; date: { year: number; month: string; week: number; age: number; }; settings: { ...; }; careers: never[]; hobbies: never[]; items: never[]; relationships: never[]; }' is missing the following properties from type 'GameState': revivalPack, totalHappiness, weeksLived, day, and 67 more.\n\n    \u001b[7m122\u001b[0m       const state = {\n    \u001b[7m   \u001b[0m \u001b[91m                    ~\u001b[0m\n    \u001b[7m123\u001b[0m         stats: {\n    \u001b[7m   \u001b[0m \u001b[91m~~~~~~~~~~~~~~~~\u001b[0m\n    \u001b[7m...\u001b[0m \n    \u001b[7m149\u001b[0m         relationships: [],\n    \u001b[7m   \u001b[0m \u001b[91m~~~~~~~~~~~~~~~~~~~~~~~~~~\u001b[0m\n    \u001b[7m150\u001b[0m       } as GameState;\n    \u001b[7m   \u001b[0m \u001b[91m~~~~~~~~~~~~~~~~~~~~\u001b[0m\n","name":"C:\\Users\\IsacC\\Downloads\\DeeplifeSim-main OLD-WORKING(1.8.6)\\DeeplifeSim-main\\__tests__\\utils\\saveValidation.test.ts","startTime":1773088407288,"status":"failed","summary":""},{"assertionResults":[],"coverage":{},"endTime":1773088407288,"message":"  ● Test suite failed to run\n\n    \u001b[96m__tests__/utils/rateLimiter.test.ts\u001b[0m:\u001b[93m5\u001b[0m:\u001b[93m8\u001b[0m - \u001b[91merror\u001b[0m\u001b[90m TS6133: \u001b[0m'rateLimiter' is declared but its value is never read.\n\n    \u001b[7m5\u001b[0m import rateLimiter, { checkRateLimit, resetRateLimit, RATE_LIMITS } from '@/utils/rateLimiter';\n    \u001b[7m \u001b[0m \u001b[91m       ~~~~~~~~~~~\u001b[0m\n","name":"C:\\Users\\IsacC\\Downloads\\DeeplifeSim-main OLD-WORKING(1.8.6)\\DeeplifeSim-main\\__tests__\\utils\\rateLimiter.test.ts","startTime":1773088407288,"status":"failed","summary":""},{"assertionResults":[],"coverage":{},"endTime":1773088407288,"message":"  ● Test suite failed to run\n\n    Jest encountered an unexpected token\n\n    Jest failed to parse a file. This happens e.g. when your code or its dependencies use non-standard JavaScript syntax, or when Jest is not configured to support such syntax.\n\n    Out of the box Jest supports Babel, which will be used to transform your files into valid JS based on your Babel configuration.\n\n    By default \"node_modules\" folder is ignored by transformers.\n\n    Here's what you can do:\n     • If you are trying to use ECMAScript Modules, see https://jestjs.io/docs/ecmascript-modules for how to enable it.\n     • If you are trying to use TypeScript, see https://jestjs.io/docs/getting-started#using-typescript\n     • To have some of your \"node_modules\" files transformed, you can specify a custom \"transformIgnorePatterns\" in your config.\n     • If you need a custom transformation specify a \"transform\" option in your config.\n     • If you simply want to mock your non-JS modules (e.g. binary assets) you can stub them out with the \"moduleNameMapper\" config option.\n\n    You'll find more details and examples of these config options in the docs:\n    https://jestjs.io/docs/configuration\n    For information about custom transformations, see:\n    https://jestjs.io/docs/code-transformation\n\n    Details:\n\n    C:\\Users\\IsacC\\Downloads\\DeeplifeSim-main OLD-WORKING(1.8.6)\\DeeplifeSim-main\\node_modules\\react-native\\index.js:27\n    import typeof * as ReactNativePublicAPI from './index.js.flow';\n    ^^^^^^\n\n    SyntaxError: Cannot use import statement outside a module\n\n    \u001b[0m \u001b[90m 61 |\u001b[39m \u001b[90m// Mock React Native components\u001b[39m\n     \u001b[90m 62 |\u001b[39m jest\u001b[33m.\u001b[39mmock(\u001b[32m'react-native'\u001b[39m\u001b[33m,\u001b[39m () \u001b[33m=>\u001b[39m {\n    \u001b[31m\u001b[1m>\u001b[22m\u001b[39m\u001b[90m 63 |\u001b[39m   \u001b[36mconst\u001b[39m \u001b[33mRN\u001b[39m \u001b[33m=\u001b[39m jest\u001b[33m.\u001b[39mrequireActual(\u001b[32m'react-native'\u001b[39m)\u001b[33m;\u001b[39m\n     \u001b[90m    |\u001b[39m                   \u001b[31m\u001b[1m^\u001b[22m\u001b[39m\n     \u001b[90m 64 |\u001b[39m   \u001b[36mreturn\u001b[39m {\n     \u001b[90m 65 |\u001b[39m     \u001b[33m...\u001b[39m\u001b[33mRN\u001b[39m\u001b[33m,\u001b[39m\n     \u001b[90m 66 |\u001b[39m     \u001b[33mAnimated\u001b[39m\u001b[33m:\u001b[39m {\u001b[0m\n\n      at Runtime.createScriptFromCode (C:\\Users\\IsacC\\Downloads\\DeeplifeSim-main OLD-WORKING(1.8.6)../../../../../DeeplifeSim-main/node_modules/jest-runtime/build/index.js:1505:14)\n      at C:\\Users\\IsacC\\Downloads\\DeeplifeSim-main OLD-WORKING(1.8.6)../../../../../DeeplifeSim-main/jest.setup.js:63:19\n      at Object.<anonymous> (C:\\Users\\IsacC\\Downloads\\DeeplifeSim-main OLD-WORKING(1.8.6)../../../../../DeeplifeSim-main/services/RemoteLoggingService.ts:1:1)\n      at Object.<anonymous> (C:\\Users\\IsacC\\Downloads\\DeeplifeSim-main OLD-WORKING(1.8.6)../../../../../DeeplifeSim-main/utils/logger.ts:1:1)\n      at Object.<anonymous> (C:\\Users\\IsacC\\Downloads\\DeeplifeSim-main OLD-WORKING(1.8.6)../../../../../DeeplifeSim-main/utils/errorRecovery.ts:6:1)\n      at Object.<anonymous> (C:\\Users\\IsacC\\Downloads\\DeeplifeSim-main OLD-WORKING(1.8.6)../../../../../DeeplifeSim-main/__tests__/utils/errorRecovery.test.ts:5:1)\n","name":"C:\\Users\\IsacC\\Downloads\\DeeplifeSim-main OLD-WORKING(1.8.6)\\DeeplifeSim-main\\__tests__\\utils\\errorRecovery.test.ts","startTime":1773088407288,"status":"failed","summary":""},{"assertionResults":[],"coverage":{},"endTime":1773088407288,"message":"  ● Test suite failed to run\n\n    Jest encountered an unexpected token\n\n    Jest failed to parse a file. This happens e.g. when your code or its dependencies use non-standard JavaScript syntax, or when Jest is not configured to support such syntax.\n\n    Out of the box Jest supports Babel, which will be used to transform your files into valid JS based on your Babel configuration.\n\n    By default \"node_modules\" folder is ignored by transformers.\n\n    Here's what you can do:\n     • If you are trying to use ECMAScript Modules, see https://jestjs.io/docs/ecmascript-modules for how to enable it.\n     • If you are trying to use TypeScript, see https://jestjs.io/docs/getting-started#using-typescript\n     • To have some of your \"node_modules\" files transformed, you can specify a custom \"transformIgnorePatterns\" in your config.\n     • If you need a custom transformation specify a \"transform\" option in your config.\n     • If you simply want to mock your non-JS modules (e.g. binary assets) you can stub them out with the \"moduleNameMapper\" config option.\n\n    You'll find more details and examples of these config options in the docs:\n    https://jestjs.io/docs/configuration\n    For information about custom transformations, see:\n    https://jestjs.io/docs/code-transformation\n\n    Details:\n\n    C:\\Users\\IsacC\\Downloads\\DeeplifeSim-main OLD-WORKING(1.8.6)\\DeeplifeSim-main\\node_modules\\react-native\\index.js:27\n    import typeof * as ReactNativePublicAPI from './index.js.flow';\n    ^^^^^^\n\n    SyntaxError: Cannot use import statement outside a module\n\n    \u001b[0m \u001b[90m 61 |\u001b[39m \u001b[90m// Mock React Native components\u001b[39m\n     \u001b[90m 62 |\u001b[39m jest\u001b[33m.\u001b[39mmock(\u001b[32m'react-native'\u001b[39m\u001b[33m,\u001b[39m () \u001b[33m=>\u001b[39m {\n    \u001b[31m\u001b[1m>\u001b[22m\u001b[39m\u001b[90m 63 |\u001b[39m   \u001b[36mconst\u001b[39m \u001b[33mRN\u001b[39m \u001b[33m=\u001b[39m jest\u001b[33m.\u001b[39mrequireActual(\u001b[32m'react-native'\u001b[39m)\u001b[33m;\u001b[39m\n     \u001b[90m    |\u001b[39m                   \u001b[31m\u001b[1m^\u001b[22m\u001b[39m\n     \u001b[90m 64 |\u001b[39m   \u001b[36mreturn\u001b[39m {\n     \u001b[90m 65 |\u001b[39m     \u001b[33m...\u001b[39m\u001b[33mRN\u001b[39m\u001b[33m,\u001b[39m\n     \u001b[90m 66 |\u001b[39m     \u001b[33mAnimated\u001b[39m\u001b[33m:\u001b[39m {\u001b[0m\n\n      at Runtime.createScriptFromCode (C:\\Users\\IsacC\\Downloads\\DeeplifeSim-main OLD-WORKING(1.8.6)../../../../../DeeplifeSim-main/node_modules/jest-runtime/build/index.js:1505:14)\n      at C:\\Users\\IsacC\\Downloads\\DeeplifeSim-main OLD-WORKING(1.8.6)../../../../../DeeplifeSim-main/jest.setup.js:63:19\n      at Object.<anonymous> (C:\\Users\\IsacC\\Downloads\\DeeplifeSim-main OLD-WORKING(1.8.6)../../../../../DeeplifeSim-main/__tests__/startup/startup.test.ts:7:1)\n","name":"C:\\Users\\IsacC\\Downloads\\DeeplifeSim-main OLD-WORKING(1.8.6)\\DeeplifeSim-main\\__tests__\\startup\\startup.test.ts","startTime":1773088407288,"status":"failed","summary":""},{"assertionResults":[],"coverage":{},"endTime":1773088407288,"message":"  ● Test suite failed to run\n\n    Jest encountered an unexpected token\n\n    Jest failed to parse a file. This happens e.g. when your code or its dependencies use non-standard JavaScript syntax, or when Jest is not configured to support such syntax.\n\n    Out of the box Jest supports Babel, which will be used to transform your files into valid JS based on your Babel configuration.\n\n    By default \"node_modules\" folder is ignored by transformers.\n\n    Here's what you can do:\n     • If you are trying to use ECMAScript Modules, see https://jestjs.io/docs/ecmascript-modules for how to enable it.\n     • If you are trying to use TypeScript, see https://jestjs.io/docs/getting-started#using-typescript\n     • To have some of your \"node_modules\" files transformed, you can specify a custom \"transformIgnorePatterns\" in your config.\n     • If you need a custom transformation specify a \"transform\" option in your config.\n     • If you simply want to mock your non-JS modules (e.g. binary assets) you can stub them out with the \"moduleNameMapper\" config option.\n\n    You'll find more details and examples of these config options in the docs:\n    https://jestjs.io/docs/configuration\n    For information about custom transformations, see:\n    https://jestjs.io/docs/code-transformation\n\n    Details:\n\n    C:\\Users\\IsacC\\Downloads\\DeeplifeSim-main OLD-WORKING(1.8.6)\\DeeplifeSim-main\\node_modules\\react-native\\index.js:27\n    import typeof * as ReactNativePublicAPI from './index.js.flow';\n    ^^^^^^\n\n    SyntaxError: Cannot use import statement outside a module\n\n    \u001b[0m \u001b[90m 61 |\u001b[39m \u001b[90m// Mock React Native components\u001b[39m\n     \u001b[90m 62 |\u001b[39m jest\u001b[33m.\u001b[39mmock(\u001b[32m'react-native'\u001b[39m\u001b[33m,\u001b[39m () \u001b[33m=>\u001b[39m {\n    \u001b[31m\u001b[1m>\u001b[22m\u001b[39m\u001b[90m 63 |\u001b[39m   \u001b[36mconst\u001b[39m \u001b[33mRN\u001b[39m \u001b[33m=\u001b[39m jest\u001b[33m.\u001b[39mrequireActual(\u001b[32m'react-native'\u001b[39m)\u001b[33m;\u001b[39m\n     \u001b[90m    |\u001b[39m                   \u001b[31m\u001b[1m^\u001b[22m\u001b[39m\n     \u001b[90m 64 |\u001b[39m   \u001b[36mreturn\u001b[39m {\n     \u001b[90m 65 |\u001b[39m     \u001b[33m...\u001b[39m\u001b[33mRN\u001b[39m\u001b[33m,\u001b[39m\n     \u001b[90m 66 |\u001b[39m     \u001b[33mAnimated\u001b[39m\u001b[33m:\u001b[39m {\u001b[0m\n\n      at Runtime.createScriptFromCode (C:\\Users\\IsacC\\Downloads\\DeeplifeSim-main OLD-WORKING(1.8.6)../../../../../DeeplifeSim-main/node_modules/jest-runtime/build/index.js:1505:14)\n      at C:\\Users\\IsacC\\Downloads\\DeeplifeSim-main OLD-WORKING(1.8.6)../../../../../DeeplifeSim-main/jest.setup.js:63:19\n      at Object.<anonymous> (C:\\Users\\IsacC\\Downloads\\DeeplifeSim-main OLD-WORKING(1.8.6)../../../../../DeeplifeSim-main/utils/iosCompatibility.ts:8:1)\n      at Object.<anonymous> (C:\\Users\\IsacC\\Downloads\\DeeplifeSim-main OLD-WORKING(1.8.6)../../../../../DeeplifeSim-main/__tests__/startup/moduleLoading.test.ts:7:1)\n","name":"C:\\Users\\IsacC\\Downloads\\DeeplifeSim-main OLD-WORKING(1.8.6)\\DeeplifeSim-main\\__tests__\\startup\\moduleLoading.test.ts","startTime":1773088407288,"status":"failed","summary":""},{"assertionResults":[],"coverage":{},"endTime":1773088407288,"message":"  ● Test suite failed to run\n\n    \u001b[96m__tests__/startup/errorHandling.test.ts\u001b[0m:\u001b[93m51\u001b[0m:\u001b[93m13\u001b[0m - \u001b[91merror\u001b[0m\u001b[90m TS6133: \u001b[0m'originalHandler' is declared but its value is never read.\n\n    \u001b[7m51\u001b[0m       const originalHandler = (global as any).onunhandledrejection;\n    \u001b[7m  \u001b[0m \u001b[91m            ~~~~~~~~~~~~~~~\u001b[0m\n    \u001b[96m__tests__/startup/errorHandling.test.ts\u001b[0m:\u001b[93m109\u001b[0m:\u001b[93m15\u001b[0m - \u001b[91merror\u001b[0m\u001b[90m TS6133: \u001b[0m'lengthBefore' is declared but its value is never read.\n\n    \u001b[7m109\u001b[0m         const lengthBefore = errorQueue.length;\n    \u001b[7m   \u001b[0m \u001b[91m              ~~~~~~~~~~~~\u001b[0m\n","name":"C:\\Users\\IsacC\\Downloads\\DeeplifeSim-main OLD-WORKING(1.8.6)\\DeeplifeSim-main\\__tests__\\startup\\errorHandling.test.ts","startTime":1773088407288,"status":"failed","summary":""},{"assertionResults":[],"coverage":{},"endTime":1773088407288,"message":"  ● Test suite failed to run\n\n    \u001b[96m__tests__/scenarios/scenarioCrashTest.ts\u001b[0m:\u001b[93m46\u001b[0m:\u001b[93m11\u001b[0m - \u001b[91merror\u001b[0m\u001b[90m TS6133: \u001b[0m'safeGetDifficultyColor' is declared but its value is never read.\n\n    \u001b[7m46\u001b[0m     const safeGetDifficultyColor = typeof getDifficultyColor === 'function'\n    \u001b[7m  \u001b[0m \u001b[91m          ~~~~~~~~~~~~~~~~~~~~~~\u001b[0m\n    \u001b[96m__tests__/scenarios/scenarioCrashTest.ts\u001b[0m:\u001b[93m91\u001b[0m:\u001b[93m44\u001b[0m - \u001b[91merror\u001b[0m\u001b[90m TS2345: \u001b[0mArgument of type '\"easy\" | \"medium\" | \"hard\" | \"expert\" | \"unknown\"' is not assignable to parameter of type '\"easy\" | \"medium\" | \"hard\" | \"expert\"'.\n      Type '\"unknown\"' is not assignable to type '\"easy\" | \"medium\" | \"hard\" | \"expert\"'.\n\n    \u001b[7m91\u001b[0m         difficulty: safeGetDifficultyLabel(difficulty),\n    \u001b[7m  \u001b[0m \u001b[91m                                           ~~~~~~~~~~\u001b[0m\n    \u001b[96m__tests__/scenarios/scenarioCrashTest.ts\u001b[0m:\u001b[93m161\u001b[0m:\u001b[93m7\u001b[0m - \u001b[91merror\u001b[0m\u001b[90m TS2322: \u001b[0mType 'string | boolean' is not assignable to type 'boolean'.\n      Type 'string' is not assignable to type 'boolean'.\n\n    \u001b[7m161\u001b[0m       success: hasAllProperties,\n    \u001b[7m   \u001b[0m \u001b[91m      ~~~~~~~\u001b[0m\n\n      \u001b[96m__tests__/scenarios/scenarioCrashTest.ts\u001b[0m:\u001b[93m18\u001b[0m:\u001b[93m3\u001b[0m\n        \u001b[7m18\u001b[0m   success: boolean;\n        \u001b[7m  \u001b[0m \u001b[96m  ~~~~~~~\u001b[0m\n        The expected type comes from property 'success' which is declared here on type 'TestResult'\n    \u001b[96m__tests__/scenarios/scenarioCrashTest.ts\u001b[0m:\u001b[93m202\u001b[0m:\u001b[93m27\u001b[0m - \u001b[91merror\u001b[0m\u001b[90m TS2339: \u001b[0mProperty 'description' does not exist on type 'never'.\n\n    \u001b[7m202\u001b[0m       ? (winConditions[0].description || 'Complete the challenge')\n    \u001b[7m   \u001b[0m \u001b[91m                          ~~~~~~~~~~~\u001b[0m\n    \u001b[96m__tests__/scenarios/scenarioCrashTest.ts\u001b[0m:\u001b[93m334\u001b[0m:\u001b[93m11\u001b[0m - \u001b[91merror\u001b[0m\u001b[90m TS6133: \u001b[0m'startingConditions' is declared but its value is never read.\n\n    \u001b[7m334\u001b[0m     const startingConditions = (mockScenario.startingConditions && typeof mockScenario.startingConditions === 'object')\n    \u001b[7m   \u001b[0m \u001b[91m          ~~~~~~~~~~~~~~~~~~\u001b[0m\n    \u001b[96m__tests__/scenarios/scenarioCrashTest.ts\u001b[0m:\u001b[93m337\u001b[0m:\u001b[93m11\u001b[0m - \u001b[91merror\u001b[0m\u001b[90m TS6133: \u001b[0m'rewards' is declared but its value is never read.\n\n    \u001b[7m337\u001b[0m     const rewards = (mockScenario.rewards && typeof mockScenario.rewards === 'object')\n    \u001b[7m   \u001b[0m \u001b[91m          ~~~~~~~\u001b[0m\n","name":"C:\\Users\\IsacC\\Downloads\\DeeplifeSim-main OLD-WORKING(1.8.6)\\DeeplifeSim-main\\__tests__\\scenarios\\scenarioCrashTest.ts","startTime":1773088407288,"status":"failed","summary":""},{"assertionResults":[],"coverage":{},"endTime":1773088407288,"message":"  ● Test suite failed to run\n\n    \u001b[96m__tests__/integration/gameFlow.test.tsx\u001b[0m:\u001b[93m2\u001b[0m:\u001b[93m38\u001b[0m - \u001b[91merror\u001b[0m\u001b[90m TS2307: \u001b[0mCannot find module '@testing-library/react-native' or its corresponding type declarations.\n\n    \u001b[7m2\u001b[0m import { render, act, waitFor } from '@testing-library/react-native';\n    \u001b[7m \u001b[0m \u001b[91m                                     ~~~~~~~~~~~~~~~~~~~~~~~~~~~~~~~\u001b[0m\n","name":"C:\\Users\\IsacC\\Downloads\\DeeplifeSim-main OLD-WORKING(1.8.6)\\DeeplifeSim-main\\__tests__\\integration\\gameFlow.test.tsx","startTime":1773088407288,"status":"failed","summary":""},{"assertionResults":[],"coverage":{},"endTime":1773088407288,"message":"  ● Test suite failed to run\n\n    Your test suite must contain at least one test.\n\n      at onResult (C:\\Users\\IsacC\\Downloads\\DeeplifeSim-main OLD-WORKING(1.8.6)../../../../../DeeplifeSim-main/node_modules/@jest/core/build/TestScheduler.js:133:18)\n      at C:\\Users\\IsacC\\Downloads\\DeeplifeSim-main OLD-WORKING(1.8.6)../../../../../DeeplifeSim-main/node_modules/@jest/core/build/TestScheduler.js:254:19\n      at C:\\Users\\IsacC\\Downloads\\DeeplifeSim-main OLD-WORKING(1.8.6)../../../../../DeeplifeSim-main/node_modules/emittery/index.js:363:13\n          at Array.map (<anonymous>)\n      at Emittery.emit (C:\\Users\\IsacC\\Downloads\\DeeplifeSim-main OLD-WORKING(1.8.6)../../../../../DeeplifeSim-main/node_modules/emittery/index.js:361:23)\n","name":"C:\\Users\\IsacC\\Downloads\\DeeplifeSim-main OLD-WORKING(1.8.6)\\DeeplifeSim-main\\__tests__\\helpers\\createTestGameState.ts","startTime":1773088407288,"status":"failed","summary":""}],"wasInterrupted":false}
